{"numFailedTestSuites":16,"numFailedTests":0,"numPassedTestSuites":56,"numPassedTests":230,"numPendingTestSuites":0,"numPendingTests":0,"numRuntimeErrorTestSuites":16,"numTodoTests":0,"numTotalTestSuites":72,"numTotalTests":230,"openHandles":[],"snapshot":{"added":0,"didUpdate":false,"failure":false,"filesAdded":0,"filesRemoved":0,"filesRemovedList":[],"filesUnmatched":0,"filesUpdated":0,"matched":0,"total":0,"unchecked":0,"uncheckedKeysByFile":[],"unmatched":0,"updated":0},"startTime":1775398943481,"success":false,"testResults":[{"assertionResults":[],"coverage":{},"endTime":1775399001720,"message":"  \u001b[1m● \u001b[22mTest suite failed to run\n\n    Cannot find module '../../helpers/testUtils.js' from 'tests/unit/services/VendorStatusService.test.js'\n\n      \u001b[2mat Resolver._throwModNotFoundError (\u001b[22mnode_modules/jest-resolve/build/index.js\u001b[2m:863:11)\u001b[22m\n","name":"D:\\github\\NEXT Project\\travels\\tests\\unit\\services\\VendorStatusService.test.js","startTime":1775399001720,"status":"failed","summary":""},{"assertionResults":[],"coverage":{},"endTime":1775399001720,"message":"  \u001b[1m● \u001b[22mTest suite failed to run\n\n    Cannot find module '../../helpers/testUtils.js' from 'tests/unit/services/NotificationService.test.js'\n\n      \u001b[2mat Resolver._throwModNotFoundError (\u001b[22mnode_modules/jest-resolve/build/index.js\u001b[2m:863:11)\u001b[22m\n","name":"D:\\github\\NEXT Project\\travels\\tests\\unit\\services\\NotificationService.test.js","startTime":1775399001720,"status":"failed","summary":""},{"assertionResults":[],"coverage":{},"endTime":1775399001720,"message":"  \u001b[1m● \u001b[22mTest suite failed to run\n\n    Cannot find module '../../helpers/testUtils.js' from 'tests/unit/controllers/SOSController.test.js'\n\n      \u001b[2mat Resolver._throwModNotFoundError (\u001b[22mnode_modules/jest-resolve/build/index.js\u001b[2m:863:11)\u001b[22m\n","name":"D:\\github\\NEXT Project\\travels\\tests\\unit\\controllers\\SOSController.test.js","startTime":1775399001720,"status":"failed","summary":""},{"assertionResults":[],"coverage":{},"endTime":1775399001720,"message":"  \u001b[1m● \u001b[22mTest suite failed to run\n\n    Cannot find module '../../helpers/testUtils.js' from 'tests/unit/services/AdminService.test.js'\n\n      \u001b[2mat Resolver._throwModNotFoundError (\u001b[22mnode_modules/jest-resolve/build/index.js\u001b[2m:863:11)\u001b[22m\n","name":"D:\\github\\NEXT Project\\travels\\tests\\unit\\services\\AdminService.test.js","startTime":1775399001720,"status":"failed","summary":""},{"assertionResults":[],"coverage":{},"endTime":1775399001720,"message":"  \u001b[1m● \u001b[22mTest suite failed to run\n\n    Cannot find module '../../helpers/testUtils.js' from 'tests/unit/services/PackageService.test.js'\n\n      \u001b[2mat Resolver._throwModNotFoundError (\u001b[22mnode_modules/jest-resolve/build/index.js\u001b[2m:863:11)\u001b[22m\n","name":"D:\\github\\NEXT Project\\travels\\tests\\unit\\services\\PackageService.test.js","startTime":1775399001720,"status":"failed","summary":""},{"assertionResults":[],"coverage":{},"endTime":1775399001720,"message":"  \u001b[1m● \u001b[22mTest suite failed to run\n\n    Cannot find module '../../helpers/testUtils.js' from 'tests/unit/controllers/LocationController.test.js'\n\n      \u001b[2mat Resolver._throwModNotFoundError (\u001b[22mnode_modules/jest-resolve/build/index.js\u001b[2m:863:11)\u001b[22m\n","name":"D:\\github\\NEXT Project\\travels\\tests\\unit\\controllers\\LocationController.test.js","startTime":1775399001720,"status":"failed","summary":""},{"assertionResults":[],"coverage":{},"endTime":1775399001720,"message":"  \u001b[1m● \u001b[22mTest suite failed to run\n\n    Cannot find module '../../helpers/testUtils.js' from 'tests/unit/controllers/InventoryController.test.js'\n\n      \u001b[2mat Resolver._throwModNotFoundError (\u001b[22mnode_modules/jest-resolve/build/index.js\u001b[2m:863:11)\u001b[22m\n","name":"D:\\github\\NEXT Project\\travels\\tests\\unit\\controllers\\InventoryController.test.js","startTime":1775399001720,"status":"failed","summary":""},{"assertionResults":[],"coverage":{},"endTime":1775399001720,"message":"  \u001b[1m● \u001b[22mTest suite failed to run\n\n    Cannot find module '../../helpers/testUtils.js' from 'tests/unit/controllers/PaymentController.test.js'\n\n      \u001b[2mat Resolver._throwModNotFoundError (\u001b[22mnode_modules/jest-resolve/build/index.js\u001b[2m:863:11)\u001b[22m\n","name":"D:\\github\\NEXT Project\\travels\\tests\\unit\\controllers\\PaymentController.test.js","startTime":1775399001720,"status":"failed","summary":""},{"assertionResults":[],"coverage":{},"endTime":1775399001720,"message":"  \u001b[1m● \u001b[22mTest suite failed to run\n\n    Cannot find module '../../helpers/testUtils.js' from 'tests/unit/controllers/ReviewController.test.js'\n\n      \u001b[2mat Resolver._throwModNotFoundError (\u001b[22mnode_modules/jest-resolve/build/index.js\u001b[2m:863:11)\u001b[22m\n","name":"D:\\github\\NEXT Project\\travels\\tests\\unit\\controllers\\ReviewController.test.js","startTime":1775399001720,"status":"failed","summary":""},{"assertionResults":[],"coverage":{},"endTime":1775399001720,"message":"  \u001b[1m● \u001b[22mTest suite failed to run\n\n    Cannot find module '../../helpers/testUtils.js' from 'tests/unit/controllers/UserController.test.js'\n\n      \u001b[2mat Resolver._throwModNotFoundError (\u001b[22mnode_modules/jest-resolve/build/index.js\u001b[2m:863:11)\u001b[22m\n","name":"D:\\github\\NEXT Project\\travels\\tests\\unit\\controllers\\UserController.test.js","startTime":1775399001720,"status":"failed","summary":""},{"assertionResults":[],"coverage":{},"endTime":1775399001720,"message":"  \u001b[1m● \u001b[22mTest suite failed to run\n\n    Cannot find module '../../helpers/testUtils.js' from 'tests/unit/controllers/VendorController.test.js'\n\n      \u001b[2mat Resolver._throwModNotFoundError (\u001b[22mnode_modules/jest-resolve/build/index.js\u001b[2m:863:11)\u001b[22m\n","name":"D:\\github\\NEXT Project\\travels\\tests\\unit\\controllers\\VendorController.test.js","startTime":1775399001720,"status":"failed","summary":""},{"assertionResults":[],"coverage":{},"endTime":1775399001720,"message":"  \u001b[1m● \u001b[22mTest suite failed to run\n\n    Cannot find module '../../helpers/testUtils.js' from 'tests/unit/controllers/BookingController.test.js'\n\n      \u001b[2mat Resolver._throwModNotFoundError (\u001b[22mnode_modules/jest-resolve/build/index.js\u001b[2m:863:11)\u001b[22m\n","name":"D:\\github\\NEXT Project\\travels\\tests\\unit\\controllers\\BookingController.test.js","startTime":1775399001720,"status":"failed","summary":""},{"assertionResults":[],"coverage":{},"endTime":1775399001720,"message":"  \u001b[1m● \u001b[22mTest suite failed to run\n\n    Cannot find module '../../helpers/testUtils.js' from 'tests/unit/controllers/AdminController.test.js'\n\n      \u001b[2mat Resolver._throwModNotFoundError (\u001b[22mnode_modules/jest-resolve/build/index.js\u001b[2m:863:11)\u001b[22m\n","name":"D:\\github\\NEXT Project\\travels\\tests\\unit\\controllers\\AdminController.test.js","startTime":1775399001720,"status":"failed","summary":""},{"assertionResults":[],"coverage":{},"endTime":1775399001720,"message":"  \u001b[1m● \u001b[22mTest suite failed to run\n\n    Cannot find module '../../helpers/testUtils.js' from 'tests/unit/middleware/RateLimitMiddleware.test.js'\n\n      \u001b[2mat Resolver._throwModNotFoundError (\u001b[22mnode_modules/jest-resolve/build/index.js\u001b[2m:863:11)\u001b[22m\n","name":"D:\\github\\NEXT Project\\travels\\tests\\unit\\middleware\\RateLimitMiddleware.test.js","startTime":1775399001720,"status":"failed","summary":""},{"assertionResults":[],"coverage":{},"endTime":1775399001720,"message":"  \u001b[1m● \u001b[22mTest suite failed to run\n\n    Cannot find module '../../helpers/testUtils.js' from 'tests/unit/controllers/AuthController.test.js'\n\n      \u001b[2mat Resolver._throwModNotFoundError (\u001b[22mnode_modules/jest-resolve/build/index.js\u001b[2m:863:11)\u001b[22m\n","name":"D:\\github\\NEXT Project\\travels\\tests\\unit\\controllers\\AuthController.test.js","startTime":1775399001720,"status":"failed","summary":""},{"assertionResults":[],"coverage":{},"endTime":1775399001720,"message":"  \u001b[1m● \u001b[22mTest suite failed to run\n\n    Cannot find module '../../helpers/testUtils.js' from 'tests/unit/middleware/AuthMiddleware.test.js'\n\n      \u001b[2mat Resolver._throwModNotFoundError (\u001b[22mnode_modules/jest-resolve/build/index.js\u001b[2m:863:11)\u001b[22m\n","name":"D:\\github\\NEXT Project\\travels\\tests\\unit\\middleware\\AuthMiddleware.test.js","startTime":1775399001720,"status":"failed","summary":""},{"assertionResults":[{"ancestorTitles":["PackageModel Test Suite"],"duration":137,"failing":false,"failureDetails":[],"failureMessages":[],"fullName":"PackageModel Test Suite should enforce required constraints on vendor id","invocations":1,"location":null,"numPassingAsserts":2,"retryReasons":[],"startAt":1775398953058,"status":"passed","title":"should enforce required constraints on vendor id"},{"ancestorTitles":["PackageModel Test Suite"],"duration":254,"failing":false,"failureDetails":[],"failureMessages":[],"fullName":"PackageModel Test Suite should allow creating a package with diverse subdocuments","invocations":1,"location":null,"numPassingAsserts":5,"retryReasons":[],"startAt":1775398953197,"status":"passed","title":"should allow creating a package with diverse subdocuments"},{"ancestorTitles":["PackageModel Test Suite"],"duration":21,"failing":false,"failureDetails":[],"failureMessages":[],"fullName":"PackageModel Test Suite should fail validation if an invalid enum is used in a subdocument","invocations":1,"location":null,"numPassingAsserts":2,"retryReasons":[],"startAt":1775398953451,"status":"passed","title":"should fail validation if an invalid enum is used in a subdocument"}],"endTime":1775398954181,"message":"","name":"D:\\github\\NEXT Project\\travels\\tests\\unit\\models\\PackageModel.test.js","startTime":1775398948939,"status":"passed","summary":""},{"assertionResults":[{"ancestorTitles":["CategoryDocumentService Test Suite"],"duration":117,"failing":false,"failureDetails":[],"failureMessages":[],"fullName":"CategoryDocumentService Test Suite should create a document successfully","invocations":1,"location":null,"numPassingAsserts":1,"retryReasons":[],"startAt":1775398953887,"status":"passed","title":"should create a document successfully"},{"ancestorTitles":["CategoryDocumentService Test Suite"],"duration":67,"failing":false,"failureDetails":[],"failureMessages":[],"fullName":"CategoryDocumentService Test Suite should return paginated results","invocations":1,"location":null,"numPassingAsserts":3,"retryReasons":[],"startAt":1775398954005,"status":"passed","title":"should return paginated results"},{"ancestorTitles":["CategoryDocumentService Test Suite"],"duration":20,"failing":false,"failureDetails":[],"failureMessages":[],"fullName":"CategoryDocumentService Test Suite should retrieve document by ID","invocations":1,"location":null,"numPassingAsserts":1,"retryReasons":[],"startAt":1775398954073,"status":"passed","title":"should retrieve document by ID"},{"ancestorTitles":["CategoryDocumentService Test Suite"],"duration":25,"failing":false,"failureDetails":[],"failureMessages":[],"fullName":"CategoryDocumentService Test Suite should update document properties","invocations":1,"location":null,"numPassingAsserts":1,"retryReasons":[],"startAt":1775398954094,"status":"passed","title":"should update document properties"},{"ancestorTitles":["CategoryDocumentService Test Suite"],"duration":36,"failing":false,"failureDetails":[],"failureMessages":[],"fullName":"CategoryDocumentService Test Suite should delete the document","invocations":1,"location":null,"numPassingAsserts":1,"retryReasons":[],"startAt":1775398954120,"status":"passed","title":"should delete the document"}],"endTime":1775398954999,"message":"","name":"D:\\github\\NEXT Project\\travels\\tests\\unit\\services\\CategoryDocumentService.test.js","startTime":1775398949898,"status":"passed","summary":""},{"assertionResults":[{"ancestorTitles":["UserModel Test Suite"],"duration":590,"failing":false,"failureDetails":[],"failureMessages":[],"fullName":"UserModel Test Suite should create a user with default fields successfully","invocations":1,"location":null,"numPassingAsserts":5,"retryReasons":[],"startAt":1775398952991,"status":"passed","title":"should create a user with default fields successfully"},{"ancestorTitles":["UserModel Test Suite"],"duration":558,"failing":false,"failureDetails":[],"failureMessages":[],"fullName":"UserModel Test Suite should hash the password on save hook","invocations":1,"location":null,"numPassingAsserts":2,"retryReasons":[],"startAt":1775398953583,"status":"passed","title":"should hash the password on save hook"},{"ancestorTitles":["UserModel Test Suite"],"duration":507,"failing":false,"failureDetails":[],"failureMessages":[],"fullName":"UserModel Test Suite should throw an error for duplicate emails","invocations":1,"location":null,"numPassingAsserts":2,"retryReasons":[],"startAt":1775398954141,"status":"passed","title":"should throw an error for duplicate emails"},{"ancestorTitles":["UserModel Test Suite"],"duration":8,"failing":false,"failureDetails":[],"failureMessages":[],"fullName":"UserModel Test Suite should enforce enum restrictions on roles","invocations":1,"location":null,"numPassingAsserts":2,"retryReasons":[],"startAt":1775398954649,"status":"passed","title":"should enforce enum restrictions on roles"}],"endTime":1775398955267,"message":"","name":"D:\\github\\NEXT Project\\travels\\tests\\unit\\models\\UserModel.test.js","startTime":1775398948815,"status":"passed","summary":""},{"assertionResults":[{"ancestorTitles":["StateModel Test Suite"],"duration":128,"failing":false,"failureDetails":[],"failureMessages":[],"fullName":"StateModel Test Suite should require name, code, and country reference","invocations":1,"location":null,"numPassingAsserts":4,"retryReasons":[],"startAt":1775398954803,"status":"passed","title":"should require name, code, and country reference"},{"ancestorTitles":["StateModel Test Suite"],"duration":39,"failing":false,"failureDetails":[],"failureMessages":[],"fullName":"StateModel Test Suite should uppercase code and prevent duplicates within the same country","invocations":1,"location":null,"numPassingAsserts":3,"retryReasons":[],"startAt":1775398954933,"status":"passed","title":"should uppercase code and prevent duplicates within the same country"}],"endTime":1775398955475,"message":"","name":"D:\\github\\NEXT Project\\travels\\tests\\unit\\models\\StateModel.test.js","startTime":1775398950592,"status":"passed","summary":""},{"assertionResults":[{"ancestorTitles":["Category Document API Integration"],"duration":238,"failing":false,"failureDetails":[],"failureMessages":[],"fullName":"Category Document API Integration should create a new category document","invocations":1,"location":null,"numPassingAsserts":5,"retryReasons":[],"startAt":1775398954938,"status":"passed","title":"should create a new category document"},{"ancestorTitles":["Category Document API Integration"],"duration":107,"failing":false,"failureDetails":[],"failureMessages":[],"fullName":"Category Document API Integration should fetch all category documents","invocations":1,"location":null,"numPassingAsserts":3,"retryReasons":[],"startAt":1775398955178,"status":"passed","title":"should fetch all category documents"},{"ancestorTitles":["Category Document API Integration"],"duration":39,"failing":false,"failureDetails":[],"failureMessages":[],"fullName":"Category Document API Integration should filter category documents by category_slug","invocations":1,"location":null,"numPassingAsserts":2,"retryReasons":[],"startAt":1775398955285,"status":"passed","title":"should filter category documents by category_slug"},{"ancestorTitles":["Category Document API Integration"],"duration":25,"failing":false,"failureDetails":[],"failureMessages":[],"fullName":"Category Document API Integration should fetch a document by ID","invocations":1,"location":null,"numPassingAsserts":2,"retryReasons":[],"startAt":1775398955324,"status":"passed","title":"should fetch a document by ID"},{"ancestorTitles":["Category Document API Integration"],"duration":12,"failing":false,"failureDetails":[],"failureMessages":[],"fullName":"Category Document API Integration should output 404 when document not found","invocations":1,"location":null,"numPassingAsserts":1,"retryReasons":[],"startAt":1775398955349,"status":"passed","title":"should output 404 when document not found"},{"ancestorTitles":["Category Document API Integration"],"duration":42,"failing":false,"failureDetails":[],"failureMessages":[],"fullName":"Category Document API Integration should update a category document","invocations":1,"location":null,"numPassingAsserts":5,"retryReasons":[],"startAt":1775398955361,"status":"passed","title":"should update a category document"},{"ancestorTitles":["Category Document API Integration"],"duration":23,"failing":false,"failureDetails":[],"failureMessages":[],"fullName":"Category Document API Integration should delete a category document","invocations":1,"location":null,"numPassingAsserts":2,"retryReasons":[],"startAt":1775398955403,"status":"passed","title":"should delete a category document"}],"endTime":1775398956204,"message":"","name":"D:\\github\\NEXT Project\\travels\\tests\\unit\\controllers\\CategoryDocumentController.test.js","startTime":1775398950250,"status":"passed","summary":""},{"assertionResults":[{"ancestorTitles":["CloudinaryHelper Test Suite"],"duration":48,"failing":false,"failureDetails":[],"failureMessages":[],"fullName":"CloudinaryHelper Test Suite should block invalid file type","invocations":1,"location":null,"numPassingAsserts":1,"retryReasons":[],"startAt":1775398955688,"status":"passed","title":"should block invalid file type"},{"ancestorTitles":["CloudinaryHelper Test Suite"],"duration":5,"failing":false,"failureDetails":[],"failureMessages":[],"fullName":"CloudinaryHelper Test Suite should block oversized files","invocations":1,"location":null,"numPassingAsserts":1,"retryReasons":[],"startAt":1775398955738,"status":"passed","title":"should block oversized files"}],"endTime":1775398956514,"message":"","name":"D:\\github\\NEXT Project\\travels\\tests\\unit\\helpers\\CloudinaryHelper.test.js","startTime":1775398950177,"status":"passed","summary":""},{"assertionResults":[{"ancestorTitles":["AuthEvents Test Suite"],"duration":153,"failing":false,"failureDetails":[],"failureMessages":[],"fullName":"AuthEvents Test Suite should trigger sendOTPEmail for email identifiers","invocations":1,"location":null,"numPassingAsserts":1,"retryReasons":[],"startAt":1775398955272,"status":"passed","title":"should trigger sendOTPEmail for email identifiers"},{"ancestorTitles":["AuthEvents Test Suite"],"duration":82,"failing":false,"failureDetails":[],"failureMessages":[],"fullName":"AuthEvents Test Suite should trigger sendSMS for phone identifiers","invocations":1,"location":null,"numPassingAsserts":2,"retryReasons":[],"startAt":1775398955427,"status":"passed","title":"should trigger sendSMS for phone identifiers"},{"ancestorTitles":["AuthEvents Test Suite"],"duration":197,"failing":false,"failureDetails":[],"failureMessages":[],"fullName":"AuthEvents Test Suite should trigger login alert for success login","invocations":1,"location":null,"numPassingAsserts":1,"retryReasons":[],"startAt":1775398955509,"status":"passed","title":"should trigger login alert for success login"}],"endTime":1775398957263,"message":"","name":"D:\\github\\NEXT Project\\travels\\tests\\unit\\events\\AuthEvents.test.js","startTime":1775398950290,"status":"passed","summary":""},{"assertionResults":[{"ancestorTitles":["API Route Configuration"],"duration":961,"failing":false,"failureDetails":[],"failureMessages":[],"fullName":"API Route Configuration should have all handlers defined as functions","invocations":1,"location":null,"numPassingAsserts":504,"retryReasons":[],"startAt":1775398956884,"status":"passed","title":"should have all handlers defined as functions"},{"ancestorTitles":["API Route Configuration"],"duration":318,"failing":false,"failureDetails":[],"failureMessages":[],"fullName":"API Route Configuration should enforce admin roles on all /admin prefixed routes","invocations":1,"location":null,"numPassingAsserts":120,"retryReasons":[],"startAt":1775398957848,"status":"passed","title":"should enforce admin roles on all /admin prefixed routes"},{"ancestorTitles":["API Route Configuration"],"duration":124,"failing":false,"failureDetails":[],"failureMessages":[],"fullName":"API Route Configuration should enforce traveller roles on all /traveller (protected) routes","invocations":1,"location":null,"numPassingAsserts":18,"retryReasons":[],"startAt":1775398958167,"status":"passed","title":"should enforce traveller roles on all /traveller (protected) routes"},{"ancestorTitles":["API Route Configuration"],"duration":95,"failing":false,"failureDetails":[],"failureMessages":[],"fullName":"API Route Configuration should ensure /auth/login is public","invocations":1,"location":null,"numPassingAsserts":2,"retryReasons":[],"startAt":1775398958291,"status":"passed","title":"should ensure /auth/login is public"},{"ancestorTitles":["API Route Configuration"],"duration":159,"failing":false,"failureDetails":[],"failureMessages":[],"fullName":"API Route Configuration should ensure sensitive auth routes are protected","invocations":1,"location":null,"numPassingAsserts":6,"retryReasons":[],"startAt":1775398958386,"status":"passed","title":"should ensure sensitive auth routes are protected"},{"ancestorTitles":["API Route Configuration"],"duration":109,"failing":false,"failureDetails":[],"failureMessages":[],"fullName":"API Route Configuration should catch common path typos (e.g. double slashes)","invocations":1,"location":null,"numPassingAsserts":168,"retryReasons":[],"startAt":1775398958546,"status":"passed","title":"should catch common path typos (e.g. double slashes)"},{"ancestorTitles":["API Route Configuration"],"duration":106,"failing":false,"failureDetails":[],"failureMessages":[],"fullName":"API Route Configuration should have unique path-method combinations","invocations":1,"location":null,"numPassingAsserts":168,"retryReasons":[],"startAt":1775398958655,"status":"passed","title":"should have unique path-method combinations"}],"endTime":1775398959863,"message":"","name":"D:\\github\\NEXT Project\\travels\\tests\\unit\\routes\\ApiRoutes.test.js","startTime":1775398948600,"status":"passed","summary":""},{"assertionResults":[{"ancestorTitles":["BookingService Test Suite"],"duration":1135,"failing":false,"failureDetails":[],"failureMessages":[],"fullName":"BookingService Test Suite should successfully process a refund","invocations":1,"location":null,"numPassingAsserts":3,"retryReasons":[],"startAt":1775398954580,"status":"passed","title":"should successfully process a refund"},{"ancestorTitles":["BookingService Test Suite"],"duration":213,"failing":false,"failureDetails":[],"failureMessages":[],"fullName":"BookingService Test Suite should mark a booking for payout","invocations":1,"location":null,"numPassingAsserts":1,"retryReasons":[],"startAt":1775398955716,"status":"passed","title":"should mark a booking for payout"},{"ancestorTitles":["BookingService Test Suite"],"duration":223,"failing":false,"failureDetails":[],"failureMessages":[],"fullName":"BookingService Test Suite should update payment status based on razorpay signatures","invocations":1,"location":null,"numPassingAsserts":4,"retryReasons":[],"startAt":1775398955930,"status":"passed","title":"should update payment status based on razorpay signatures"},{"ancestorTitles":["BookingService Test Suite"],"duration":270,"failing":false,"failureDetails":[],"failureMessages":[],"fullName":"BookingService Test Suite should throw mismatch error for invalid order IDs","invocations":1,"location":null,"numPassingAsserts":1,"retryReasons":[],"startAt":1775398956153,"status":"passed","title":"should throw mismatch error for invalid order IDs"},{"ancestorTitles":["BookingService Test Suite","Transactions & Admin Logs"],"duration":153,"failing":false,"failureDetails":[],"failureMessages":[],"fullName":"BookingService Test Suite Transactions & Admin Logs should create booking for trekking slots","invocations":1,"location":null,"numPassingAsserts":2,"retryReasons":[],"startAt":1775398956424,"status":"passed","title":"should create booking for trekking slots"},{"ancestorTitles":["BookingService Test Suite","Transactions & Admin Logs"],"duration":153,"failing":false,"failureDetails":[],"failureMessages":[],"fullName":"BookingService Test Suite Transactions & Admin Logs should create booking for homestay rooms","invocations":1,"location":null,"numPassingAsserts":1,"retryReasons":[],"startAt":1775398956577,"status":"passed","title":"should create booking for homestay rooms"},{"ancestorTitles":["BookingService Test Suite","Transactions & Admin Logs"],"duration":107,"failing":false,"failureDetails":[],"failureMessages":[],"fullName":"BookingService Test Suite Transactions & Admin Logs should fail createBooking if no availability","invocations":1,"location":null,"numPassingAsserts":1,"retryReasons":[],"startAt":1775398956731,"status":"passed","title":"should fail createBooking if no availability"},{"ancestorTitles":["BookingService Test Suite","Transactions & Admin Logs"],"duration":89,"failing":false,"failureDetails":[],"failureMessages":[],"fullName":"BookingService Test Suite Transactions & Admin Logs should fail createBooking unconditionally and abort txn","invocations":1,"location":null,"numPassingAsserts":1,"retryReasons":[],"startAt":1775398956838,"status":"passed","title":"should fail createBooking unconditionally and abort txn"},{"ancestorTitles":["BookingService Test Suite","Transactions & Admin Logs"],"duration":169,"failing":false,"failureDetails":[],"failureMessages":[],"fullName":"BookingService Test Suite Transactions & Admin Logs should get booking by ID","invocations":1,"location":null,"numPassingAsserts":1,"retryReasons":[],"startAt":1775398956928,"status":"passed","title":"should get booking by ID"},{"ancestorTitles":["BookingService Test Suite","Transactions & Admin Logs"],"duration":178,"failing":false,"failureDetails":[],"failureMessages":[],"fullName":"BookingService Test Suite Transactions & Admin Logs should processRefund and log action with req context","invocations":1,"location":null,"numPassingAsserts":2,"retryReasons":[],"startAt":1775398957097,"status":"passed","title":"should processRefund and log action with req context"},{"ancestorTitles":["BookingService Test Suite","Transactions & Admin Logs"],"duration":132,"failing":false,"failureDetails":[],"failureMessages":[],"fullName":"BookingService Test Suite Transactions & Admin Logs should throw processRefund for missing booking and abort txn","invocations":1,"location":null,"numPassingAsserts":1,"retryReasons":[],"startAt":1775398957275,"status":"passed","title":"should throw processRefund for missing booking and abort txn"},{"ancestorTitles":["BookingService Test Suite","Transactions & Admin Logs"],"duration":109,"failing":false,"failureDetails":[],"failureMessages":[],"fullName":"BookingService Test Suite Transactions & Admin Logs should markPayout and log action with req context","invocations":1,"location":null,"numPassingAsserts":2,"retryReasons":[],"startAt":1775398957407,"status":"passed","title":"should markPayout and log action with req context"},{"ancestorTitles":["BookingService Test Suite","Transactions & Admin Logs"],"duration":117,"failing":false,"failureDetails":[],"failureMessages":[],"fullName":"BookingService Test Suite Transactions & Admin Logs should throw markPayout for missing booking and abort txn","invocations":1,"location":null,"numPassingAsserts":1,"retryReasons":[],"startAt":1775398957516,"status":"passed","title":"should throw markPayout for missing booking and abort txn"}],"endTime":1775398960294,"message":"","name":"D:\\github\\NEXT Project\\travels\\tests\\unit\\services\\BookingService.test.js","startTime":1775398948968,"status":"passed","summary":""},{"assertionResults":[{"ancestorTitles":["AuthService","verifyAndLogin"],"duration":181,"failing":false,"failureDetails":[],"failureMessages":[],"fullName":"AuthService verifyAndLogin should throw an error for invalid OTP","invocations":1,"location":null,"numPassingAsserts":1,"retryReasons":[],"startAt":1775398954027,"status":"passed","title":"should throw an error for invalid OTP"},{"ancestorTitles":["AuthService","verifyAndLogin"],"duration":294,"failing":false,"failureDetails":[],"failureMessages":[],"fullName":"AuthService verifyAndLogin should create a new user and return a token for valid OTP","invocations":1,"location":null,"numPassingAsserts":5,"retryReasons":[],"startAt":1775398954210,"status":"passed","title":"should create a new user and return a token for valid OTP"},{"ancestorTitles":["AuthService","verifyAndLogin"],"duration":101,"failing":false,"failureDetails":[],"failureMessages":[],"fullName":"AuthService verifyAndLogin should login existing user and check for role upgrade","invocations":1,"location":null,"numPassingAsserts":4,"retryReasons":[],"startAt":1775398954504,"status":"passed","title":"should login existing user and check for role upgrade"},{"ancestorTitles":["AuthService","Account Deactivation Flow"],"duration":169,"failing":false,"failureDetails":[],"failureMessages":[],"fullName":"AuthService Account Deactivation Flow should reject login for suspended accounts","invocations":1,"location":null,"numPassingAsserts":1,"retryReasons":[],"startAt":1775398954606,"status":"passed","title":"should reject login for suspended accounts"},{"ancestorTitles":["AuthService","Social Authentication"],"duration":77,"failing":false,"failureDetails":[],"failureMessages":[],"fullName":"AuthService Social Authentication should successfully authenticate with Google","invocations":1,"location":null,"numPassingAsserts":3,"retryReasons":[],"startAt":1775398954775,"status":"passed","title":"should successfully authenticate with Google"},{"ancestorTitles":["AuthService","Social Authentication"],"duration":8,"failing":false,"failureDetails":[],"failureMessages":[],"fullName":"AuthService Social Authentication should throw config error for real token without client id","invocations":1,"location":null,"numPassingAsserts":1,"retryReasons":[],"startAt":1775398954852,"status":"passed","title":"should throw config error for real token without client id"},{"ancestorTitles":["AuthService","Password Authentication"],"duration":585,"failing":false,"failureDetails":[],"failureMessages":[],"fullName":"AuthService Password Authentication should login admin with valid password","invocations":1,"location":null,"numPassingAsserts":2,"retryReasons":[],"startAt":1775398954861,"status":"passed","title":"should login admin with valid password"},{"ancestorTitles":["AuthService","Password Authentication"],"duration":367,"failing":false,"failureDetails":[],"failureMessages":[],"fullName":"AuthService Password Authentication should reject non-admin users for password login","invocations":1,"location":null,"numPassingAsserts":1,"retryReasons":[],"startAt":1775398955447,"status":"passed","title":"should reject non-admin users for password login"},{"ancestorTitles":["AuthService","Password Authentication"],"duration":577,"failing":false,"failureDetails":[],"failureMessages":[],"fullName":"AuthService Password Authentication should reject invalid password","invocations":1,"location":null,"numPassingAsserts":1,"retryReasons":[],"startAt":1775398955814,"status":"passed","title":"should reject invalid password"},{"ancestorTitles":["AuthService","Profile Management"],"duration":25,"failing":false,"failureDetails":[],"failureMessages":[],"fullName":"AuthService Profile Management should fetch profile by id","invocations":1,"location":null,"numPassingAsserts":2,"retryReasons":[],"startAt":1775398956391,"status":"passed","title":"should fetch profile by id"},{"ancestorTitles":["AuthService","Profile Management"],"duration":31,"failing":false,"failureDetails":[],"failureMessages":[],"fullName":"AuthService Profile Management should delete a profile (cascade deletion logic)","invocations":1,"location":null,"numPassingAsserts":1,"retryReasons":[],"startAt":1775398956417,"status":"passed","title":"should delete a profile (cascade deletion logic)"},{"ancestorTitles":["AuthService","Profile Management"],"duration":30,"failing":false,"failureDetails":[],"failureMessages":[],"fullName":"AuthService Profile Management should soft delete profile by id","invocations":1,"location":null,"numPassingAsserts":3,"retryReasons":[],"startAt":1775398956448,"status":"passed","title":"should soft delete profile by id"},{"ancestorTitles":["AuthService","Password Reset"],"duration":23,"failing":false,"failureDetails":[],"failureMessages":[],"fullName":"AuthService Password Reset should trigger forget password email","invocations":1,"location":null,"numPassingAsserts":1,"retryReasons":[],"startAt":1775398956478,"status":"passed","title":"should trigger forget password email"},{"ancestorTitles":["AuthService","Password Reset"],"duration":741,"failing":false,"failureDetails":[],"failureMessages":[],"fullName":"AuthService Password Reset should successfully reset password","invocations":1,"location":null,"numPassingAsserts":2,"retryReasons":[],"startAt":1775398956502,"status":"passed","title":"should successfully reset password"},{"ancestorTitles":["AuthService","Missing Coverage & Edge Cases"],"duration":60,"failing":false,"failureDetails":[],"failureMessages":[],"fullName":"AuthService Missing Coverage & Edge Cases should return profileCompleted if vendor has aadhar and pan","invocations":1,"location":null,"numPassingAsserts":1,"retryReasons":[],"startAt":1775398957243,"status":"passed","title":"should return profileCompleted if vendor has aadhar and pan"},{"ancestorTitles":["AuthService","Missing Coverage & Edge Cases"],"duration":67,"failing":false,"failureDetails":[],"failureMessages":[],"fullName":"AuthService Missing Coverage & Edge Cases should reactive a self-deleted account on login","invocations":1,"location":null,"numPassingAsserts":3,"retryReasons":[],"startAt":1775398957303,"status":"passed","title":"should reactive a self-deleted account on login"},{"ancestorTitles":["AuthService","Missing Coverage & Edge Cases"],"duration":48,"failing":false,"failureDetails":[],"failureMessages":[],"fullName":"AuthService Missing Coverage & Edge Cases should handle verifyAndLogin with master role to targetRole","invocations":1,"location":null,"numPassingAsserts":2,"retryReasons":[],"startAt":1775398957370,"status":"passed","title":"should handle verifyAndLogin with master role to targetRole"},{"ancestorTitles":["AuthService","Missing Coverage & Edge Cases"],"duration":48,"failing":false,"failureDetails":[],"failureMessages":[],"fullName":"AuthService Missing Coverage & Edge Cases should reject OTP login for Admin","invocations":1,"location":null,"numPassingAsserts":1,"retryReasons":[],"startAt":1775398957418,"status":"passed","title":"should reject OTP login for Admin"},{"ancestorTitles":["AuthService","Missing Coverage & Edge Cases"],"duration":22,"failing":false,"failureDetails":[],"failureMessages":[],"fullName":"AuthService Missing Coverage & Edge Cases should handle facebookAuth success","invocations":1,"location":null,"numPassingAsserts":2,"retryReasons":[],"startAt":1775398957466,"status":"passed","title":"should handle facebookAuth success"},{"ancestorTitles":["AuthService","Missing Coverage & Edge Cases"],"duration":23,"failing":false,"failureDetails":[],"failureMessages":[],"fullName":"AuthService Missing Coverage & Edge Cases should handle appleAuth success","invocations":1,"location":null,"numPassingAsserts":2,"retryReasons":[],"startAt":1775398957488,"status":"passed","title":"should handle appleAuth success"},{"ancestorTitles":["AuthService","Missing Coverage & Edge Cases"],"duration":31,"failing":false,"failureDetails":[],"failureMessages":[],"fullName":"AuthService Missing Coverage & Edge Cases should verify token and return user","invocations":1,"location":null,"numPassingAsserts":1,"retryReasons":[],"startAt":1775398957511,"status":"passed","title":"should verify token and return user"},{"ancestorTitles":["AuthService","Missing Coverage & Edge Cases"],"duration":968,"failing":false,"failureDetails":[],"failureMessages":[],"fullName":"AuthService Missing Coverage & Edge Cases should change password successfully","invocations":1,"location":null,"numPassingAsserts":1,"retryReasons":[],"startAt":1775398957543,"status":"passed","title":"should change password successfully"},{"ancestorTitles":["AuthService","Missing Coverage & Edge Cases"],"duration":24,"failing":false,"failureDetails":[],"failureMessages":[],"fullName":"AuthService Missing Coverage & Edge Cases should updateProfile using email","invocations":1,"location":null,"numPassingAsserts":1,"retryReasons":[],"startAt":1775398958511,"status":"passed","title":"should updateProfile using email"},{"ancestorTitles":["AuthService","Missing Coverage & Edge Cases"],"duration":37,"failing":false,"failureDetails":[],"failureMessages":[],"fullName":"AuthService Missing Coverage & Edge Cases should upgrade traveller to vendor via becomeVendor","invocations":1,"location":null,"numPassingAsserts":2,"retryReasons":[],"startAt":1775398958535,"status":"passed","title":"should upgrade traveller to vendor via becomeVendor"},{"ancestorTitles":["AuthService","Missing Coverage & Edge Cases"],"duration":31,"failing":false,"failureDetails":[],"failureMessages":[],"fullName":"AuthService Missing Coverage & Edge Cases should revert vendor to traveller via becomeTraveller","invocations":1,"location":null,"numPassingAsserts":2,"retryReasons":[],"startAt":1775398958572,"status":"passed","title":"should revert vendor to traveller via becomeTraveller"},{"ancestorTitles":["AuthService","Missing Coverage & Edge Cases"],"duration":23,"failing":false,"failureDetails":[],"failureMessages":[],"fullName":"AuthService Missing Coverage & Edge Cases should throw error if user is already vendor in becomeVendor","invocations":1,"location":null,"numPassingAsserts":1,"retryReasons":[],"startAt":1775398958604,"status":"passed","title":"should throw error if user is already vendor in becomeVendor"},{"ancestorTitles":["AuthService","Missing Coverage & Edge Cases"],"duration":23,"failing":false,"failureDetails":[],"failureMessages":[],"fullName":"AuthService Missing Coverage & Edge Cases should throw error if user is already traveller in becomeTraveller","invocations":1,"location":null,"numPassingAsserts":1,"retryReasons":[],"startAt":1775398958627,"status":"passed","title":"should throw error if user is already traveller in becomeTraveller"}],"endTime":1775398960390,"message":"","name":"D:\\github\\NEXT Project\\travels\\tests\\unit\\services\\AuthService.test.js","startTime":1775398948685,"status":"passed","summary":""},{"assertionResults":[{"ancestorTitles":["InventoryService","updateInventory"],"duration":1129,"failing":false,"failureDetails":[],"failureMessages":[],"fullName":"InventoryService updateInventory should create new inventory if not exists","invocations":1,"location":null,"numPassingAsserts":3,"retryReasons":[],"startAt":1775398955638,"status":"passed","title":"should create new inventory if not exists"},{"ancestorTitles":["InventoryService","updateInventory"],"duration":401,"failing":false,"failureDetails":[],"failureMessages":[],"fullName":"InventoryService updateInventory should update existing inventory index","invocations":1,"location":null,"numPassingAsserts":1,"retryReasons":[],"startAt":1775398956769,"status":"passed","title":"should update existing inventory index"},{"ancestorTitles":["InventoryService","checkAvailabilityRange"],"duration":280,"failing":false,"failureDetails":[],"failureMessages":[],"fullName":"InventoryService checkAvailabilityRange should return available true if units exist","invocations":1,"location":null,"numPassingAsserts":1,"retryReasons":[],"startAt":1775398957171,"status":"passed","title":"should return available true if units exist"},{"ancestorTitles":["InventoryService","checkAvailabilityRange"],"duration":156,"failing":false,"failureDetails":[],"failureMessages":[],"fullName":"InventoryService checkAvailabilityRange should return false if units insufficient","invocations":1,"location":null,"numPassingAsserts":2,"retryReasons":[],"startAt":1775398957451,"status":"passed","title":"should return false if units insufficient"},{"ancestorTitles":["InventoryService","reserveSlotsRange"],"duration":153,"failing":false,"failureDetails":[],"failureMessages":[],"fullName":"InventoryService reserveSlotsRange should increase booked units","invocations":1,"location":null,"numPassingAsserts":1,"retryReasons":[],"startAt":1775398957607,"status":"passed","title":"should increase booked units"},{"ancestorTitles":["InventoryService","reserveSlotsRange"],"duration":296,"failing":false,"failureDetails":[],"failureMessages":[],"fullName":"InventoryService reserveSlotsRange should throw error if reservation exceeds capacity","invocations":1,"location":null,"numPassingAsserts":1,"retryReasons":[],"startAt":1775398957761,"status":"passed","title":"should throw error if reservation exceeds capacity"},{"ancestorTitles":["InventoryService","releaseSlotsRange"],"duration":181,"failing":false,"failureDetails":[],"failureMessages":[],"fullName":"InventoryService releaseSlotsRange should decrease booked units","invocations":1,"location":null,"numPassingAsserts":1,"retryReasons":[],"startAt":1775398958058,"status":"passed","title":"should decrease booked units"}],"endTime":1775398960793,"message":"","name":"D:\\github\\NEXT Project\\travels\\tests\\unit\\services\\InventoryService.test.js","startTime":1775398948549,"status":"passed","summary":""},{"assertionResults":[{"ancestorTitles":["CouponModel Test Suite"],"duration":133,"failing":false,"failureDetails":[],"failureMessages":[],"fullName":"CouponModel Test Suite should require code, discountType, value, and expiryDate","invocations":1,"location":null,"numPassingAsserts":5,"retryReasons":[],"startAt":1775398960707,"status":"passed","title":"should require code, discountType, value, and expiryDate"},{"ancestorTitles":["CouponModel Test Suite"],"duration":14,"failing":false,"failureDetails":[],"failureMessages":[],"fullName":"CouponModel Test Suite should enforce enum restrictions on discountType","invocations":1,"location":null,"numPassingAsserts":1,"retryReasons":[],"startAt":1775398960844,"status":"passed","title":"should enforce enum restrictions on discountType"},{"ancestorTitles":["CouponModel Test Suite"],"duration":21,"failing":false,"failureDetails":[],"failureMessages":[],"fullName":"CouponModel Test Suite should convert code to uppercase","invocations":1,"location":null,"numPassingAsserts":1,"retryReasons":[],"startAt":1775398960858,"status":"passed","title":"should convert code to uppercase"}],"endTime":1775398961241,"message":"","name":"D:\\github\\NEXT Project\\travels\\tests\\unit\\models\\CouponModel.test.js","startTime":1775398955499,"status":"passed","summary":""},{"assertionResults":[{"ancestorTitles":["CategoryModel Test Suite"],"duration":72,"failing":false,"failureDetails":[],"failureMessages":[],"fullName":"CategoryModel Test Suite should generate a slug automatically from the name on save","invocations":1,"location":null,"numPassingAsserts":3,"retryReasons":[],"startAt":1775398960807,"status":"passed","title":"should generate a slug automatically from the name on save"},{"ancestorTitles":["CategoryModel Test Suite"],"duration":11,"failing":false,"failureDetails":[],"failureMessages":[],"fullName":"CategoryModel Test Suite should not override a manually provided slug","invocations":1,"location":null,"numPassingAsserts":1,"retryReasons":[],"startAt":1775398960881,"status":"passed","title":"should not override a manually provided slug"},{"ancestorTitles":["CategoryModel Test Suite"],"duration":31,"failing":false,"failureDetails":[],"failureMessages":[],"fullName":"CategoryModel Test Suite should fail with duplicate unique names or slugs","invocations":1,"location":null,"numPassingAsserts":2,"retryReasons":[],"startAt":1775398960893,"status":"passed","title":"should fail with duplicate unique names or slugs"}],"endTime":1775398961641,"message":"","name":"D:\\github\\NEXT Project\\travels\\tests\\unit\\models\\CategoryModel.test.js","startTime":1775398955300,"status":"passed","summary":""},{"assertionResults":[{"ancestorTitles":["Wishlist Model"],"duration":132,"failing":false,"failureDetails":[],"failureMessages":[],"fullName":"Wishlist Model should create a wishlist entry","invocations":1,"location":null,"numPassingAsserts":3,"retryReasons":[],"startAt":1775398960683,"status":"passed","title":"should create a wishlist entry"},{"ancestorTitles":["Wishlist Model"],"duration":272,"failing":false,"failureDetails":[],"failureMessages":[],"fullName":"Wishlist Model should prevent duplicate user/item combinations","invocations":1,"location":null,"numPassingAsserts":1,"retryReasons":[],"startAt":1775398960817,"status":"passed","title":"should prevent duplicate user/item combinations"}],"endTime":1775398962078,"message":"","name":"D:\\github\\NEXT Project\\travels\\tests\\unit\\models\\WishlistModel.test.js","startTime":1775398955031,"status":"passed","summary":""},{"assertionResults":[{"ancestorTitles":["BookingModel Test Suite"],"duration":499,"failing":false,"failureDetails":[],"failureMessages":[],"fullName":"BookingModel Test Suite should fail validation when required references are missing","invocations":1,"location":null,"numPassingAsserts":6,"retryReasons":[],"startAt":1775398960767,"status":"passed","title":"should fail validation when required references are missing"},{"ancestorTitles":["BookingModel Test Suite"],"duration":44,"failing":false,"failureDetails":[],"failureMessages":[],"fullName":"BookingModel Test Suite should create a valid booking with defaults populated","invocations":1,"location":null,"numPassingAsserts":6,"retryReasons":[],"startAt":1775398961269,"status":"passed","title":"should create a valid booking with defaults populated"},{"ancestorTitles":["BookingModel Test Suite"],"duration":9,"failing":false,"failureDetails":[],"failureMessages":[],"fullName":"BookingModel Test Suite should enforce enum restrictions on status fields","invocations":1,"location":null,"numPassingAsserts":3,"retryReasons":[],"startAt":1775398961314,"status":"passed","title":"should enforce enum restrictions on status fields"}],"endTime":1775398962439,"message":"","name":"D:\\github\\NEXT Project\\travels\\tests\\unit\\models\\BookingModel.test.js","startTime":1775398956228,"status":"passed","summary":""},{"assertionResults":[{"ancestorTitles":["Settings API Integration"],"duration":110,"failing":false,"failureDetails":[],"failureMessages":[],"fullName":"Settings API Integration should fetch settings or create default if not exists","invocations":1,"location":null,"numPassingAsserts":3,"retryReasons":[],"startAt":1775398961827,"status":"passed","title":"should fetch settings or create default if not exists"},{"ancestorTitles":["Settings API Integration"],"duration":64,"failing":false,"failureDetails":[],"failureMessages":[],"fullName":"Settings API Integration should update existing settings","invocations":1,"location":null,"numPassingAsserts":5,"retryReasons":[],"startAt":1775398961939,"status":"passed","title":"should update existing settings"},{"ancestorTitles":["Settings API Integration"],"duration":25,"failing":false,"failureDetails":[],"failureMessages":[],"fullName":"Settings API Integration should create settings if updating but no existing setting found","invocations":1,"location":null,"numPassingAsserts":3,"retryReasons":[],"startAt":1775398962003,"status":"passed","title":"should create settings if updating but no existing setting found"}],"endTime":1775398962986,"message":"","name":"D:\\github\\NEXT Project\\travels\\tests\\unit\\controllers\\SettingsController.test.js","startTime":1775398956549,"status":"passed","summary":""},{"assertionResults":[{"ancestorTitles":["ReviewModel Test Suite"],"duration":112,"failing":false,"failureDetails":[],"failureMessages":[],"fullName":"ReviewModel Test Suite should validate required user and vendor references","invocations":1,"location":null,"numPassingAsserts":3,"retryReasons":[],"startAt":1775398962857,"status":"passed","title":"should validate required user and vendor references"},{"ancestorTitles":["ReviewModel Test Suite"],"duration":44,"failing":false,"failureDetails":[],"failureMessages":[],"fullName":"ReviewModel Test Suite should enforce rating min and max constraints (1-5)","invocations":1,"location":null,"numPassingAsserts":4,"retryReasons":[],"startAt":1775398962971,"status":"passed","title":"should enforce rating min and max constraints (1-5)"},{"ancestorTitles":["ReviewModel Test Suite"],"duration":43,"failing":false,"failureDetails":[],"failureMessages":[],"fullName":"ReviewModel Test Suite should save a valid review","invocations":1,"location":null,"numPassingAsserts":3,"retryReasons":[],"startAt":1775398963015,"status":"passed","title":"should save a valid review"}],"endTime":1775398964269,"message":"","name":"D:\\github\\NEXT Project\\travels\\tests\\unit\\models\\ReviewModel.test.js","startTime":1775398957280,"status":"passed","summary":""},{"assertionResults":[{"ancestorTitles":["Policy API Controller Test Suite"],"duration":421,"failing":false,"failureDetails":[],"failureMessages":[],"fullName":"Policy API Controller Test Suite should deny unauthorized policies fetch","invocations":1,"location":null,"numPassingAsserts":1,"retryReasons":[],"startAt":1775398960978,"status":"passed","title":"should deny unauthorized policies fetch"},{"ancestorTitles":["Policy API Controller Test Suite"],"duration":190,"failing":false,"failureDetails":[],"failureMessages":[],"fullName":"Policy API Controller Test Suite should fetch policies for a specific target via public route","invocations":1,"location":null,"numPassingAsserts":2,"retryReasons":[],"startAt":1775398961401,"status":"passed","title":"should fetch policies for a specific target via public route"},{"ancestorTitles":["Policy API Controller Test Suite"],"duration":64,"failing":false,"failureDetails":[],"failureMessages":[],"fullName":"Policy API Controller Test Suite should fetch specific policy type publicly","invocations":1,"location":null,"numPassingAsserts":2,"retryReasons":[],"startAt":1775398961591,"status":"passed","title":"should fetch specific policy type publicly"},{"ancestorTitles":["Policy API Controller Test Suite"],"duration":103,"failing":false,"failureDetails":[],"failureMessages":[],"fullName":"Policy API Controller Test Suite should allow admin to update policy","invocations":1,"location":null,"numPassingAsserts":1,"retryReasons":[],"startAt":1775398961656,"status":"passed","title":"should allow admin to update policy"}],"endTime":1775398965350,"message":"","name":"D:\\github\\NEXT Project\\travels\\tests\\unit\\controllers\\PolicyController.test.js","startTime":1775398954206,"status":"passed","summary":""},{"assertionResults":[{"ancestorTitles":["EmergencyAlert Model"],"duration":211,"failing":false,"failureDetails":[],"failureMessages":[],"fullName":"EmergencyAlert Model should create an active emergency alert","invocations":1,"location":null,"numPassingAsserts":2,"retryReasons":[],"startAt":1775398966392,"status":"passed","title":"should create an active emergency alert"},{"ancestorTitles":["EmergencyAlert Model"],"duration":41,"failing":false,"failureDetails":[],"failureMessages":[],"fullName":"EmergencyAlert Model should track notified contacts","invocations":1,"location":null,"numPassingAsserts":2,"retryReasons":[],"startAt":1775398966606,"status":"passed","title":"should track notified contacts"}],"endTime":1775398967469,"message":"","name":"D:\\github\\NEXT Project\\travels\\tests\\unit\\models\\EmergencyAlertModel.test.js","startTime":1775398959880,"status":"passed","summary":""},{"assertionResults":[{"ancestorTitles":["RoleMiddleware Test Suite"],"duration":6,"failing":false,"failureDetails":[],"failureMessages":[],"fullName":"RoleMiddleware Test Suite should return authorized for user with correct role","invocations":1,"location":null,"numPassingAsserts":1,"retryReasons":[],"startAt":1775398967733,"status":"passed","title":"should return authorized for user with correct role"},{"ancestorTitles":["RoleMiddleware Test Suite"],"duration":2,"failing":false,"failureDetails":[],"failureMessages":[],"fullName":"RoleMiddleware Test Suite should block if user has wrong role","invocations":1,"location":null,"numPassingAsserts":2,"retryReasons":[],"startAt":1775398967741,"status":"passed","title":"should block if user has wrong role"},{"ancestorTitles":["RoleMiddleware Test Suite"],"duration":2,"failing":false,"failureDetails":[],"failureMessages":[],"fullName":"RoleMiddleware Test Suite should block if no user is present","invocations":1,"location":null,"numPassingAsserts":1,"retryReasons":[],"startAt":1775398967744,"status":"passed","title":"should block if no user is present"}],"endTime":1775398968275,"message":"","name":"D:\\github\\NEXT Project\\travels\\tests\\unit\\middleware\\RoleMiddleware.test.js","startTime":1775398960816,"status":"passed","summary":""},{"assertionResults":[{"ancestorTitles":["CategoryService Test Suite"],"duration":152,"failing":false,"failureDetails":[],"failureMessages":[],"fullName":"CategoryService Test Suite should create a new category","invocations":1,"location":null,"numPassingAsserts":2,"retryReasons":[],"startAt":1775398967645,"status":"passed","title":"should create a new category"},{"ancestorTitles":["CategoryService Test Suite"],"duration":57,"failing":false,"failureDetails":[],"failureMessages":[],"fullName":"CategoryService Test Suite should get all categories sorted by name","invocations":1,"location":null,"numPassingAsserts":2,"retryReasons":[],"startAt":1775398967799,"status":"passed","title":"should get all categories sorted by name"},{"ancestorTitles":["CategoryService Test Suite"],"duration":80,"failing":false,"failureDetails":[],"failureMessages":[],"fullName":"CategoryService Test Suite should retrieve a category by ID","invocations":1,"location":null,"numPassingAsserts":1,"retryReasons":[],"startAt":1775398967857,"status":"passed","title":"should retrieve a category by ID"},{"ancestorTitles":["CategoryService Test Suite"],"duration":38,"failing":false,"failureDetails":[],"failureMessages":[],"fullName":"CategoryService Test Suite should update a category and regenerate the slug","invocations":1,"location":null,"numPassingAsserts":2,"retryReasons":[],"startAt":1775398967937,"status":"passed","title":"should update a category and regenerate the slug"},{"ancestorTitles":["CategoryService Test Suite"],"duration":66,"failing":false,"failureDetails":[],"failureMessages":[],"fullName":"CategoryService Test Suite should delete a category","invocations":1,"location":null,"numPassingAsserts":1,"retryReasons":[],"startAt":1775398967975,"status":"passed","title":"should delete a category"}],"endTime":1775398969276,"message":"","name":"D:\\github\\NEXT Project\\travels\\tests\\unit\\services\\CategoryService.test.js","startTime":1775398960321,"status":"passed","summary":""},{"assertionResults":[{"ancestorTitles":["AuditLogModel Test Suite"],"duration":118,"failing":false,"failureDetails":[],"failureMessages":[],"fullName":"AuditLogModel Test Suite should require userId, action, and target","invocations":1,"location":null,"numPassingAsserts":4,"retryReasons":[],"startAt":1775398967832,"status":"passed","title":"should require userId, action, and target"},{"ancestorTitles":["AuditLogModel Test Suite"],"duration":38,"failing":false,"failureDetails":[],"failureMessages":[],"fullName":"AuditLogModel Test Suite should uppercase and trim action and target strings","invocations":1,"location":null,"numPassingAsserts":2,"retryReasons":[],"startAt":1775398967952,"status":"passed","title":"should uppercase and trim action and target strings"},{"ancestorTitles":["AuditLogModel Test Suite"],"duration":21,"failing":false,"failureDetails":[],"failureMessages":[],"fullName":"AuditLogModel Test Suite should accept flexible mixed types for details","invocations":1,"location":null,"numPassingAsserts":2,"retryReasons":[],"startAt":1775398967990,"status":"passed","title":"should accept flexible mixed types for details"}],"endTime":1775398969727,"message":"","name":"D:\\github\\NEXT Project\\travels\\tests\\unit\\models\\AuditLogModel.test.js","startTime":1775398960418,"status":"passed","summary":""},{"assertionResults":[{"ancestorTitles":["InventoryHelper Test Suite","normalizeAvailability"],"duration":8,"failing":false,"failureDetails":[],"failureMessages":[],"fullName":"InventoryHelper Test Suite normalizeAvailability should normalize Hotel/Homestay availability fields","invocations":1,"location":null,"numPassingAsserts":3,"retryReasons":[],"startAt":1775398968964,"status":"passed","title":"should normalize Hotel/Homestay availability fields"},{"ancestorTitles":["InventoryHelper Test Suite","normalizeAvailability"],"duration":2,"failing":false,"failureDetails":[],"failureMessages":[],"fullName":"InventoryHelper Test Suite normalizeAvailability should normalize Trekking/Activity slots fields","invocations":1,"location":null,"numPassingAsserts":3,"retryReasons":[],"startAt":1775398968974,"status":"passed","title":"should normalize Trekking/Activity slots fields"},{"ancestorTitles":["InventoryHelper Test Suite","normalizeAvailability"],"duration":3,"failing":false,"failureDetails":[],"failureMessages":[],"fullName":"InventoryHelper Test Suite normalizeAvailability should normalize Camping tents fields","invocations":1,"location":null,"numPassingAsserts":3,"retryReasons":[],"startAt":1775398968977,"status":"passed","title":"should normalize Camping tents fields"},{"ancestorTitles":["InventoryHelper Test Suite","normalizeAvailability"],"duration":2,"failing":false,"failureDetails":[],"failureMessages":[],"fullName":"InventoryHelper Test Suite normalizeAvailability should normalize Transport fleet fields","invocations":1,"location":null,"numPassingAsserts":3,"retryReasons":[],"startAt":1775398968981,"status":"passed","title":"should normalize Transport fleet fields"},{"ancestorTitles":["InventoryHelper Test Suite","normalizeAvailability"],"duration":1,"failing":false,"failureDetails":[],"failureMessages":[],"fullName":"InventoryHelper Test Suite normalizeAvailability should return zeros for empty item","invocations":1,"location":null,"numPassingAsserts":3,"retryReasons":[],"startAt":1775398968984,"status":"passed","title":"should return zeros for empty item"},{"ancestorTitles":["InventoryHelper Test Suite","calculateEffectivePrice"],"duration":2,"failing":false,"failureDetails":[],"failureMessages":[],"fullName":"InventoryHelper Test Suite calculateEffectivePrice should return base price when no overrides are present","invocations":1,"location":null,"numPassingAsserts":1,"retryReasons":[],"startAt":1775398968986,"status":"passed","title":"should return base price when no overrides are present"},{"ancestorTitles":["InventoryHelper Test Suite","calculateEffectivePrice"],"duration":1,"failing":false,"failureDetails":[],"failureMessages":[],"fullName":"InventoryHelper Test Suite calculateEffectivePrice should use priceOverride if provided","invocations":1,"location":null,"numPassingAsserts":1,"retryReasons":[],"startAt":1775398968988,"status":"passed","title":"should use priceOverride if provided"},{"ancestorTitles":["InventoryHelper Test Suite","calculateEffectivePrice"],"duration":5,"failing":false,"failureDetails":[],"failureMessages":[],"fullName":"InventoryHelper Test Suite calculateEffectivePrice should apply price adjustment amount","invocations":1,"location":null,"numPassingAsserts":2,"retryReasons":[],"startAt":1775398969003,"status":"passed","title":"should apply price adjustment amount"},{"ancestorTitles":["InventoryHelper Test Suite","calculateEffectivePrice"],"duration":3,"failing":false,"failureDetails":[],"failureMessages":[],"fullName":"InventoryHelper Test Suite calculateEffectivePrice should apply price adjustment percent","invocations":1,"location":null,"numPassingAsserts":2,"retryReasons":[],"startAt":1775398969016,"status":"passed","title":"should apply price adjustment percent"},{"ancestorTitles":["InventoryHelper Test Suite","calculateEffectivePrice"],"duration":1,"failing":false,"failureDetails":[],"failureMessages":[],"fullName":"InventoryHelper Test Suite calculateEffectivePrice should combine adjustment amount and percent (amount then percent on the original base)","invocations":1,"location":null,"numPassingAsserts":1,"retryReasons":[],"startAt":1775398969020,"status":"passed","title":"should combine adjustment amount and percent (amount then percent on the original base)"}],"endTime":1775398970401,"message":"","name":"D:\\github\\NEXT Project\\travels\\tests\\unit\\helpers\\InventoryHelper.test.js","startTime":1775398961408,"status":"passed","summary":""},{"assertionResults":[{"ancestorTitles":["Category API Controller Test Suite"],"duration":118,"failing":false,"failureDetails":[],"failureMessages":[],"fullName":"Category API Controller Test Suite should reject creation if not an admin","invocations":1,"location":null,"numPassingAsserts":1,"retryReasons":[],"startAt":1775398971329,"status":"passed","title":"should reject creation if not an admin"},{"ancestorTitles":["Category API Controller Test Suite"],"duration":58,"failing":false,"failureDetails":[],"failureMessages":[],"fullName":"Category API Controller Test Suite should create category if admin","invocations":1,"location":null,"numPassingAsserts":2,"retryReasons":[],"startAt":1775398971450,"status":"passed","title":"should create category if admin"},{"ancestorTitles":["Category API Controller Test Suite"],"duration":61,"failing":false,"failureDetails":[],"failureMessages":[],"fullName":"Category API Controller Test Suite should fetch all categories","invocations":1,"location":null,"numPassingAsserts":2,"retryReasons":[],"startAt":1775398971508,"status":"passed","title":"should fetch all categories"},{"ancestorTitles":["Category API Controller Test Suite"],"duration":30,"failing":false,"failureDetails":[],"failureMessages":[],"fullName":"Category API Controller Test Suite should get a category by id using params","invocations":1,"location":null,"numPassingAsserts":2,"retryReasons":[],"startAt":1775398971570,"status":"passed","title":"should get a category by id using params"}],"endTime":1775398972404,"message":"","name":"D:\\github\\NEXT Project\\travels\\tests\\unit\\controllers\\CategoryController.test.js","startTime":1775398963067,"status":"passed","summary":""},{"assertionResults":[{"ancestorTitles":["VerifiedIdentityModel Test Suite"],"duration":162,"failing":false,"failureDetails":[],"failureMessages":[],"fullName":"VerifiedIdentityModel Test Suite should require vendor, docType, and idNumber","invocations":1,"location":null,"numPassingAsserts":4,"retryReasons":[],"startAt":1775398971474,"status":"passed","title":"should require vendor, docType, and idNumber"},{"ancestorTitles":["VerifiedIdentityModel Test Suite"],"duration":31,"failing":false,"failureDetails":[],"failureMessages":[],"fullName":"VerifiedIdentityModel Test Suite should enforce docType enum of Aadhar or PAN","invocations":1,"location":null,"numPassingAsserts":2,"retryReasons":[],"startAt":1775398971640,"status":"passed","title":"should enforce docType enum of Aadhar or PAN"},{"ancestorTitles":["VerifiedIdentityModel Test Suite"],"duration":51,"failing":false,"failureDetails":[],"failureMessages":[],"fullName":"VerifiedIdentityModel Test Suite should uniqueness of vendor and docType","invocations":1,"location":null,"numPassingAsserts":2,"retryReasons":[],"startAt":1775398971672,"status":"passed","title":"should uniqueness of vendor and docType"}],"endTime":1775398972417,"message":"","name":"D:\\github\\NEXT Project\\travels\\tests\\unit\\models\\VerifiedIdentityModel.test.js","startTime":1775398962102,"status":"passed","summary":""},{"assertionResults":[{"ancestorTitles":["JWT Helper"],"duration":119,"failing":false,"failureDetails":[],"failureMessages":[],"fullName":"JWT Helper should generate a valid token and verify it","invocations":1,"location":null,"numPassingAsserts":3,"retryReasons":[],"startAt":1775398971518,"status":"passed","title":"should generate a valid token and verify it"},{"ancestorTitles":["JWT Helper"],"duration":9,"failing":false,"failureDetails":[],"failureMessages":[],"fullName":"JWT Helper should return null for invalid token","invocations":1,"location":null,"numPassingAsserts":1,"retryReasons":[],"startAt":1775398971640,"status":"passed","title":"should return null for invalid token"},{"ancestorTitles":["JWT Helper"],"duration":12,"failing":false,"failureDetails":[],"failureMessages":[],"fullName":"JWT Helper should return null for expired or tampered token","invocations":1,"location":null,"numPassingAsserts":1,"retryReasons":[],"startAt":1775398971650,"status":"passed","title":"should return null for expired or tampered token"}],"endTime":1775398972575,"message":"","name":"D:\\github\\NEXT Project\\travels\\tests\\unit\\helpers\\JwtHelper.test.js","startTime":1775398962508,"status":"passed","summary":""},{"assertionResults":[{"ancestorTitles":["DateUtils Helper Test Suite"],"duration":8,"failing":false,"failureDetails":[],"failureMessages":[],"fullName":"DateUtils Helper Test Suite should return start of the year for yearly period","invocations":1,"location":null,"numPassingAsserts":3,"retryReasons":[],"startAt":1775398972843,"status":"passed","title":"should return start of the year for yearly period"},{"ancestorTitles":["DateUtils Helper Test Suite"],"duration":2,"failing":false,"failureDetails":[],"failureMessages":[],"fullName":"DateUtils Helper Test Suite should default to last month for monthly period","invocations":1,"location":null,"numPassingAsserts":1,"retryReasons":[],"startAt":1775398972853,"status":"passed","title":"should default to last month for monthly period"}],"endTime":1775398973992,"message":"","name":"D:\\github\\NEXT Project\\travels\\tests\\unit\\helpers\\DateUtils.test.js","startTime":1775398964302,"status":"passed","summary":""},{"assertionResults":[{"ancestorTitles":["BannerModel Test Suite"],"duration":186,"failing":false,"failureDetails":[],"failureMessages":[],"fullName":"BannerModel Test Suite should require an imageUrl","invocations":1,"location":null,"numPassingAsserts":2,"retryReasons":[],"startAt":1775398974960,"status":"passed","title":"should require an imageUrl"},{"ancestorTitles":["BannerModel Test Suite"],"duration":38,"failing":false,"failureDetails":[],"failureMessages":[],"fullName":"BannerModel Test Suite should create banner with defaults","invocations":1,"location":null,"numPassingAsserts":2,"retryReasons":[],"startAt":1775398975149,"status":"passed","title":"should create banner with defaults"}],"endTime":1775398976039,"message":"","name":"D:\\github\\NEXT Project\\travels\\tests\\unit\\models\\BannerModel.test.js","startTime":1775398965400,"status":"passed","summary":""},{"assertionResults":[{"ancestorTitles":["VendorModel Test Suite"],"duration":267,"failing":false,"failureDetails":[],"failureMessages":[],"fullName":"VendorModel Test Suite should fail validation when required fields are missing","invocations":1,"location":null,"numPassingAsserts":3,"retryReasons":[],"startAt":1775398975857,"status":"passed","title":"should fail validation when required fields are missing"},{"ancestorTitles":["VendorModel Test Suite"],"duration":170,"failing":false,"failureDetails":[],"failureMessages":[],"fullName":"VendorModel Test Suite should create a valid vendor with references","invocations":1,"location":null,"numPassingAsserts":3,"retryReasons":[],"startAt":1775398976126,"status":"passed","title":"should create a valid vendor with references"}],"endTime":1775398977034,"message":"","name":"D:\\github\\NEXT Project\\travels\\tests\\unit\\models\\VendorModel.test.js","startTime":1775398967522,"status":"passed","summary":""},{"assertionResults":[{"ancestorTitles":["ApiHandler Helper Test Suite"],"duration":1040,"failing":false,"failureDetails":[],"failureMessages":[],"fullName":"ApiHandler Helper Test Suite should wrap success responses correctly","invocations":1,"location":null,"numPassingAsserts":2,"retryReasons":[],"startAt":1775398972699,"status":"passed","title":"should wrap success responses correctly"},{"ancestorTitles":["ApiHandler Helper Test Suite"],"duration":97,"failing":false,"failureDetails":[],"failureMessages":[],"fullName":"ApiHandler Helper Test Suite should trigger automatic audit log for POST requests with user","invocations":1,"location":null,"numPassingAsserts":1,"retryReasons":[],"startAt":1775398973743,"status":"passed","title":"should trigger automatic audit log for POST requests with user"},{"ancestorTitles":["ApiHandler Helper Test Suite"],"duration":281,"failing":false,"failureDetails":[],"failureMessages":[],"fullName":"ApiHandler Helper Test Suite should return 500 on unhandled exceptions in handler","invocations":1,"location":null,"numPassingAsserts":1,"retryReasons":[],"startAt":1775398973841,"status":"passed","title":"should return 500 on unhandled exceptions in handler"}],"endTime":1775398979690,"message":"","name":"D:\\github\\NEXT Project\\travels\\tests\\unit\\helpers\\ApiHandler.test.js","startTime":1775398961668,"status":"passed","summary":""},{"assertionResults":[{"ancestorTitles":["RazorpayService Test Suite","_getInstance"],"duration":50,"failing":false,"failureDetails":[],"failureMessages":[],"fullName":"RazorpayService Test Suite _getInstance should return instance if keys exist","invocations":1,"location":null,"numPassingAsserts":1,"retryReasons":[],"startAt":1775398977827,"status":"passed","title":"should return instance if keys exist"},{"ancestorTitles":["RazorpayService Test Suite","_getInstance"],"duration":4,"failing":false,"failureDetails":[],"failureMessages":[],"fullName":"RazorpayService Test Suite _getInstance should return null if keys are missing","invocations":1,"location":null,"numPassingAsserts":1,"retryReasons":[],"startAt":1775398977899,"status":"passed","title":"should return null if keys are missing"},{"ancestorTitles":["RazorpayService Test Suite","createOrder"],"duration":147,"failing":false,"failureDetails":[],"failureMessages":[],"fullName":"RazorpayService Test Suite createOrder should throw error if config missing","invocations":1,"location":null,"numPassingAsserts":1,"retryReasons":[],"startAt":1775398977904,"status":"passed","title":"should throw error if config missing"},{"ancestorTitles":["RazorpayService Test Suite","createOrder"],"duration":74,"failing":false,"failureDetails":[],"failureMessages":[],"fullName":"RazorpayService Test Suite createOrder should create order successfully","invocations":1,"location":null,"numPassingAsserts":2,"retryReasons":[],"startAt":1775398978052,"status":"passed","title":"should create order successfully"},{"ancestorTitles":["RazorpayService Test Suite","createOrder"],"duration":304,"failing":false,"failureDetails":[],"failureMessages":[],"fullName":"RazorpayService Test Suite createOrder should throw error if creation fails","invocations":1,"location":null,"numPassingAsserts":1,"retryReasons":[],"startAt":1775398978128,"status":"passed","title":"should throw error if creation fails"},{"ancestorTitles":["RazorpayService Test Suite","verifySignature"],"duration":2,"failing":false,"failureDetails":[],"failureMessages":[],"fullName":"RazorpayService Test Suite verifySignature should return false if secret is missing","invocations":1,"location":null,"numPassingAsserts":1,"retryReasons":[],"startAt":1775398978432,"status":"passed","title":"should return false if secret is missing"},{"ancestorTitles":["RazorpayService Test Suite","verifySignature"],"duration":3,"failing":false,"failureDetails":[],"failureMessages":[],"fullName":"RazorpayService Test Suite verifySignature should return false for invalid signature","invocations":1,"location":null,"numPassingAsserts":1,"retryReasons":[],"startAt":1775398978434,"status":"passed","title":"should return false for invalid signature"},{"ancestorTitles":["RazorpayService Test Suite","verifySignature"],"duration":2,"failing":false,"failureDetails":[],"failureMessages":[],"fullName":"RazorpayService Test Suite verifySignature should return true for valid signature","invocations":1,"location":null,"numPassingAsserts":1,"retryReasons":[],"startAt":1775398978437,"status":"passed","title":"should return true for valid signature"},{"ancestorTitles":["RazorpayService Test Suite","verifyWebhookSignature"],"duration":2,"failing":false,"failureDetails":[],"failureMessages":[],"fullName":"RazorpayService Test Suite verifyWebhookSignature should return false if webhook secret is missing","invocations":1,"location":null,"numPassingAsserts":1,"retryReasons":[],"startAt":1775398978440,"status":"passed","title":"should return false if webhook secret is missing"},{"ancestorTitles":["RazorpayService Test Suite","verifyWebhookSignature"],"duration":2,"failing":false,"failureDetails":[],"failureMessages":[],"fullName":"RazorpayService Test Suite verifyWebhookSignature should return false for invalid webhook signature","invocations":1,"location":null,"numPassingAsserts":1,"retryReasons":[],"startAt":1775398978442,"status":"passed","title":"should return false for invalid webhook signature"},{"ancestorTitles":["RazorpayService Test Suite","verifyWebhookSignature"],"duration":2,"failing":false,"failureDetails":[],"failureMessages":[],"fullName":"RazorpayService Test Suite verifyWebhookSignature should return true for valid webhook signature","invocations":1,"location":null,"numPassingAsserts":1,"retryReasons":[],"startAt":1775398978445,"status":"passed","title":"should return true for valid webhook signature"}],"endTime":1775398980214,"message":"","name":"D:\\github\\NEXT Project\\travels\\tests\\unit\\services\\RazorpayService.test.js","startTime":1775398969307,"status":"passed","summary":""},{"assertionResults":[{"ancestorTitles":["ParseBody Helper Test Suite"],"duration":6,"failing":false,"failureDetails":[],"failureMessages":[],"fullName":"ParseBody Helper Test Suite should use req.jsonBody if present","invocations":1,"location":null,"numPassingAsserts":1,"retryReasons":[],"startAt":1775398977687,"status":"passed","title":"should use req.jsonBody if present"},{"ancestorTitles":["ParseBody Helper Test Suite"],"duration":6,"failing":false,"failureDetails":[],"failureMessages":[],"fullName":"ParseBody Helper Test Suite should parse JSON content type","invocations":1,"location":null,"numPassingAsserts":1,"retryReasons":[],"startAt":1775398977695,"status":"passed","title":"should parse JSON content type"},{"ancestorTitles":["ParseBody Helper Test Suite"],"duration":9,"failing":false,"failureDetails":[],"failureMessages":[],"fullName":"ParseBody Helper Test Suite should handle failed parsing gracefully","invocations":1,"location":null,"numPassingAsserts":1,"retryReasons":[],"startAt":1775398977702,"status":"passed","title":"should handle failed parsing gracefully"}],"endTime":1775398980355,"message":"","name":"D:\\github\\NEXT Project\\travels\\tests\\unit\\helpers\\ParseBody.test.js","startTime":1775398969766,"status":"passed","summary":""},{"assertionResults":[{"ancestorTitles":["CategoryDocumentModel Test Suite"],"duration":103,"failing":false,"failureDetails":[],"failureMessages":[],"fullName":"CategoryDocumentModel Test Suite should fail if missing required name or category_slug","invocations":1,"location":null,"numPassingAsserts":3,"retryReasons":[],"startAt":1775398979831,"status":"passed","title":"should fail if missing required name or category_slug"},{"ancestorTitles":["CategoryDocumentModel Test Suite"],"duration":37,"failing":false,"failureDetails":[],"failureMessages":[],"fullName":"CategoryDocumentModel Test Suite should save a valid CategoryDocument with defaults","invocations":1,"location":null,"numPassingAsserts":3,"retryReasons":[],"startAt":1775398979936,"status":"passed","title":"should save a valid CategoryDocument with defaults"}],"endTime":1775398981379,"message":"","name":"D:\\github\\NEXT Project\\travels\\tests\\unit\\models\\CategoryDocumentModel.test.js","startTime":1775398970719,"status":"passed","summary":""},{"assertionResults":[{"ancestorTitles":["VendorClosureModel Test Suite"],"duration":123,"failing":false,"failureDetails":[],"failureMessages":[],"fullName":"VendorClosureModel Test Suite should validate required fields","invocations":1,"location":null,"numPassingAsserts":4,"retryReasons":[],"startAt":1775398982792,"status":"passed","title":"should validate required fields"},{"ancestorTitles":["VendorClosureModel Test Suite"],"duration":237,"failing":false,"failureDetails":[],"failureMessages":[],"fullName":"VendorClosureModel Test Suite should create a valid closure record","invocations":1,"location":null,"numPassingAsserts":3,"retryReasons":[],"startAt":1775398982918,"status":"passed","title":"should create a valid closure record"}],"endTime":1775398984211,"message":"","name":"D:\\github\\NEXT Project\\travels\\tests\\unit\\models\\VendorClosureModel.test.js","startTime":1775398972458,"status":"passed","summary":""},{"assertionResults":[{"ancestorTitles":["CountryModel Test Suite"],"duration":146,"failing":false,"failureDetails":[],"failureMessages":[],"fullName":"CountryModel Test Suite should require name, isoCode, phoneCode, and currency","invocations":1,"location":null,"numPassingAsserts":5,"retryReasons":[],"startAt":1775398982895,"status":"passed","title":"should require name, isoCode, phoneCode, and currency"},{"ancestorTitles":["CountryModel Test Suite"],"duration":33,"failing":false,"failureDetails":[],"failureMessages":[],"fullName":"CountryModel Test Suite should uppercase isoCode and default to active status","invocations":1,"location":null,"numPassingAsserts":2,"retryReasons":[],"startAt":1775398983043,"status":"passed","title":"should uppercase isoCode and default to active status"}],"endTime":1775398984400,"message":"","name":"D:\\github\\NEXT Project\\travels\\tests\\unit\\models\\CountryModel.test.js","startTime":1775398972602,"status":"passed","summary":""},{"assertionResults":[{"ancestorTitles":["PolicyModel Test Suite"],"duration":170,"failing":false,"failureDetails":[],"failureMessages":[],"fullName":"PolicyModel Test Suite should require target, type, and content","invocations":1,"location":null,"numPassingAsserts":4,"retryReasons":[],"startAt":1775398982897,"status":"passed","title":"should require target, type, and content"},{"ancestorTitles":["PolicyModel Test Suite"],"duration":55,"failing":false,"failureDetails":[],"failureMessages":[],"fullName":"PolicyModel Test Suite should strictly enforce uniqueness of target and type","invocations":1,"location":null,"numPassingAsserts":2,"retryReasons":[],"startAt":1775398983069,"status":"passed","title":"should strictly enforce uniqueness of target and type"}],"endTime":1775398984504,"message":"","name":"D:\\github\\NEXT Project\\travels\\tests\\unit\\models\\PolicyModel.test.js","startTime":1775398972455,"status":"passed","summary":""},{"assertionResults":[{"ancestorTitles":["VendorService Test Suite"],"duration":1202,"failing":false,"failureDetails":[],"failureMessages":[],"fullName":"VendorService Test Suite should upsert a new vendor profile","invocations":1,"location":null,"num
[...]
nquiryModel Test Suite"],"duration":119,"failing":false,"failureDetails":[],"failureMessages":[],"fullName":"InquiryModel Test Suite should require name, email, and message","invocations":1,"location":null,"numPassingAsserts":4,"retryReasons":[],"startAt":1775398990568,"status":"passed","title":"should require name, email, and message"},{"ancestorTitles":["InquiryModel Test Suite"],"duration":55,"failing":false,"failureDetails":[],"failureMessages":[],"fullName":"InquiryModel Test Suite should create an inquiry with pending and medium defaults","invocations":1,"location":null,"numPassingAsserts":2,"retryReasons":[],"startAt":1775398990691,"status":"passed","title":"should create an inquiry with pending and medium defaults"}],"endTime":1775398992272,"message":"","name":"D:\\github\\NEXT Project\\travels\\tests\\unit\\models\\InquiryModel.test.js","startTime":1775398980773,"status":"passed","summary":""},{"assertionResults":[{"ancestorTitles":["OTPService"],"duration":617,"failing":false,"failureDetails":[],"failureMessages":[],"fullName":"OTPService should generate an OTP and store it","invocations":1,"location":null,"numPassingAsserts":3,"retryReasons":[],"startAt":1775398991194,"status":"passed","title":"should generate an OTP and store it"},{"ancestorTitles":["OTPService"],"duration":47,"failing":false,"failureDetails":[],"failureMessages":[],"fullName":"OTPService should return null for invalid OTP","invocations":1,"location":null,"numPassingAsserts":1,"retryReasons":[],"startAt":1775398991814,"status":"passed","title":"should return null for invalid OTP"},{"ancestorTitles":["OTPService"],"duration":90,"failing":false,"failureDetails":[],"failureMessages":[],"fullName":"OTPService should return null for expired OTP","invocations":1,"location":null,"numPassingAsserts":1,"retryReasons":[],"startAt":1775398991862,"status":"passed","title":"should return null for expired OTP"},{"ancestorTitles":["OTPService"],"duration":26,"failing":false,"failureDetails":[],"failureMessages":[],"fullName":"OTPService should support dynamic master OTP from env","invocations":1,"location":null,"numPassingAsserts":3,"retryReasons":[],"startAt":1775398991953,"status":"passed","title":"should support dynamic master OTP from env"},{"ancestorTitles":["OTPService"],"duration":62,"failing":false,"failureDetails":[],"failureMessages":[],"fullName":"OTPService should delete OTP after successful verification","invocations":1,"location":null,"numPassingAsserts":1,"retryReasons":[],"startAt":1775398991979,"status":"passed","title":"should delete OTP after successful verification"}],"endTime":1775398993852,"message":"","name":"D:\\github\\NEXT Project\\travels\\tests\\unit\\services\\OTPService.test.js","startTime":1775398981413,"status":"passed","summary":""},{"assertionResults":[{"ancestorTitles":["RateLimit Model"],"duration":179,"failing":false,"failureDetails":[],"failureMessages":[],"fullName":"RateLimit Model should create a rate limit bucket","invocations":1,"location":null,"numPassingAsserts":2,"retryReasons":[],"startAt":1775398992692,"status":"passed","title":"should create a rate limit bucket"},{"ancestorTitles":["RateLimit Model"],"duration":114,"failing":false,"failureDetails":[],"failureMessages":[],"fullName":"RateLimit Model should fail on duplicate keys","invocations":1,"location":null,"numPassingAsserts":1,"retryReasons":[],"startAt":1775398992873,"status":"passed","title":"should fail on duplicate keys"}],"endTime":1775398993948,"message":"","name":"D:\\github\\NEXT Project\\travels\\tests\\unit\\models\\RateLimitModel.test.js","startTime":1775398984253,"status":"passed","summary":""},{"assertionResults":[{"ancestorTitles":["Dispute Model"],"duration":152,"failing":false,"failureDetails":[],"failureMessages":[],"fullName":"Dispute Model should create a dispute with defaults","invocations":1,"location":null,"numPassingAsserts":2,"retryReasons":[],"startAt":1775398993038,"status":"passed","title":"should create a dispute with defaults"},{"ancestorTitles":["Dispute Model"],"duration":48,"failing":false,"failureDetails":[],"failureMessages":[],"fullName":"Dispute Model should fail if reason is invalid","invocations":1,"location":null,"numPassingAsserts":1,"retryReasons":[],"startAt":1775398993193,"status":"passed","title":"should fail if reason is invalid"}],"endTime":1775398994105,"message":"","name":"D:\\github\\NEXT Project\\travels\\tests\\unit\\models\\DisputeModel.test.js","startTime":1775398984442,"status":"passed","summary":""},{"assertionResults":[{"ancestorTitles":["GeoUtils Helper Test Suite"],"duration":8,"failing":false,"failureDetails":[],"failureMessages":[],"fullName":"GeoUtils Helper Test Suite should convert latitude/longitude strings to GeoJSON point","invocations":1,"location":null,"numPassingAsserts":3,"retryReasons":[],"startAt":1775398993950,"status":"passed","title":"should convert latitude/longitude strings to GeoJSON point"},{"ancestorTitles":["GeoUtils Helper Test Suite"],"duration":3,"failing":false,"failureDetails":[],"failureMessages":[],"fullName":"GeoUtils Helper Test Suite should ignore objects missing latitude or longitude","invocations":1,"location":null,"numPassingAsserts":1,"retryReasons":[],"startAt":1775398993960,"status":"passed","title":"should ignore objects missing latitude or longitude"}],"endTime":1775398994868,"message":"","name":"D:\\github\\NEXT Project\\travels\\tests\\unit\\helpers\\GeoUtils.test.js","startTime":1775398984558,"status":"passed","summary":""},{"assertionResults":[{"ancestorTitles":["Validation Helper","passwordLogin validation"],"duration":12,"failing":false,"failureDetails":[],"failureMessages":[],"fullName":"Validation Helper passwordLogin validation should pass for valid email and password","invocations":1,"location":null,"numPassingAsserts":2,"retryReasons":[],"startAt":1775398994599,"status":"passed","title":"should pass for valid email and password"},{"ancestorTitles":["Validation Helper","passwordLogin validation"],"duration":5,"failing":false,"failureDetails":[],"failureMessages":[],"fullName":"Validation Helper passwordLogin validation should fail for invalid email","invocations":1,"location":null,"numPassingAsserts":2,"retryReasons":[],"startAt":1775398994614,"status":"passed","title":"should fail for invalid email"},{"ancestorTitles":["Validation Helper","passwordLogin validation"],"duration":3,"failing":false,"failureDetails":[],"failureMessages":[],"fullName":"Validation Helper passwordLogin validation should fail for short password","invocations":1,"location":null,"numPassingAsserts":2,"retryReasons":[],"startAt":1775398994619,"status":"passed","title":"should fail for short password"},{"ancestorTitles":["Validation Helper","otpSend validation"],"duration":3,"failing":false,"failureDetails":[],"failureMessages":[],"fullName":"Validation Helper otpSend validation should pass for either email or phone","invocations":1,"location":null,"numPassingAsserts":2,"retryReasons":[],"startAt":1775398994623,"status":"passed","title":"should pass for either email or phone"},{"ancestorTitles":["Validation Helper","otpSend validation"],"duration":2,"failing":false,"failureDetails":[],"failureMessages":[],"fullName":"Validation Helper otpSend validation should fail if both are missing","invocations":1,"location":null,"numPassingAsserts":1,"retryReasons":[],"startAt":1775398994627,"status":"passed","title":"should fail if both are missing"},{"ancestorTitles":["Validation Helper","otpLogin validation"],"duration":4,"failing":false,"failureDetails":[],"failureMessages":[],"fullName":"Validation Helper otpLogin validation should transform result with identifier","invocations":1,"location":null,"numPassingAsserts":2,"retryReasons":[],"startAt":1775398994630,"status":"passed","title":"should transform result with identifier"},{"ancestorTitles":["Validation Helper","otpLogin validation"],"duration":18,"failing":false,"failureDetails":[],"failureMessages":[],"fullName":"Validation Helper otpLogin validation should map role to targetRole during transformation","invocations":1,"location":null,"numPassingAsserts":2,"retryReasons":[],"startAt":1775398994635,"status":"passed","title":"should map role to targetRole during transformation"},{"ancestorTitles":["Validation Helper","booking validation"],"duration":5,"failing":false,"failureDetails":[],"failureMessages":[],"fullName":"Validation Helper booking validation should pass for valid dates","invocations":1,"location":null,"numPassingAsserts":1,"retryReasons":[],"startAt":1775398994654,"status":"passed","title":"should pass for valid dates"},{"ancestorTitles":["Validation Helper","booking validation"],"duration":3,"failing":false,"failureDetails":[],"failureMessages":[],"fullName":"Validation Helper booking validation should fail for invalid dates","invocations":1,"location":null,"numPassingAsserts":1,"retryReasons":[],"startAt":1775398994660,"status":"passed","title":"should fail for invalid dates"}],"endTime":1775398995317,"message":"","name":"D:\\github\\NEXT Project\\travels\\tests\\unit\\helpers\\ValidationHelper.test.js","startTime":1775398985477,"status":"passed","summary":""},{"assertionResults":[{"ancestorTitles":["OCRService Test Suite"],"duration":34,"failing":false,"failureDetails":[],"failureMessages":[],"fullName":"OCRService Test Suite should extract PAN details correctly","invocations":1,"location":null,"numPassingAsserts":5,"retryReasons":[],"startAt":1775398995408,"status":"passed","title":"should extract PAN details correctly"},{"ancestorTitles":["OCRService Test Suite"],"duration":9,"failing":false,"failureDetails":[],"failureMessages":[],"fullName":"OCRService Test Suite should extract Aadhar details correctly","invocations":1,"location":null,"numPassingAsserts":4,"retryReasons":[],"startAt":1775398995447,"status":"passed","title":"should extract Aadhar details correctly"},{"ancestorTitles":["OCRService Test Suite"],"duration":5,"failing":false,"failureDetails":[],"failureMessages":[],"fullName":"OCRService Test Suite should return an error if processing fails","invocations":1,"location":null,"numPassingAsserts":1,"retryReasons":[],"startAt":1775398995457,"status":"passed","title":"should return an error if processing fails"}],"endTime":1775398995986,"message":"","name":"D:\\github\\NEXT Project\\travels\\tests\\unit\\services\\OCRService.test.js","startTime":1775398986709,"status":"passed","summary":""},{"assertionResults":[{"ancestorTitles":["SearchLogModel Test Suite"],"duration":199,"failing":false,"failureDetails":[],"failureMessages":[],"fullName":"SearchLogModel Test Suite should require a query","invocations":1,"location":null,"numPassingAsserts":2,"retryReasons":[],"startAt":1775398995147,"status":"passed","title":"should require a query"},{"ancestorTitles":["SearchLogModel Test Suite"],"duration":53,"failing":false,"failureDetails":[],"failureMessages":[],"fullName":"SearchLogModel Test Suite should trim and lowercase the query string","invocations":1,"location":null,"numPassingAsserts":3,"retryReasons":[],"startAt":1775398995350,"status":"passed","title":"should trim and lowercase the query string"}],"endTime":1775398996165,"message":"","name":"D:\\github\\NEXT Project\\travels\\tests\\unit\\models\\SearchLogModel.test.js","startTime":1775398985608,"status":"passed","summary":""},{"assertionResults":[{"ancestorTitles":["Router Static Utility Test Suite"],"duration":32,"failing":false,"failureDetails":[],"failureMessages":[],"fullName":"Router Static Utility Test Suite should group routes with common prefix","invocations":1,"location":null,"numPassingAsserts":2,"retryReasons":[],"startAt":1775398996188,"status":"passed","title":"should group routes with common prefix"},{"ancestorTitles":["Router Static Utility Test Suite"],"duration":11,"failing":false,"failureDetails":[],"failureMessages":[],"fullName":"Router Static Utility Test Suite should correctly merge middleware arrays","invocations":1,"location":null,"numPassingAsserts":1,"retryReasons":[],"startAt":1775398996223,"status":"passed","title":"should correctly merge middleware arrays"},{"ancestorTitles":["Router Static Utility Test Suite"],"duration":3,"failing":false,"failureDetails":[],"failureMessages":[],"fullName":"Router Static Utility Test Suite should handle nested groups and flatten them","invocations":1,"location":null,"numPassingAsserts":2,"retryReasons":[],"startAt":1775398996235,"status":"passed","title":"should handle nested groups and flatten them"}],"endTime":1775398996749,"message":"","name":"D:\\github\\NEXT Project\\travels\\tests\\unit\\routes\\Router.test.js","startTime":1775398988442,"status":"passed","summary":""},{"assertionResults":[{"ancestorTitles":["RequestUtils Helper Test Suite"],"duration":15,"failing":false,"failureDetails":[],"failureMessages":[],"fullName":"RequestUtils Helper Test Suite should extract IP and User-Agent from standard headers","invocations":1,"location":null,"numPassingAsserts":2,"retryReasons":[],"startAt":1775398996590,"status":"passed","title":"should extract IP and User-Agent from standard headers"},{"ancestorTitles":["RequestUtils Helper Test Suite"],"duration":4,"failing":false,"failureDetails":[],"failureMessages":[],"fullName":"RequestUtils Helper Test Suite should handle Next.js Headers objects","invocations":1,"location":null,"numPassingAsserts":2,"retryReasons":[],"startAt":1775398996609,"status":"passed","title":"should handle Next.js Headers objects"}],"endTime":1775398996902,"message":"","name":"D:\\github\\NEXT Project\\travels\\tests\\unit\\helpers\\RequestUtils.test.js","startTime":1775398989475,"status":"passed","summary":""},{"assertionResults":[{"ancestorTitles":["appConfig"],"duration":163,"failing":false,"failureDetails":[],"failureMessages":[],"fullName":"appConfig should return database settings if present","invocations":1,"location":null,"numPassingAsserts":2,"retryReasons":[],"startAt":1775398996745,"status":"passed","title":"should return database settings if present"},{"ancestorTitles":["appConfig"],"duration":20,"failing":false,"failureDetails":[],"failureMessages":[],"fullName":"appConfig should fallback to env variables if DB is empty","invocations":1,"location":null,"numPassingAsserts":1,"retryReasons":[],"startAt":1775398996910,"status":"passed","title":"should fallback to env variables if DB is empty"},{"ancestorTitles":["appConfig"],"duration":29,"failing":false,"failureDetails":[],"failureMessages":[],"fullName":"appConfig should respect false boolean values from DB (no fallback to true env)","invocations":1,"location":null,"numPassingAsserts":1,"retryReasons":[],"startAt":1775398996930,"status":"passed","title":"should respect false boolean values from DB (no fallback to true env)"},{"ancestorTitles":["appConfig"],"duration":57,"failing":false,"failureDetails":[],"failureMessages":[],"fullName":"appConfig should clear cache and fetch fresh values","invocations":1,"location":null,"numPassingAsserts":3,"retryReasons":[],"startAt":1775398996959,"status":"passed","title":"should clear cache and fetch fresh values"}],"endTime":1775398997820,"message":"","name":"D:\\github\\NEXT Project\\travels\\tests\\unit\\lib\\AppConfig.test.js","startTime":1775398989349,"status":"passed","summary":""},{"assertionResults":[{"ancestorTitles":["ParseNestedFormData Test Suite"],"duration":5,"failing":false,"failureDetails":[],"failureMessages":[],"fullName":"ParseNestedFormData Test Suite should parse simple key-value pairs","invocations":1,"location":null,"numPassingAsserts":2,"retryReasons":[],"startAt":1775398998890,"status":"passed","title":"should parse simple key-value pairs"},{"ancestorTitles":["ParseNestedFormData Test Suite"],"duration":2,"failing":false,"failureDetails":[],"failureMessages":[],"fullName":"ParseNestedFormData Test Suite should parse boolean values","invocations":1,"location":null,"numPassingAsserts":2,"retryReasons":[],"startAt":1775398998896,"status":"passed","title":"should parse boolean values"},{"ancestorTitles":["ParseNestedFormData Test Suite"],"duration":2,"failing":false,"failureDetails":[],"failureMessages":[],"fullName":"ParseNestedFormData Test Suite should parse nested objects","invocations":1,"location":null,"numPassingAsserts":2,"retryReasons":[],"startAt":1775398998898,"status":"passed","title":"should parse nested objects"},{"ancestorTitles":["ParseNestedFormData Test Suite"],"duration":1,"failing":false,"failureDetails":[],"failureMessages":[],"fullName":"ParseNestedFormData Test Suite should parse arrays","invocations":1,"location":null,"numPassingAsserts":2,"retryReasons":[],"startAt":1775398998901,"status":"passed","title":"should parse arrays"}],"endTime":1775398999203,"message":"","name":"D:\\github\\NEXT Project\\travels\\tests\\unit\\helpers\\ParseNestedFormData.test.js","startTime":1775398992691,"status":"passed","summary":""},{"assertionResults":[{"ancestorTitles":["QueryUtils Helper Test Suite","buildPaginationQuery"],"duration":7,"failing":false,"failureDetails":[],"failureMessages":[],"fullName":"QueryUtils Helper Test Suite buildPaginationQuery should extract values from URL","invocations":1,"location":null,"numPassingAsserts":3,"retryReasons":[],"startAt":1775398999576,"status":"passed","title":"should extract values from URL"},{"ancestorTitles":["QueryUtils Helper Test Suite","buildPaginationQuery"],"duration":1,"failing":false,"failureDetails":[],"failureMessages":[],"fullName":"QueryUtils Helper Test Suite buildPaginationQuery should use defaults if params missing","invocations":1,"location":null,"numPassingAsserts":3,"retryReasons":[],"startAt":1775398999584,"status":"passed","title":"should use defaults if params missing"},{"ancestorTitles":["QueryUtils Helper Test Suite","paginateArray"],"duration":3,"failing":false,"failureDetails":[],"failureMessages":[],"fullName":"QueryUtils Helper Test Suite paginateArray should slice array correctly","invocations":1,"location":null,"numPassingAsserts":3,"retryReasons":[],"startAt":1775398999585,"status":"passed","title":"should slice array correctly"}],"endTime":1775398999806,"message":"","name":"D:\\github\\NEXT Project\\travels\\tests\\unit\\helpers\\QueryUtils.test.js","startTime":1775398993883,"status":"passed","summary":""},{"assertionResults":[{"ancestorTitles":["SecurityHelper Test Suite","sanitizeNoSQL"],"duration":6,"failing":false,"failureDetails":[],"failureMessages":[],"fullName":"SecurityHelper Test Suite sanitizeNoSQL should remove keys starting with $","invocations":1,"location":null,"numPassingAsserts":4,"retryReasons":[],"startAt":1775398999598,"status":"passed","title":"should remove keys starting with $"},{"ancestorTitles":["SecurityHelper Test Suite","sanitizeNoSQL"],"duration":1,"failing":false,"failureDetails":[],"failureMessages":[],"fullName":"SecurityHelper Test Suite sanitizeNoSQL should handle arrays","invocations":1,"location":null,"numPassingAsserts":2,"retryReasons":[],"startAt":1775398999605,"status":"passed","title":"should handle arrays"},{"ancestorTitles":["SecurityHelper Test Suite","sanitizeHTML"],"duration":1,"failing":false,"failureDetails":[],"failureMessages":[],"fullName":"SecurityHelper Test Suite sanitizeHTML should escape dangerous characters","invocations":1,"location":null,"numPassingAsserts":1,"retryReasons":[],"startAt":1775398999606,"status":"passed","title":"should escape dangerous characters"},{"ancestorTitles":["SecurityHelper Test Suite","redactSensitiveData"],"duration":2,"failing":false,"failureDetails":[],"failureMessages":[],"fullName":"SecurityHelper Test Suite redactSensitiveData should replace sensitive keys with redaction placeholder","invocations":1,"location":null,"numPassingAsserts":4,"retryReasons":[],"startAt":1775398999607,"status":"passed","title":"should replace sensitive keys with redaction placeholder"}],"endTime":1775398999848,"message":"","name":"D:\\github\\NEXT Project\\travels\\tests\\unit\\helpers\\SecurityHelper.test.js","startTime":1775398993979,"status":"passed","summary":""}],"wasInterrupted":false}
