{"numFailedTestSuites":10,"numFailedTests":15,"numPassedTestSuites":28,"numPassedTests":104,"numPendingTestSuites":0,"numPendingTests":0,"numRuntimeErrorTestSuites":1,"numTodoTests":0,"numTotalTestSuites":38,"numTotalTests":119,"openHandles":[],"snapshot":{"added":0,"didUpdate":false,"failure":false,"filesAdded":0,"filesRemoved":0,"filesRemovedList":[],"filesUnmatched":0,"filesUpdated":0,"matched":0,"total":0,"unchecked":0,"uncheckedKeysByFile":[],"unmatched":0,"updated":0},"startTime":1773806452708,"success":false,"testResults":[{"assertionResults":[],"coverage":{},"endTime":1773806478254,"message":"  \u001b[1m● \u001b[22mTest suite failed to run\n\n    ReferenceError: require is not defined\n\n    \u001b[0m \u001b[90m 13 |\u001b[39m         verifyIdToken\u001b[33m:\u001b[39m jest\u001b[33m.\u001b[39mfn()\n     \u001b[90m 14 |\u001b[39m     }))\n    \u001b[31m\u001b[1m>\u001b[22m\u001b[39m\u001b[90m 15 |\u001b[39m }))\u001b[33m;\u001b[39m\n     \u001b[90m    |\u001b[39m     \u001b[31m\u001b[1m^\u001b[22m\u001b[39m\n     \u001b[90m 16 |\u001b[39m\n     \u001b[90m 17 |\u001b[39m\n     \u001b[90m 18 |\u001b[39m\u001b[0m\n\n      \u001b[2mat require (\u001b[22m\u001b[0m\u001b[36mtests/unit/AuthService.test.js\u001b[39m\u001b[0m\u001b[2m:15:5)\u001b[22m\n      \u001b[2mat _getJestObj (\u001b[22m\u001b[0m\u001b[36mtests/unit/AuthService.test.js\u001b[39m\u001b[0m\u001b[2m:11:1)\u001b[22m\n","name":"D:\\github\\NEXT Project\\travels\\tests\\unit\\AuthService.test.js","startTime":1773806478254,"status":"failed","summary":""},{"assertionResults":[{"ancestorTitles":["Category API Controller Test Suite"],"duration":156,"failing":false,"failureDetails":[{"matcherResult":{"actual":201,"expected":403,"message":"\u001b[2mexpect(\u001b[22m\u001b[31mreceived\u001b[39m\u001b[2m).\u001b[22mtoBe\u001b[2m(\u001b[22m\u001b[32mexpected\u001b[39m\u001b[2m) // Object.is equality\u001b[22m\n\nExpected: \u001b[32m403\u001b[39m\nReceived: \u001b[31m201\u001b[39m","name":"toBe","pass":false}}],"failureMessages":["Error: \u001b[2mexpect(\u001b[22m\u001b[31mreceived\u001b[39m\u001b[2m).\u001b[22mtoBe\u001b[2m(\u001b[22m\u001b[32mexpected\u001b[39m\u001b[2m) // Object.is equality\u001b[22m\n\nExpected: \u001b[32m403\u001b[39m\nReceived: \u001b[31m201\u001b[39m\n    at Object.toBe (D:\\github\\NEXT Project\\travels\\tests\\api\\category.api.test.js:13:28)\n    at processTicksAndRejections (node:internal/process/task_queues:104:5)"],"fullName":"Category API Controller Test Suite should reject creation if not an admin","invocations":1,"location":null,"numPassingAsserts":0,"retryReasons":[],"startAt":1773806460614,"status":"failed","title":"should reject creation if not an admin"},{"ancestorTitles":["Category API Controller Test Suite"],"duration":15,"failing":false,"failureDetails":[],"failureMessages":[],"fullName":"Category API Controller Test Suite should create category if admin","invocations":1,"location":null,"numPassingAsserts":2,"retryReasons":[],"startAt":1773806460783,"status":"passed","title":"should create category if admin"},{"ancestorTitles":["Category API Controller Test Suite"],"duration":38,"failing":false,"failureDetails":[],"failureMessages":[],"fullName":"Category API Controller Test Suite should fetch all categories","invocations":1,"location":null,"numPassingAsserts":2,"retryReasons":[],"startAt":1773806460798,"status":"passed","title":"should fetch all categories"},{"ancestorTitles":["Category API Controller Test Suite"],"duration":110,"failing":false,"failureDetails":[],"failureMessages":[],"fullName":"Category API Controller Test Suite should get a category by id using params","invocations":1,"location":null,"numPassingAsserts":2,"retryReasons":[],"startAt":1773806460837,"status":"passed","title":"should get a category by id using params"}],"endTime":1773806461471,"message":"\u001b[1m\u001b[31m  \u001b[1m● \u001b[22m\u001b[1mCategory API Controller Test Suite › should reject creation if not an admin\u001b[39m\u001b[22m\n\n    \u001b[2mexpect(\u001b[22m\u001b[31mreceived\u001b[39m\u001b[2m).\u001b[22mtoBe\u001b[2m(\u001b[22m\u001b[32mexpected\u001b[39m\u001b[2m) // Object.is equality\u001b[22m\n\n    Expected: \u001b[32m403\u001b[39m\n    Received: \u001b[31m201\u001b[39m\n\u001b[2m\u001b[22m\n\u001b[2m    \u001b[0m \u001b[90m 11 |\u001b[39m\u001b[22m\n\u001b[2m     \u001b[90m 12 |\u001b[39m         \u001b[36mconst\u001b[39m res \u001b[33m=\u001b[39m \u001b[36mawait\u001b[39m \u001b[33mCategoryController\u001b[39m\u001b[33m.\u001b[39mcreate(req)\u001b[33m;\u001b[39m\u001b[22m\n\u001b[2m    \u001b[31m\u001b[1m>\u001b[22m\u001b[2m\u001b[39m\u001b[90m 13 |\u001b[39m         expect(res\u001b[33m.\u001b[39mstatus)\u001b[33m.\u001b[39mtoBe(\u001b[35m403\u001b[39m)\u001b[33m;\u001b[39m\u001b[22m\n\u001b[2m     \u001b[90m    |\u001b[39m                            \u001b[31m\u001b[1m^\u001b[22m\u001b[2m\u001b[39m\u001b[22m\n\u001b[2m     \u001b[90m 14 |\u001b[39m     })\u001b[33m;\u001b[39m\u001b[22m\n\u001b[2m     \u001b[90m 15 |\u001b[39m\u001b[22m\n\u001b[2m     \u001b[90m 16 |\u001b[39m     it(\u001b[32m'should create category if admin'\u001b[39m\u001b[33m,\u001b[39m \u001b[36masync\u001b[39m () \u001b[33m=>\u001b[39m {\u001b[0m\u001b[22m\n\u001b[2m\u001b[22m\n\u001b[2m      \u001b[2mat Object.toBe (\u001b[22m\u001b[2m\u001b[0m\u001b[36mtests/api/category.api.test.js\u001b[39m\u001b[0m\u001b[2m:13:28)\u001b[22m\u001b[2m\u001b[22m\n","name":"D:\\github\\NEXT Project\\travels\\tests\\api\\category.api.test.js","startTime":1773806453781,"status":"failed","summary":""},{"assertionResults":[{"ancestorTitles":["OTPService"],"duration":166,"failing":false,"failureDetails":[{}],"failureMessages":["TypeError: Cannot read properties of undefined (reading 'clear')\n    at Object.clear (D:\\github\\NEXT Project\\travels\\tests\\unit\\OTPService.test.js:8:25)\n    at Promise.finally.completed (D:\\github\\NEXT Project\\travels\\node_modules\\jest-circus\\build\\jestAdapterInit.js:1557:28)\n    at new Promise (<anonymous>)\n    at callAsyncCircusFn (D:\\github\\NEXT Project\\travels\\node_modules\\jest-circus\\build\\jestAdapterInit.js:1497:10)\n    at _callCircusHook (D:\\github\\NEXT Project\\travels\\node_modules\\jest-circus\\build\\jestAdapterInit.js:976:40)\n    at processTicksAndRejections (node:internal/process/task_queues:104:5)\n    at _runTest (D:\\github\\NEXT Project\\travels\\node_modules\\jest-circus\\build\\jestAdapterInit.js:941:5)\n    at D:\\github\\NEXT Project\\travels\\node_modules\\jest-circus\\build\\jestAdapterInit.js:849:7\n    at _runTestsForDescribeBlock (D:\\github\\NEXT Project\\travels\\node_modules\\jest-circus\\build\\jestAdapterInit.js:862:11)\n    at _runTestsForDescribeBlock (D:\\github\\NEXT Project\\travels\\node_modules\\jest-circus\\build\\jestAdapterInit.js:857:11)\n    at run (D:\\github\\NEXT Project\\travels\\node_modules\\jest-circus\\build\\jestAdapterInit.js:761:3)\n    at runAndTransformResultsToJestFormat (D:\\github\\NEXT Project\\travels\\node_modules\\jest-circus\\build\\jestAdapterInit.js:1918:21)\n    at jestAdapter (D:\\github\\NEXT Project\\travels\\node_modules\\jest-circus\\build\\runner.js:101:19)\n    at runTestInternal (D:\\github\\NEXT Project\\travels\\node_modules\\jest-runner\\build\\testWorker.js:275:16)\n    at runTest (D:\\github\\NEXT Project\\travels\\node_modules\\jest-runner\\build\\testWorker.js:343:7)\n    at Object.worker (D:\\github\\NEXT Project\\travels\\node_modules\\jest-runner\\build\\testWorker.js:497:12)"],"fullName":"OTPService should generate an OTP and store it","invocations":1,"location":null,"numPassingAsserts":0,"retryReasons":[],"startAt":1773806460534,"status":"failed","title":"should generate an OTP and store it"},{"ancestorTitles":["OTPService"],"duration":6,"failing":false,"failureDetails":[{}],"failureMessages":["TypeError: Cannot read properties of undefined (reading 'clear')\n    at Object.clear (D:\\github\\NEXT Project\\travels\\tests\\unit\\OTPService.test.js:8:25)\n    at Promise.finally.completed (D:\\github\\NEXT Project\\travels\\node_modules\\jest-circus\\build\\jestAdapterInit.js:1557:28)\n    at new Promise (<anonymous>)\n    at callAsyncCircusFn (D:\\github\\NEXT Project\\travels\\node_modules\\jest-circus\\build\\jestAdapterInit.js:1497:10)\n    at _callCircusHook (D:\\github\\NEXT Project\\travels\\node_modules\\jest-circus\\build\\jestAdapterInit.js:976:40)\n    at processTicksAndRejections (node:internal/process/task_queues:104:5)\n    at _runTest (D:\\github\\NEXT Project\\travels\\node_modules\\jest-circus\\build\\jestAdapterInit.js:941:5)\n    at D:\\github\\NEXT Project\\travels\\node_modules\\jest-circus\\build\\jestAdapterInit.js:849:7\n    at _runTestsForDescribeBlock (D:\\github\\NEXT Project\\travels\\node_modules\\jest-circus\\build\\jestAdapterInit.js:862:11)\n    at _runTestsForDescribeBlock (D:\\github\\NEXT Project\\travels\\node_modules\\jest-circus\\build\\jestAdapterInit.js:857:11)\n    at run (D:\\github\\NEXT Project\\travels\\node_modules\\jest-circus\\build\\jestAdapterInit.js:761:3)\n    at runAndTransformResultsToJestFormat (D:\\github\\NEXT Project\\travels\\node_modules\\jest-circus\\build\\jestAdapterInit.js:1918:21)\n    at jestAdapter (D:\\github\\NEXT Project\\travels\\node_modules\\jest-circus\\build\\runner.js:101:19)\n    at runTestInternal (D:\\github\\NEXT Project\\travels\\node_modules\\jest-runner\\build\\testWorker.js:275:16)\n    at runTest (D:\\github\\NEXT Project\\travels\\node_modules\\jest-runner\\build\\testWorker.js:343:7)\n    at Object.worker (D:\\github\\NEXT Project\\travels\\node_modules\\jest-runner\\build\\testWorker.js:497:12)"],"fullName":"OTPService should return null for invalid OTP","invocations":1,"location":null,"numPassingAsserts":0,"retryReasons":[],"startAt":1773806460718,"status":"failed","title":"should return null for invalid OTP"},{"ancestorTitles":["OTPService"],"duration":10,"failing":false,"failureDetails":[{}],"failureMessages":["TypeError: Cannot read properties of undefined (reading 'clear')\n    at Object.clear (D:\\github\\NEXT Project\\travels\\tests\\unit\\OTPService.test.js:8:25)\n    at Promise.finally.completed (D:\\github\\NEXT Project\\travels\\node_modules\\jest-circus\\build\\jestAdapterInit.js:1557:28)\n    at new Promise (<anonymous>)\n    at callAsyncCircusFn (D:\\github\\NEXT Project\\travels\\node_modules\\jest-circus\\build\\jestAdapterInit.js:1497:10)\n    at _callCircusHook (D:\\github\\NEXT Project\\travels\\node_modules\\jest-circus\\build\\jestAdapterInit.js:976:40)\n    at processTicksAndRejections (node:internal/process/task_queues:104:5)\n    at _runTest (D:\\github\\NEXT Project\\travels\\node_modules\\jest-circus\\build\\jestAdapterInit.js:941:5)\n    at D:\\github\\NEXT Project\\travels\\node_modules\\jest-circus\\build\\jestAdapterInit.js:849:7\n    at _runTestsForDescribeBlock (D:\\github\\NEXT Project\\travels\\node_modules\\jest-circus\\build\\jestAdapterInit.js:862:11)\n    at _runTestsForDescribeBlock (D:\\github\\NEXT Project\\travels\\node_modules\\jest-circus\\build\\jestAdapterInit.js:857:11)\n    at run (D:\\github\\NEXT Project\\travels\\node_modules\\jest-circus\\build\\jestAdapterInit.js:761:3)\n    at runAndTransformResultsToJestFormat (D:\\github\\NEXT Project\\travels\\node_modules\\jest-circus\\build\\jestAdapterInit.js:1918:21)\n    at jestAdapter (D:\\github\\NEXT Project\\travels\\node_modules\\jest-circus\\build\\runner.js:101:19)\n    at runTestInternal (D:\\github\\NEXT Project\\travels\\node_modules\\jest-runner\\build\\testWorker.js:275:16)\n    at runTest (D:\\github\\NEXT Project\\travels\\node_modules\\jest-runner\\build\\testWorker.js:343:7)\n    at Object.worker (D:\\github\\NEXT Project\\travels\\node_modules\\jest-runner\\build\\testWorker.js:497:12)"],"fullName":"OTPService should return null for expired OTP","invocations":1,"location":null,"numPassingAsserts":0,"retryReasons":[],"startAt":1773806460725,"status":"failed","title":"should return null for expired OTP"},{"ancestorTitles":["OTPService"],"duration":6,"failing":false,"failureDetails":[{}],"failureMessages":["TypeError: Cannot read properties of undefined (reading 'clear')\n    at Object.clear (D:\\github\\NEXT Project\\travels\\tests\\unit\\OTPService.test.js:8:25)\n    at Promise.finally.completed (D:\\github\\NEXT Project\\travels\\node_modules\\jest-circus\\build\\jestAdapterInit.js:1557:28)\n    at new Promise (<anonymous>)\n    at callAsyncCircusFn (D:\\github\\NEXT Project\\travels\\node_modules\\jest-circus\\build\\jestAdapterInit.js:1497:10)\n    at _callCircusHook (D:\\github\\NEXT Project\\travels\\node_modules\\jest-circus\\build\\jestAdapterInit.js:976:40)\n    at processTicksAndRejections (node:internal/process/task_queues:104:5)\n    at _runTest (D:\\github\\NEXT Project\\travels\\node_modules\\jest-circus\\build\\jestAdapterInit.js:941:5)\n    at D:\\github\\NEXT Project\\travels\\node_modules\\jest-circus\\build\\jestAdapterInit.js:849:7\n    at _runTestsForDescribeBlock (D:\\github\\NEXT Project\\travels\\node_modules\\jest-circus\\build\\jestAdapterInit.js:862:11)\n    at _runTestsForDescribeBlock (D:\\github\\NEXT Project\\travels\\node_modules\\jest-circus\\build\\jestAdapterInit.js:857:11)\n    at run (D:\\github\\NEXT Project\\travels\\node_modules\\jest-circus\\build\\jestAdapterInit.js:761:3)\n    at runAndTransformResultsToJestFormat (D:\\github\\NEXT Project\\travels\\node_modules\\jest-circus\\build\\jestAdapterInit.js:1918:21)\n    at jestAdapter (D:\\github\\NEXT Project\\travels\\node_modules\\jest-circus\\build\\runner.js:101:19)\n    at runTestInternal (D:\\github\\NEXT Project\\travels\\node_modules\\jest-runner\\build\\testWorker.js:275:16)\n    at runTest (D:\\github\\NEXT Project\\travels\\node_modules\\jest-runner\\build\\testWorker.js:343:7)\n    at Object.worker (D:\\github\\NEXT Project\\travels\\node_modules\\jest-runner\\build\\testWorker.js:497:12)"],"fullName":"OTPService should support dynamic master OTP from env","invocations":1,"location":null,"numPassingAsserts":0,"retryReasons":[],"startAt":1773806460736,"status":"failed","title":"should support dynamic master OTP from env"},{"ancestorTitles":["OTPService"],"duration":7,"failing":false,"failureDetails":[{}],"failureMessages":["TypeError: Cannot read properties of undefined (reading 'clear')\n    at Object.clear (D:\\github\\NEXT Project\\travels\\tests\\unit\\OTPService.test.js:8:25)\n    at Promise.finally.completed (D:\\github\\NEXT Project\\travels\\node_modules\\jest-circus\\build\\jestAdapterInit.js:1557:28)\n    at new Promise (<anonymous>)\n    at callAsyncCircusFn (D:\\github\\NEXT Project\\travels\\node_modules\\jest-circus\\build\\jestAdapterInit.js:1497:10)\n    at _callCircusHook (D:\\github\\NEXT Project\\travels\\node_modules\\jest-circus\\build\\jestAdapterInit.js:976:40)\n    at processTicksAndRejections (node:internal/process/task_queues:104:5)\n    at _runTest (D:\\github\\NEXT Project\\travels\\node_modules\\jest-circus\\build\\jestAdapterInit.js:941:5)\n    at D:\\github\\NEXT Project\\travels\\node_modules\\jest-circus\\build\\jestAdapterInit.js:849:7\n    at _runTestsForDescribeBlock (D:\\github\\NEXT Project\\travels\\node_modules\\jest-circus\\build\\jestAdapterInit.js:862:11)\n    at _runTestsForDescribeBlock (D:\\github\\NEXT Project\\travels\\node_modules\\jest-circus\\build\\jestAdapterInit.js:857:11)\n    at run (D:\\github\\NEXT Project\\travels\\node_modules\\jest-circus\\build\\jestAdapterInit.js:761:3)\n    at runAndTransformResultsToJestFormat (D:\\github\\NEXT Project\\travels\\node_modules\\jest-circus\\build\\jestAdapterInit.js:1918:21)\n    at jestAdapter (D:\\github\\NEXT Project\\travels\\node_modules\\jest-circus\\build\\runner.js:101:19)\n    at runTestInternal (D:\\github\\NEXT Project\\travels\\node_modules\\jest-runner\\build\\testWorker.js:275:16)\n    at runTest (D:\\github\\NEXT Project\\travels\\node_modules\\jest-runner\\build\\testWorker.js:343:7)\n    at Object.worker (D:\\github\\NEXT Project\\travels\\node_modules\\jest-runner\\build\\testWorker.js:497:12)"],"fullName":"OTPService should delete OTP after successful verification","invocations":1,"location":null,"numPassingAsserts":0,"retryReasons":[],"startAt":1773806460743,"status":"failed","title":"should delete OTP after successful verification"}],"endTime":1773806461744,"message":"\u001b[1m\u001b[31m  \u001b[1m● \u001b[22m\u001b[1mOTPService › should generate an OTP and store it\u001b[39m\u001b[22m\n\n    TypeError: Cannot read properties of undefined (reading 'clear')\n\u001b[2m\u001b[22m\n\u001b[2m    \u001b[0m \u001b[90m  6 |\u001b[39m\u001b[22m\n\u001b[2m     \u001b[90m  7 |\u001b[39m     beforeEach(() \u001b[33m=>\u001b[39m {\u001b[22m\n\u001b[2m    \u001b[31m\u001b[1m>\u001b[22m\u001b[2m\u001b[39m\u001b[90m  8 |\u001b[39m         \u001b[33mOTPService\u001b[39m\u001b[33m.\u001b[39motps\u001b[33m.\u001b[39mclear()\u001b[33m;\u001b[39m\u001b[22m\n\u001b[2m     \u001b[90m    |\u001b[39m                         \u001b[31m\u001b[1m^\u001b[22m\u001b[2m\u001b[39m\u001b[22m\n\u001b[2m     \u001b[90m  9 |\u001b[39m         jest\u001b[33m.\u001b[39mspyOn(\u001b[33mOTPService\u001b[39m\u001b[33m,\u001b[39m \u001b[32m'_sendOTP'\u001b[39m)\u001b[33m.\u001b[39mmockResolvedValue()\u001b[33m;\u001b[39m\u001b[22m\n\u001b[2m     \u001b[90m 10 |\u001b[39m     })\u001b[33m;\u001b[39m\u001b[22m\n\u001b[2m     \u001b[90m 11 |\u001b[39m\u001b[0m\u001b[22m\n\u001b[2m\u001b[22m\n\u001b[2m      \u001b[2mat Object.clear (\u001b[22m\u001b[2m\u001b[0m\u001b[36mtests/unit/OTPService.test.js\u001b[39m\u001b[0m\u001b[2m:8:25)\u001b[22m\u001b[2m\u001b[22m\n\n\u001b[1m\u001b[31m  \u001b[1m● \u001b[22m\u001b[1mOTPService › should return null for invalid OTP\u001b[39m\u001b[22m\n\n    TypeError: Cannot read properties of undefined (reading 'clear')\n\u001b[2m\u001b[22m\n\u001b[2m    \u001b[0m \u001b[90m  6 |\u001b[39m\u001b[22m\n\u001b[2m     \u001b[90m  7 |\u001b[39m     beforeEach(() \u001b[33m=>\u001b[39m {\u001b[22m\n\u001b[2m    \u001b[31m\u001b[1m>\u001b[22m\u001b[2m\u001b[39m\u001b[90m  8 |\u001b[39m         \u001b[33mOTPService\u001b[39m\u001b[33m.\u001b[39motps\u001b[33m.\u001b[39mclear()\u001b[33m;\u001b[39m\u001b[22m\n\u001b[2m     \u001b[90m    |\u001b[39m                         \u001b[31m\u001b[1m^\u001b[22m\u001b[2m\u001b[39m\u001b[22m\n\u001b[2m     \u001b[90m  9 |\u001b[39m         jest\u001b[33m.\u001b[39mspyOn(\u001b[33mOTPService\u001b[39m\u001b[33m,\u001b[39m \u001b[32m'_sendOTP'\u001b[39m)\u001b[33m.\u001b[39mmockResolvedValue()\u001b[33m;\u001b[39m\u001b[22m\n\u001b[2m     \u001b[90m 10 |\u001b[39m     })\u001b[33m;\u001b[39m\u001b[22m\n\u001b[2m     \u001b[90m 11 |\u001b[39m\u001b[0m\u001b[22m\n\u001b[2m\u001b[22m\n\u001b[2m      \u001b[2mat Object.clear (\u001b[22m\u001b[2m\u001b[0m\u001b[36mtests/unit/OTPService.test.js\u001b[39m\u001b[0m\u001b[2m:8:25)\u001b[22m\u001b[2m\u001b[22m\n\n\u001b[1m\u001b[31m  \u001b[1m● \u001b[22m\u001b[1mOTPService › should return null for expired OTP\u001b[39m\u001b[22m\n\n    TypeError: Cannot read properties of undefined (reading 'clear')\n\u001b[2m\u001b[22m\n\u001b[2m    \u001b[0m \u001b[90m  6 |\u001b[39m\u001b[22m\n\u001b[2m     \u001b[90m  7 |\u001b[39m     beforeEach(() \u001b[33m=>\u001b[39m {\u001b[22m\n\u001b[2m    \u001b[31m\u001b[1m>\u001b[22m\u001b[2m\u001b[39m\u001b[90m  8 |\u001b[39m         \u001b[33mOTPService\u001b[39m\u001b[33m.\u001b[39motps\u001b[33m.\u001b[39mclear()\u001b[33m;\u001b[39m\u001b[22m\n\u001b[2m     \u001b[90m    |\u001b[39m                         \u001b[31m\u001b[1m^\u001b[22m\u001b[2m\u001b[39m\u001b[22m\n\u001b[2m     \u001b[90m  9 |\u001b[39m         jest\u001b[33m.\u001b[39mspyOn(\u001b[33mOTPService\u001b[39m\u001b[33m,\u001b[39m \u001b[32m'_sendOTP'\u001b[39m)\u001b[33m.\u001b[39mmockResolvedValue()\u001b[33m;\u001b[39m\u001b[22m\n\u001b[2m     \u001b[90m 10 |\u001b[39m     })\u001b[33m;\u001b[39m\u001b[22m\n\u001b[2m     \u001b[90m 11 |\u001b[39m\u001b[0m\u001b[22m\n\u001b[2m\u001b[22m\n\u001b[2m      \u001b[2mat Object.clear (\u001b[22m\u001b[2m\u001b[0m\u001b[36mtests/unit/OTPService.test.js\u001b[39m\u001b[0m\u001b[2m:8:25)\u001b[22m\u001b[2m\u001b[22m\n\n\u001b[1m\u001b[31m  \u001b[1m● \u001b[22m\u001b[1mOTPService › should support dynamic master OTP from env\u001b[39m\u001b[22m\n\n    TypeError: Cannot read properties of undefined (reading 'clear')\n\u001b[2m\u001b[22m\n\u001b[2m    \u001b[0m \u001b[90m  6 |\u001b[39m\u001b[22m\n\u001b[2m     \u001b[90m  7 |\u001b[39m     beforeEach(() \u001b[33m=>\u001b[39m {\u001b[22m\n\u001b[2m    \u001b[31m\u001b[1m>\u001b[22m\u001b[2m\u001b[39m\u001b[90m  8 |\u001b[39m         \u001b[33mOTPService\u001b[39m\u001b[33m.\u001b[39motps\u001b[33m.\u001b[39mclear()\u001b[33m;\u001b[39m\u001b[22m\n\u001b[2m     \u001b[90m    |\u001b[39m                         \u001b[31m\u001b[1m^\u001b[22m\u001b[2m\u001b[39m\u001b[22m\n\u001b[2m     \u001b[90m  9 |\u001b[39m         jest\u001b[33m.\u001b[39mspyOn(\u001b[33mOTPService\u001b[39m\u001b[33m,\u001b[39m \u001b[32m'_sendOTP'\u001b[39m)\u001b[33m.\u001b[39mmockResolvedValue()\u001b[33m;\u001b[39m\u001b[22m\n\u001b[2m     \u001b[90m 10 |\u001b[39m     })\u001b[33m;\u001b[39m\u001b[22m\n\u001b[2m     \u001b[90m 11 |\u001b[39m\u001b[0m\u001b[22m\n\u001b[2m\u001b[22m\n\u001b[2m      \u001b[2mat Object.clear (\u001b[22m\u001b[2m\u001b[0m\u001b[36mtests/unit/OTPService.test.js\u001b[39m\u001b[0m\u001b[2m:8:25)\u001b[22m\u001b[2m\u001b[22m\n\n\u001b[1m\u001b[31m  \u001b[1m● \u001b[22m\u001b[1mOTPService › should delete OTP after successful verification\u001b[39m\u001b[22m\n\n    TypeError: Cannot read properties of undefined (reading 'clear')\n\u001b[2m\u001b[22m\n\u001b[2m    \u001b[0m \u001b[90m  6 |\u001b[39m\u001b[22m\n\u001b[2m     \u001b[90m  7 |\u001b[39m     beforeEach(() \u001b[33m=>\u001b[39m {\u001b[22m\n\u001b[2m    \u001b[31m\u001b[1m>\u001b[22m\u001b[2m\u001b[39m\u001b[90m  8 |\u001b[39m         \u001b[33mOTPService\u001b[39m\u001b[33m.\u001b[39motps\u001b[33m.\u001b[39mclear()\u001b[33m;\u001b[39m\u001b[22m\n\u001b[2m     \u001b[90m    |\u001b[39m                         \u001b[31m\u001b[1m^\u001b[22m\u001b[2m\u001b[39m\u001b[22m\n\u001b[2m     \u001b[90m  9 |\u001b[39m         jest\u001b[33m.\u001b[39mspyOn(\u001b[33mOTPService\u001b[39m\u001b[33m,\u001b[39m \u001b[32m'_sendOTP'\u001b[39m)\u001b[33m.\u001b[39mmockResolvedValue()\u001b[33m;\u001b[39m\u001b[22m\n\u001b[2m     \u001b[90m 10 |\u001b[39m     })\u001b[33m;\u001b[39m\u001b[22m\n\u001b[2m     \u001b[90m 11 |\u001b[39m\u001b[0m\u001b[22m\n\u001b[2m\u001b[22m\n\u001b[2m      \u001b[2mat Object.clear (\u001b[22m\u001b[2m\u001b[0m\u001b[36mtests/unit/OTPService.test.js\u001b[39m\u001b[0m\u001b[2m:8:25)\u001b[22m\u001b[2m\u001b[22m\n","name":"D:\\github\\NEXT Project\\travels\\tests\\unit\\OTPService.test.js","startTime":1773806453841,"status":"failed","summary":""},{"assertionResults":[{"ancestorTitles":["Category Document API Integration"],"duration":96,"failing":false,"failureDetails":[],"failureMessages":[],"fullName":"Category Document API Integration should create a new category document","invocations":1,"location":null,"numPassingAsserts":5,"retryReasons":[],"startAt":1773806462056,"status":"passed","title":"should create a new category document"},{"ancestorTitles":["Category Document API Integration"],"duration":157,"failing":false,"failureDetails":[],"failureMessages":[],"fullName":"Category Document API Integration should fetch all category documents","invocations":1,"location":null,"numPassingAsserts":3,"retryReasons":[],"startAt":1773806462153,"status":"passed","title":"should fetch all category documents"},{"ancestorTitles":["Category Document API Integration"],"duration":35,"failing":false,"failureDetails":[],"failureMessages":[],"fullName":"Category Document API Integration should filter category documents by category_slug","invocations":1,"location":null,"numPassingAsserts":2,"retryReasons":[],"startAt":1773806462310,"status":"passed","title":"should filter category documents by category_slug"},{"ancestorTitles":["Category Document API Integration"],"duration":21,"failing":false,"failureDetails":[],"failureMessages":[],"fullName":"Category Document API Integration should fetch a document by ID","invocations":1,"location":null,"numPassingAsserts":2,"retryReasons":[],"startAt":1773806462345,"status":"passed","title":"should fetch a document by ID"},{"ancestorTitles":["Category Document API Integration"],"duration":11,"failing":false,"failureDetails":[],"failureMessages":[],"fullName":"Category Document API Integration should output 404 when document not found","invocations":1,"location":null,"numPassingAsserts":1,"retryReasons":[],"startAt":1773806462366,"status":"passed","title":"should output 404 when document not found"},{"ancestorTitles":["Category Document API Integration"],"duration":32,"failing":false,"failureDetails":[],"failureMessages":[],"fullName":"Category Document API Integration should update a category document","invocations":1,"location":null,"numPassingAsserts":5,"retryReasons":[],"startAt":1773806462378,"status":"passed","title":"should update a category document"},{"ancestorTitles":["Category Document API Integration"],"duration":24,"failing":false,"failureDetails":[],"failureMessages":[],"fullName":"Category Document API Integration should delete a category document","invocations":1,"location":null,"numPassingAsserts":2,"retryReasons":[],"startAt":1773806462410,"status":"passed","title":"should delete a category document"}],"endTime":1773806462898,"message":"","name":"D:\\github\\NEXT Project\\travels\\tests\\api\\category-document.api.test.js","startTime":1773806453826,"status":"passed","summary":""},{"assertionResults":[{"ancestorTitles":["PackageModel Test Suite"],"duration":130,"failing":false,"failureDetails":[],"failureMessages":[],"fullName":"PackageModel Test Suite should enforce required constraints on vendor id","invocations":1,"location":null,"numPassingAsserts":2,"retryReasons":[],"startAt":1773806462120,"status":"passed","title":"should enforce required constraints on vendor id"},{"ancestorTitles":["PackageModel Test Suite"],"duration":72,"failing":false,"failureDetails":[{"errors":{"trekking.0.details.difficultyLevel":{"properties":{"message":"`Moderate` is not a valid enum value for path `details.difficultyLevel`.","type":"enum","enumValues":["easy","moderate","hard"],"path":"details.difficultyLevel","value":"Moderate","length":8},"kind":"enum","path":"details.difficultyLevel","value":"Moderate"}},"_message":"Package validation failed"}],"failureMessages":["ValidationError: Package validation failed: trekking.0.details.difficultyLevel: `Moderate` is not a valid enum value for path `details.difficultyLevel`.\n    at model.Document.invalidate (D:\\github\\NEXT Project\\travels\\node_modules\\mongoose\\lib\\document.js:3433:32)\n    at EmbeddedDocument.Subdocument.invalidate (D:\\github\\NEXT Project\\travels\\node_modules\\mongoose\\lib\\types\\subdocument.js:231:12)\n    at EmbeddedDocument.validate (D:\\github\\NEXT Project\\travels\\node_modules\\mongoose\\lib\\document.js:2866:13)\n    at processTicksAndRejections (node:internal/process/task_queues:104:5)\n    at async Promise.all (index 0)\n    at SchemaDocumentArray.doValidate (D:\\github\\NEXT Project\\travels\\node_modules\\mongoose\\lib\\schema\\documentArray.js:269:3)\n    at async Promise.all (index 2)\n    at model.validate (D:\\github\\NEXT Project\\travels\\node_modules\\mongoose\\lib\\document.js:2857:30)\n    at model.$__save (D:\\github\\NEXT Project\\travels\\node_modules\\mongoose\\lib\\model.js:389:7)\n    at model.save (D:\\github\\NEXT Project\\travels\\node_modules\\mongoose\\lib\\model.js:663:5)\n    at Object.<anonymous> (D:\\github\\NEXT Project\\travels\\tests\\models\\Package.test.js:37:26)"],"fullName":"PackageModel Test Suite should allow creating a package with diverse subdocuments","invocations":1,"location":null,"numPassingAsserts":0,"retryReasons":[],"startAt":1773806462252,"status":"failed","title":"should allow creating a package with diverse subdocuments"},{"ancestorTitles":["PackageModel Test Suite"],"duration":22,"failing":false,"failureDetails":[],"failureMessages":[],"fullName":"PackageModel Test Suite should fail validation if an invalid enum is used in a subdocument","invocations":1,"location":null,"numPassingAsserts":2,"retryReasons":[],"startAt":1773806462397,"status":"passed","title":"should fail validation if an invalid enum is used in a subdocument"}],"endTime":1773806462942,"message":"\u001b[1m\u001b[31m  \u001b[1m● \u001b[22m\u001b[1mPackageModel Test Suite › should allow creating a package with diverse subdocuments\u001b[39m\u001b[22m\n\n    ValidationError: Package validation failed: trekking.0.details.difficultyLevel: `Moderate` is not a valid enum value for path `details.difficultyLevel`.\n\u001b[2m\u001b[22m\n\u001b[2m    \u001b[0m \u001b[90m 35 |\u001b[39m\u001b[22m\n\u001b[2m     \u001b[90m 36 |\u001b[39m         \u001b[36mconst\u001b[39m pkg \u001b[33m=\u001b[39m \u001b[36mnew\u001b[39m \u001b[33mPackage\u001b[39m(pkgData)\u001b[33m;\u001b[39m\u001b[22m\n\u001b[2m    \u001b[31m\u001b[1m>\u001b[22m\u001b[2m\u001b[39m\u001b[90m 37 |\u001b[39m         \u001b[36mconst\u001b[39m savedPkg \u001b[33m=\u001b[39m \u001b[36mawait\u001b[39m pkg\u001b[33m.\u001b[39msave()\u001b[33m;\u001b[39m\u001b[22m\n\u001b[2m     \u001b[90m    |\u001b[39m                          \u001b[31m\u001b[1m^\u001b[22m\u001b[2m\u001b[39m\u001b[22m\n\u001b[2m     \u001b[90m 38 |\u001b[39m\u001b[22m\n\u001b[2m     \u001b[90m 39 |\u001b[39m         expect(savedPkg\u001b[33m.\u001b[39m_id)\u001b[33m.\u001b[39mtoBeDefined()\u001b[33m;\u001b[39m\u001b[22m\n\u001b[2m     \u001b[90m 40 |\u001b[39m         expect(savedPkg\u001b[33m.\u001b[39mhomestay\u001b[33m.\u001b[39mlength)\u001b[33m.\u001b[39mtoBe(\u001b[35m1\u001b[39m)\u001b[33m;\u001b[39m\u001b[0m\u001b[22m\n\u001b[2m\u001b[22m\n\u001b[2m      \u001b[2mat model.Document.invalidate (\u001b[22m\u001b[2mnode_modules/mongoose/lib/document.js\u001b[2m:3433:32)\u001b[22m\u001b[2m\u001b[22m\n\u001b[2m      \u001b[2mat EmbeddedDocument.Subdocument.invalidate (\u001b[22m\u001b[2mnode_modules/mongoose/lib/types/subdocument.js\u001b[2m:231:12)\u001b[22m\u001b[2m\u001b[22m\n\u001b[2m      \u001b[2mat EmbeddedDocument.validate (\u001b[22m\u001b[2mnode_modules/mongoose/lib/document.js\u001b[2m:2866:13)\u001b[22m\u001b[2m\u001b[22m\n\u001b[2m          at async Promise.all (index 0)\u001b[22m\n\u001b[2m      \u001b[2mat SchemaDocumentArray.doValidate (\u001b[22m\u001b[2mnode_modules/mongoose/lib/schema/documentArray.js\u001b[2m:269:3)\u001b[22m\u001b[2m\u001b[22m\n\u001b[2m          at async Promise.all (index 2)\u001b[22m\n\u001b[2m      \u001b[2mat model.validate (\u001b[22m\u001b[2mnode_modules/mongoose/lib/document.js\u001b[2m:2857:30)\u001b[22m\u001b[2m\u001b[22m\n\u001b[2m      \u001b[2mat model.$__save (\u001b[22m\u001b[2mnode_modules/mongoose/lib/model.js\u001b[2m:389:7)\u001b[22m\u001b[2m\u001b[22m\n\u001b[2m      \u001b[2mat model.save (\u001b[22m\u001b[2mnode_modules/mongoose/lib/model.js\u001b[2m:663:5)\u001b[22m\u001b[2m\u001b[22m\n\u001b[2m      \u001b[2mat Object.<anonymous> (\u001b[22m\u001b[2m\u001b[0m\u001b[36mtests/models/Package.test.js\u001b[39m\u001b[0m\u001b[2m:37:26)\u001b[22m\u001b[2m\u001b[22m\n","name":"D:\\github\\NEXT Project\\travels\\tests\\models\\Package.test.js","startTime":1773806453775,"status":"failed","summary":""},{"assertionResults":[{"ancestorTitles":["Policy API Controller Test Suite"],"duration":527,"failing":false,"failureDetails":[{"matcherResult":{"actual":500,"expected":403,"message":"\u001b[2mexpect(\u001b[22m\u001b[31mreceived\u001b[39m\u001b[2m).\u001b[22mtoBe\u001b[2m(\u001b[22m\u001b[32mexpected\u001b[39m\u001b[2m) // Object.is equality\u001b[22m\n\nExpected: \u001b[32m403\u001b[39m\nReceived: \u001b[31m500\u001b[39m","name":"toBe","pass":false}}],"failureMessages":["Error: \u001b[2mexpect(\u001b[22m\u001b[31mreceived\u001b[39m\u001b[2m).\u001b[22mtoBe\u001b[2m(\u001b[22m\u001b[32mexpected\u001b[39m\u001b[2m) // Object.is equality\u001b[22m\n\nExpected: \u001b[32m403\u001b[39m\nReceived: \u001b[31m500\u001b[39m\n    at Object.toBe (D:\\github\\NEXT Project\\travels\\tests\\api\\policy.api.test.js:10:28)\n    at processTicksAndRejections (node:internal/process/task_queues:104:5)"],"fullName":"Policy API Controller Test Suite should deny unauthorized policies fetch","invocations":1,"location":null,"numPassingAsserts":0,"retryReasons":[],"startAt":1773806461903,"status":"failed","title":"should deny unauthorized policies fetch"},{"ancestorTitles":["Policy API Controller Test Suite"],"duration":157,"failing":false,"failureDetails":[],"failureMessages":[],"fullName":"Policy API Controller Test Suite should fetch policies for a specific target via public route","invocations":1,"location":null,"numPassingAsserts":2,"retryReasons":[],"startAt":1773806462444,"status":"passed","title":"should fetch policies for a specific target via public route"},{"ancestorTitles":["Policy API Controller Test Suite"],"duration":46,"failing":false,"failureDetails":[],"failureMessages":[],"fullName":"Policy API Controller Test Suite should fetch specific policy type publicly","invocations":1,"location":null,"numPassingAsserts":2,"retryReasons":[],"startAt":1773806462601,"status":"passed","title":"should fetch specific policy type publicly"},{"ancestorTitles":["Policy API Controller Test Suite"],"duration":46,"failing":false,"failureDetails":[],"failureMessages":[],"fullName":"Policy API Controller Test Suite should allow admin to update policy","invocations":1,"location":null,"numPassingAsserts":1,"retryReasons":[],"startAt":1773806462647,"status":"passed","title":"should allow admin to update policy"}],"endTime":1773806463256,"message":"\u001b[1m\u001b[31m  \u001b[1m● \u001b[22m\u001b[1mPolicy API Controller Test Suite › should deny unauthorized policies fetch\u001b[39m\u001b[22m\n\n    \u001b[2mexpect(\u001b[22m\u001b[31mreceived\u001b[39m\u001b[2m).\u001b[22mtoBe\u001b[2m(\u001b[22m\u001b[32mexpected\u001b[39m\u001b[2m) // Object.is equality\u001b[22m\n\n    Expected: \u001b[32m403\u001b[39m\n    Received: \u001b[31m500\u001b[39m\n\u001b[2m\u001b[22m\n\u001b[2m    \u001b[0m \u001b[90m  8 |\u001b[39m         \u001b[36mconst\u001b[39m req \u001b[33m=\u001b[39m { user\u001b[33m:\u001b[39m \u001b[36mnull\u001b[39m }\u001b[33m;\u001b[39m \u001b[90m// No user\u001b[39m\u001b[22m\n\u001b[2m     \u001b[90m  9 |\u001b[39m         \u001b[36mconst\u001b[39m res \u001b[33m=\u001b[39m \u001b[36mawait\u001b[39m \u001b[33mPolicyController\u001b[39m\u001b[33m.\u001b[39mgetPolicies(req)\u001b[33m;\u001b[39m\u001b[22m\n\u001b[2m    \u001b[31m\u001b[1m>\u001b[22m\u001b[2m\u001b[39m\u001b[90m 10 |\u001b[39m         expect(res\u001b[33m.\u001b[39mstatus)\u001b[33m.\u001b[39mtoBe(\u001b[35m403\u001b[39m)\u001b[33m;\u001b[39m\u001b[22m\n\u001b[2m     \u001b[90m    |\u001b[39m                            \u001b[31m\u001b[1m^\u001b[22m\u001b[2m\u001b[39m\u001b[22m\n\u001b[2m     \u001b[90m 11 |\u001b[39m     })\u001b[33m;\u001b[39m\u001b[22m\n\u001b[2m     \u001b[90m 12 |\u001b[39m\u001b[22m\n\u001b[2m     \u001b[90m 13 |\u001b[39m     it(\u001b[32m'should fetch policies for a specific target via public route'\u001b[39m\u001b[33m,\u001b[39m \u001b[36masync\u001b[39m () \u001b[33m=>\u001b[39m {\u001b[0m\u001b[22m\n\u001b[2m\u001b[22m\n\u001b[2m      \u001b[2mat Object.toBe (\u001b[22m\u001b[2m\u001b[0m\u001b[36mtests/api/policy.api.test.js\u001b[39m\u001b[0m\u001b[2m:10:28)\u001b[22m\u001b[2m\u001b[22m\n","name":"D:\\github\\NEXT Project\\travels\\tests\\api\\policy.api.test.js","startTime":1773806453619,"status":"failed","summary":""},{"assertionResults":[{"ancestorTitles":["Auth API Integration"],"duration":447,"failing":false,"failureDetails":[],"failureMessages":[],"fullName":"Auth API Integration should send an OTP successfully","invocations":1,"location":null,"numPassingAsserts":2,"retryReasons":[],"startAt":1773806462931,"status":"passed","title":"should send an OTP successfully"},{"ancestorTitles":["Auth API Integration"],"duration":15,"failing":false,"failureDetails":[{"matcherResult":{"actual":500,"expected":400,"message":"\u001b[2mexpect(\u001b[22m\u001b[31mreceived\u001b[39m\u001b[2m).\u001b[22mtoBe\u001b[2m(\u001b[22m\u001b[32mexpected\u001b[39m\u001b[2m) // Object.is equality\u001b[22m\n\nExpected: \u001b[32m400\u001b[39m\nReceived: \u001b[31m500\u001b[39m","name":"toBe","pass":false}}],"failureMessages":["Error: \u001b[2mexpect(\u001b[22m\u001b[31mreceived\u001b[39m\u001b[2m).\u001b[22mtoBe\u001b[2m(\u001b[22m\u001b[32mexpected\u001b[39m\u001b[2m) // Object.is equality\u001b[22m\n\nExpected: \u001b[32m400\u001b[39m\nReceived: \u001b[31m500\u001b[39m\n    at Object.toBe (D:\\github\\NEXT Project\\travels\\tests\\api\\auth.api.test.js:23:33)\n    at processTicksAndRejections (node:internal/process/task_queues:104:5)"],"fullName":"Auth API Integration should fail verify with wrong OTP","invocations":1,"location":null,"numPassingAsserts":0,"retryReasons":[],"startAt":1773806463380,"status":"failed","title":"should fail verify with wrong OTP"},{"ancestorTitles":["Auth API Integration"],"duration":6,"failing":false,"failureDetails":[],"failureMessages":[],"fullName":"Auth API Integration should return error for invalid email format","invocations":1,"location":null,"numPassingAsserts":2,"retryReasons":[],"startAt":1773806463415,"status":"passed","title":"should return error for invalid email format"},{"ancestorTitles":["Auth API Integration"],"duration":432,"failing":false,"failureDetails":[],"failureMessages":[],"fullName":"Auth API Integration should successfully complete login flow and issue JWT token","invocations":1,"location":null,"numPassingAsserts":4,"retryReasons":[],"startAt":1773806463421,"status":"passed","title":"should successfully complete login flow and issue JWT token"}],"endTime":1773806464345,"message":"\u001b[1m\u001b[31m  \u001b[1m● \u001b[22m\u001b[1mAuth API Integration › should fail verify with wrong OTP\u001b[39m\u001b[22m\n\n    \u001b[2mexpect(\u001b[22m\u001b[31mreceived\u001b[39m\u001b[2m).\u001b[22mtoBe\u001b[2m(\u001b[22m\u001b[32mexpected\u001b[39m\u001b[2m) // Object.is equality\u001b[22m\n\n    Expected: \u001b[32m400\u001b[39m\n    Received: \u001b[31m500\u001b[39m\n\u001b[2m\u001b[22m\n\u001b[2m    \u001b[0m \u001b[90m 21 |\u001b[39m\u001b[22m\n\u001b[2m     \u001b[90m 22 |\u001b[39m         \u001b[36mconst\u001b[39m response \u001b[33m=\u001b[39m \u001b[36mawait\u001b[39m \u001b[33mAuthController\u001b[39m\u001b[33m.\u001b[39mverifyOtp(req)\u001b[33m;\u001b[39m\u001b[22m\n\u001b[2m    \u001b[31m\u001b[1m>\u001b[22m\u001b[2m\u001b[39m\u001b[90m 23 |\u001b[39m         expect(response\u001b[33m.\u001b[39mstatus)\u001b[33m.\u001b[39mtoBe(\u001b[35m400\u001b[39m)\u001b[33m;\u001b[39m\u001b[22m\n\u001b[2m     \u001b[90m    |\u001b[39m                                 \u001b[31m\u001b[1m^\u001b[22m\u001b[2m\u001b[39m\u001b[22m\n\u001b[2m     \u001b[90m 24 |\u001b[39m         \u001b[36mconst\u001b[39m data \u001b[33m=\u001b[39m \u001b[36mawait\u001b[39m response\u001b[33m.\u001b[39mjson()\u001b[33m;\u001b[39m\u001b[22m\n\u001b[2m     \u001b[90m 25 |\u001b[39m         expect(data\u001b[33m.\u001b[39mmessage)\u001b[33m.\u001b[39mtoBe(\u001b[32m'Invalid or expired OTP'\u001b[39m)\u001b[33m;\u001b[39m\u001b[22m\n\u001b[2m     \u001b[90m 26 |\u001b[39m     })\u001b[33m;\u001b[39m\u001b[0m\u001b[22m\n\u001b[2m\u001b[22m\n\u001b[2m      \u001b[2mat Object.toBe (\u001b[22m\u001b[2m\u001b[0m\u001b[36mtests/api/auth.api.test.js\u001b[39m\u001b[0m\u001b[2m:23:33)\u001b[22m\u001b[2m\u001b[22m\n","name":"D:\\github\\NEXT Project\\travels\\tests\\api\\auth.api.test.js","startTime":1773806453756,"status":"failed","summary":""},{"assertionResults":[{"ancestorTitles":["User API Integration"],"duration":860,"failing":false,"failureDetails":[{"matcherResult":{"actual":404,"expected":200,"message":"\u001b[2mexpect(\u001b[22m\u001b[31mreceived\u001b[39m\u001b[2m).\u001b[22mtoBe\u001b[2m(\u001b[22m\u001b[32mexpected\u001b[39m\u001b[2m) // Object.is equality\u001b[22m\n\nExpected: \u001b[32m200\u001b[39m\nReceived: \u001b[31m404\u001b[39m","name":"toBe","pass":false}}],"failureMessages":["Error: \u001b[2mexpect(\u001b[22m\u001b[31mreceived\u001b[39m\u001b[2m).\u001b[22mtoBe\u001b[2m(\u001b[22m\u001b[32mexpected\u001b[39m\u001b[2m) // Object.is equality\u001b[22m\n\nExpected: \u001b[32m200\u001b[39m\nReceived: \u001b[31m404\u001b[39m\n    at Object.toBe (D:\\github\\NEXT Project\\travels\\tests\\api\\user.api.test.js:59:33)\n    at processTicksAndRejections (node:internal/process/task_queues:104:5)"],"fullName":"User API Integration should book a package when authenticated","invocations":1,"location":null,"numPassingAsserts":0,"retryReasons":[],"startAt":1773806462921,"status":"failed","title":"should book a package when authenticated"},{"ancestorTitles":["User API Integration"],"duration":107,"failing":false,"failureDetails":[],"failureMessages":[],"fullName":"User API Integration should return 401 if not authenticated","invocations":1,"location":null,"numPassingAsserts":2,"retryReasons":[],"startAt":1773806463795,"status":"passed","title":"should return 401 if not authenticated"},{"ancestorTitles":["User API Integration"],"duration":99,"failing":false,"failureDetails":[{"matcherResult":{"actual":500,"expected":200,"message":"\u001b[2mexpect(\u001b[22m\u001b[31mreceived\u001b[39m\u001b[2m).\u001b[22mtoBe\u001b[2m(\u001b[22m\u001b[32mexpected\u001b[39m\u001b[2m) // Object.is equality\u001b[22m\n\nExpected: \u001b[32m200\u001b[39m\nReceived: \u001b[31m500\u001b[39m","name":"toBe","pass":false}}],"failureMessages":["Error: \u001b[2mexpect(\u001b[22m\u001b[31mreceived\u001b[39m\u001b[2m).\u001b[22mtoBe\u001b[2m(\u001b[22m\u001b[32mexpected\u001b[39m\u001b[2m) // Object.is equality\u001b[22m\n\nExpected: \u001b[32m200\u001b[39m\nReceived: \u001b[31m500\u001b[39m\n    at Object.toBe (D:\\github\\NEXT Project\\travels\\tests\\api\\user.api.test.js:83:33)\n    at processTicksAndRejections (node:internal/process/task_queues:104:5)"],"fullName":"User API Integration should fetch and search packages successfully","invocations":1,"location":null,"numPassingAsserts":0,"retryReasons":[],"startAt":1773806463902,"status":"failed","title":"should fetch and search packages successfully"}],"endTime":1773806464768,"message":"\u001b[1m\u001b[31m  \u001b[1m● \u001b[22m\u001b[1mUser API Integration › should book a package when authenticated\u001b[39m\u001b[22m\n\n    \u001b[2mexpect(\u001b[22m\u001b[31mreceived\u001b[39m\u001b[2m).\u001b[22mtoBe\u001b[2m(\u001b[22m\u001b[32mexpected\u001b[39m\u001b[2m) // Object.is equality\u001b[22m\n\n    Expected: \u001b[32m200\u001b[39m\n    Received: \u001b[31m404\u001b[39m\n\u001b[2m\u001b[22m\n\u001b[2m    \u001b[0m \u001b[90m 57 |\u001b[39m\u001b[22m\n\u001b[2m     \u001b[90m 58 |\u001b[39m         \u001b[36mconst\u001b[39m response \u001b[33m=\u001b[39m \u001b[36mawait\u001b[39m \u001b[33mUserController\u001b[39m\u001b[33m.\u001b[39mbookPackage(req)\u001b[33m;\u001b[39m\u001b[22m\n\u001b[2m    \u001b[31m\u001b[1m>\u001b[22m\u001b[2m\u001b[39m\u001b[90m 59 |\u001b[39m         expect(response\u001b[33m.\u001b[39mstatus)\u001b[33m.\u001b[39mtoBe(\u001b[35m200\u001b[39m)\u001b[33m;\u001b[39m\u001b[22m\n\u001b[2m     \u001b[90m    |\u001b[39m                                 \u001b[31m\u001b[1m^\u001b[22m\u001b[2m\u001b[39m\u001b[22m\n\u001b[2m     \u001b[90m 60 |\u001b[39m         \u001b[36mconst\u001b[39m data \u001b[33m=\u001b[39m \u001b[36mawait\u001b[39m response\u001b[33m.\u001b[39mjson()\u001b[33m;\u001b[39m\u001b[22m\n\u001b[2m     \u001b[90m 61 |\u001b[39m         expect(data\u001b[33m.\u001b[39mmessage)\u001b[33m.\u001b[39mtoBe(\u001b[32m'Booking created successfully'\u001b[39m)\u001b[33m;\u001b[39m\u001b[22m\n\u001b[2m     \u001b[90m 62 |\u001b[39m         expect(data\u001b[33m.\u001b[39mdata\u001b[33m.\u001b[39mbooking)\u001b[33m.\u001b[39mtoBeDefined()\u001b[33m;\u001b[39m\u001b[0m\u001b[22m\n\u001b[2m\u001b[22m\n\u001b[2m      \u001b[2mat Object.toBe (\u001b[22m\u001b[2m\u001b[0m\u001b[36mtests/api/user.api.test.js\u001b[39m\u001b[0m\u001b[2m:59:33)\u001b[22m\u001b[2m\u001b[22m\n\n\u001b[1m\u001b[31m  \u001b[1m● \u001b[22m\u001b[1mUser API Integration › should fetch and search packages successfully\u001b[39m\u001b[22m\n\n    \u001b[2mexpect(\u001b[22m\u001b[31mreceived\u001b[39m\u001b[2m).\u001b[22mtoBe\u001b[2m(\u001b[22m\u001b[32mexpected\u001b[39m\u001b[2m) // Object.is equality\u001b[22m\n\n    Expected: \u001b[32m200\u001b[39m\n    Received: \u001b[31m500\u001b[39m\n\u001b[2m\u001b[22m\n\u001b[2m    \u001b[0m \u001b[90m 81 |\u001b[39m\u001b[22m\n\u001b[2m     \u001b[90m 82 |\u001b[39m         \u001b[36mconst\u001b[39m response \u001b[33m=\u001b[39m \u001b[36mawait\u001b[39m \u001b[33mUserController\u001b[39m\u001b[33m.\u001b[39mbrowsePackages(req)\u001b[33m;\u001b[39m\u001b[22m\n\u001b[2m    \u001b[31m\u001b[1m>\u001b[22m\u001b[2m\u001b[39m\u001b[90m 83 |\u001b[39m         expect(response\u001b[33m.\u001b[39mstatus)\u001b[33m.\u001b[39mtoBe(\u001b[35m200\u001b[39m)\u001b[33m;\u001b[39m\u001b[22m\n\u001b[2m     \u001b[90m    |\u001b[39m                                 \u001b[31m\u001b[1m^\u001b[22m\u001b[2m\u001b[39m\u001b[22m\n\u001b[2m     \u001b[90m 84 |\u001b[39m         \u001b[36mconst\u001b[39m data \u001b[33m=\u001b[39m \u001b[36mawait\u001b[39m response\u001b[33m.\u001b[39mjson()\u001b[33m;\u001b[39m\u001b[22m\n\u001b[2m     \u001b[90m 85 |\u001b[39m         expect(data\u001b[33m.\u001b[39mmessage)\u001b[33m.\u001b[39mtoBe(\u001b[32m'Packages retrieved successfully'\u001b[39m)\u001b[33m;\u001b[39m\u001b[22m\n\u001b[2m     \u001b[90m 86 |\u001b[39m         expect(data\u001b[33m.\u001b[39mdata\u001b[33m.\u001b[39mpackages)\u001b[33m.\u001b[39mtoBeDefined()\u001b[33m;\u001b[39m\u001b[0m\u001b[22m\n\u001b[2m\u001b[22m\n\u001b[2m      \u001b[2mat Object.toBe (\u001b[22m\u001b[2m\u001b[0m\u001b[36mtests/api/user.api.test.js\u001b[39m\u001b[0m\u001b[2m:83:33)\u001b[22m\u001b[2m\u001b[22m\n","name":"D:\\github\\NEXT Project\\travels\\tests\\api\\user.api.test.js","startTime":1773806453738,"status":"failed","summary":""},{"assertionResults":[{"ancestorTitles":["Admin API Integration"],"duration":583,"failing":false,"failureDetails":[],"failureMessages":[],"fullName":"Admin API Integration should fetch stats for admin user","invocations":1,"location":null,"numPassingAsserts":3,"retryReasons":[],"startAt":1773806462642,"status":"passed","title":"should fetch stats for admin user"},{"ancestorTitles":["Admin API Integration"],"duration":682,"failing":false,"failureDetails":[{"matcherResult":{"actual":200,"expected":403,"message":"\u001b[2mexpect(\u001b[22m\u001b[31mreceived\u001b[39m\u001b[2m).\u001b[22mtoBe\u001b[2m(\u001b[22m\u001b[32mexpected\u001b[39m\u001b[2m) // Object.is equality\u001b[22m\n\nExpected: \u001b[32m403\u001b[39m\nReceived: \u001b[31m200\u001b[39m","name":"toBe","pass":false}}],"failureMessages":["Error: \u001b[2mexpect(\u001b[22m\u001b[31mreceived\u001b[39m\u001b[2m).\u001b[22mtoBe\u001b[2m(\u001b[22m\u001b[32mexpected\u001b[39m\u001b[2m) // Object.is equality\u001b[22m\n\nExpected: \u001b[32m403\u001b[39m\nReceived: \u001b[31m200\u001b[39m\n    at Object.toBe (D:\\github\\NEXT Project\\travels\\tests\\api\\admin.api.test.js:25:33)\n    at processTicksAndRejections (node:internal/process/task_queues:104:5)"],"fullName":"Admin API Integration should deny stats for regular user","invocations":1,"location":null,"numPassingAsserts":0,"retryReasons":[],"startAt":1773806463228,"status":"failed","title":"should deny stats for regular user"},{"ancestorTitles":["Admin API Integration"],"duration":352,"failing":false,"failureDetails":[],"failureMessages":[],"fullName":"Admin API Integration should approve a vendor","invocations":1,"location":null,"numPassingAsserts":3,"retryReasons":[],"startAt":1773806463921,"status":"passed","title":"should approve a vendor"}],"endTime":1773806464813,"message":"\u001b[1m\u001b[31m  \u001b[1m● \u001b[22m\u001b[1mAdmin API Integration › should deny stats for regular user\u001b[39m\u001b[22m\n\n    \u001b[2mexpect(\u001b[22m\u001b[31mreceived\u001b[39m\u001b[2m).\u001b[22mtoBe\u001b[2m(\u001b[22m\u001b[32mexpected\u001b[39m\u001b[2m) // Object.is equality\u001b[22m\n\n    Expected: \u001b[32m403\u001b[39m\n    Received: \u001b[31m200\u001b[39m\n\u001b[2m\u001b[22m\n\u001b[2m    \u001b[0m \u001b[90m 23 |\u001b[39m\u001b[22m\n\u001b[2m     \u001b[90m 24 |\u001b[39m         \u001b[36mconst\u001b[39m response \u001b[33m=\u001b[39m \u001b[36mawait\u001b[39m \u001b[33mAdminController\u001b[39m\u001b[33m.\u001b[39mgetStats(req)\u001b[33m;\u001b[39m\u001b[22m\n\u001b[2m    \u001b[31m\u001b[1m>\u001b[22m\u001b[2m\u001b[39m\u001b[90m 25 |\u001b[39m         expect(response\u001b[33m.\u001b[39mstatus)\u001b[33m.\u001b[39mtoBe(\u001b[35m403\u001b[39m)\u001b[33m;\u001b[39m\u001b[22m\n\u001b[2m     \u001b[90m    |\u001b[39m                                 \u001b[31m\u001b[1m^\u001b[22m\u001b[2m\u001b[39m\u001b[22m\n\u001b[2m     \u001b[90m 26 |\u001b[39m         \u001b[36mconst\u001b[39m data \u001b[33m=\u001b[39m \u001b[36mawait\u001b[39m response\u001b[33m.\u001b[39mjson()\u001b[33m;\u001b[39m\u001b[22m\n\u001b[2m     \u001b[90m 27 |\u001b[39m         expect(data\u001b[33m.\u001b[39mmessage)\u001b[33m.\u001b[39mtoBe(\u001b[32m'This action is restricted to administrators only'\u001b[39m)\u001b[33m;\u001b[39m\u001b[22m\n\u001b[2m     \u001b[90m 28 |\u001b[39m     })\u001b[33m;\u001b[39m\u001b[0m\u001b[22m\n\u001b[2m\u001b[22m\n\u001b[2m      \u001b[2mat Object.toBe (\u001b[22m\u001b[2m\u001b[0m\u001b[36mtests/api/admin.api.test.js\u001b[39m\u001b[0m\u001b[2m:25:33)\u001b[22m\u001b[2m\u001b[22m\n","name":"D:\\github\\NEXT Project\\travels\\tests\\api\\admin.api.test.js","startTime":1773806453720,"status":"failed","summary":""},{"assertionResults":[{"ancestorTitles":["BookingService Test Suite"],"duration":933,"failing":false,"failureDetails":[{"errorLabelSet":{},"errorResponse":{"ok":0,"errmsg":"Transaction numbers are only allowed on a replica set member or mongos","code":20,"codeName":"IllegalOperation"},"ok":0,"code":20,"codeName":"IllegalOperation"}],"failureMessages":["MongoServerError: Transaction numbers are only allowed on a replica set member or mongos\n    at Connection.sendCommand (D:\\github\\NEXT Project\\travels\\node_modules\\mongodb\\src\\cmap\\connection.ts:557:17)\n    at processTicksAndRejections (node:internal/process/task_queues:104:5)\n    at Connection.command (D:\\github\\NEXT Project\\travels\\node_modules\\mongodb\\src\\cmap\\connection.ts:627:22)\n    at Server.command (D:\\github\\NEXT Project\\travels\\node_modules\\mongodb\\src\\sdam\\server.ts:351:21)\n    at tryOperation (D:\\github\\NEXT Project\\travels\\node_modules\\mongodb\\src\\operations\\execute_operation.ts:294:24)\n    at executeOperation (D:\\github\\NEXT Project\\travels\\node_modules\\mongodb\\src\\operations\\execute_operation.ts:123:12)\n    at FindCursor._initialize (D:\\github\\NEXT Project\\travels\\node_modules\\mongodb\\src\\cursor\\find_cursor.ts:92:22)\n    at FindCursor.cursorInit (D:\\github\\NEXT Project\\travels\\node_modules\\mongodb\\src\\cursor\\abstract_cursor.ts:917:21)\n    at FindCursor.fetchBatch (D:\\github\\NEXT Project\\travels\\node_modules\\mongodb\\src\\cursor\\abstract_cursor.ts:955:7)\n    at FindCursor.next (D:\\github\\NEXT Project\\travels\\node_modules\\mongodb\\src\\cursor\\abstract_cursor.ts:573:9)\n    at Collection.findOne (D:\\github\\NEXT Project\\travels\\node_modules\\mongodb\\src\\collection.ts:552:20)\n    at model.Query._findOne (D:\\github\\NEXT Project\\travels\\node_modules\\mongoose\\lib\\query.js:2731:15)\n    at model.Query.exec (D:\\github\\NEXT Project\\travels\\node_modules\\mongoose\\lib\\query.js:4726:63)\n    at BookingService.processRefund (D:\\github\\NEXT Project\\travels\\src\\core\\Services\\BookingService.js:65:29)\n    at Object.<anonymous> (D:\\github\\NEXT Project\\travels\\tests\\unit\\BookingService.test.js:22:26)"],"fullName":"BookingService Test Suite should successfully process a refund","invocations":1,"location":null,"numPassingAsserts":0,"retryReasons":[],"startAt":1773806462775,"status":"failed","title":"should successfully process a refund"},{"ancestorTitles":["BookingService Test Suite"],"duration":88,"failing":false,"failureDetails":[{"errorLabelSet":{},"errorResponse":{"ok":0,"errmsg":"Transaction numbers are only allowed on a replica set member or mongos","code":20,"codeName":"IllegalOperation"},"ok":0,"code":20,"codeName":"IllegalOperation"}],"failureMessages":["MongoServerError: Transaction numbers are only allowed on a replica set member or mongos\n    at Connection.sendCommand (D:\\github\\NEXT Project\\travels\\node_modules\\mongodb\\src\\cmap\\connection.ts:557:17)\n    at processTicksAndRejections (node:internal/process/task_queues:104:5)\n    at Connection.command (D:\\github\\NEXT Project\\travels\\node_modules\\mongodb\\src\\cmap\\connection.ts:627:22)\n    at Server.command (D:\\github\\NEXT Project\\travels\\node_modules\\mongodb\\src\\sdam\\server.ts:351:21)\n    at tryOperation (D:\\github\\NEXT Project\\travels\\node_modules\\mongodb\\src\\operations\\execute_operation.ts:294:24)\n    at executeOperation (D:\\github\\NEXT Project\\travels\\node_modules\\mongodb\\src\\operations\\execute_operation.ts:123:12)\n    at FindCursor._initialize (D:\\github\\NEXT Project\\travels\\node_modules\\mongodb\\src\\cursor\\find_cursor.ts:92:22)\n    at FindCursor.cursorInit (D:\\github\\NEXT Project\\travels\\node_modules\\mongodb\\src\\cursor\\abstract_cursor.ts:917:21)\n    at FindCursor.fetchBatch (D:\\github\\NEXT Project\\travels\\node_modules\\mongodb\\src\\cursor\\abstract_cursor.ts:955:7)\n    at FindCursor.next (D:\\github\\NEXT Project\\travels\\node_modules\\mongodb\\src\\cursor\\abstract_cursor.ts:573:9)\n    at Collection.findOne (D:\\github\\NEXT Project\\travels\\node_modules\\mongodb\\src\\collection.ts:552:20)\n    at model.Query._findOne (D:\\github\\NEXT Project\\travels\\node_modules\\mongoose\\lib\\query.js:2731:15)\n    at model.Query.exec (D:\\github\\NEXT Project\\travels\\node_modules\\mongoose\\lib\\query.js:4726:63)\n    at BookingService.markPayout (D:\\github\\NEXT Project\\travels\\src\\core\\Services\\BookingService.js:93:29)\n    at Object.<anonymous> (D:\\github\\NEXT Project\\travels\\tests\\unit\\BookingService.test.js:29:24)"],"fullName":"BookingService Test Suite should mark a booking for payout","invocations":1,"location":null,"numPassingAsserts":0,"retryReasons":[],"startAt":1773806463912,"status":"failed","title":"should mark a booking for payout"},{"ancestorTitles":["BookingService Test Suite"],"duration":112,"failing":false,"failureDetails":[],"failureMessages":[],"fullName":"BookingService Test Suite should update payment status based on razorpay signatures","invocations":1,"location":null,"numPassingAsserts":4,"retryReasons":[],"startAt":1773806464002,"status":"passed","title":"should update payment status based on razorpay signatures"},{"ancestorTitles":["BookingService Test Suite"],"duration":47,"failing":false,"failureDetails":[],"failureMessages":[],"fullName":"BookingService Test Suite should throw mismatch error for invalid order IDs","invocations":1,"location":null,"numPassingAsserts":1,"retryReasons":[],"startAt":1773806464114,"status":"passed","title":"should throw mismatch error for invalid order IDs"}],"endTime":1773806465820,"message":"\u001b[1m\u001b[31m  \u001b[1m● \u001b[22m\u001b[1mBookingService Test Suite › should successfully process a refund\u001b[39m\u001b[22m\n\n    MongoServerError: Transaction numbers are only allowed on a replica set member or mongos\n\u001b[2m\u001b[22m\n\u001b[2m    \u001b[0m \u001b[90m 63 |\u001b[39m         session\u001b[33m.\u001b[39mstartTransaction()\u001b[33m;\u001b[39m\u001b[22m\n\u001b[2m     \u001b[90m 64 |\u001b[39m         \u001b[36mtry\u001b[39m {\u001b[22m\n\u001b[2m    \u001b[31m\u001b[1m>\u001b[22m\u001b[2m\u001b[39m\u001b[90m 65 |\u001b[39m             \u001b[36mconst\u001b[39m booking \u001b[33m=\u001b[39m \u001b[36mawait\u001b[39m \u001b[33mBooking\u001b[39m\u001b[33m.\u001b[39mfindById(bookingId)\u001b[33m.\u001b[39msession(session)\u001b[33m;\u001b[39m\u001b[22m\n\u001b[2m     \u001b[90m    |\u001b[39m                             \u001b[31m\u001b[1m^\u001b[22m\u001b[2m\u001b[39m\u001b[22m\n\u001b[2m     \u001b[90m 66 |\u001b[39m             \u001b[36mif\u001b[39m (\u001b[33m!\u001b[39mbooking) \u001b[36mthrow\u001b[39m \u001b[36mnew\u001b[39m \u001b[33mError\u001b[39m(\u001b[33mRESPONSE_MESSAGES\u001b[39m\u001b[33m.\u001b[39m\u001b[33mBOOKING\u001b[39m\u001b[33m.\u001b[39m\u001b[33mNOT_FOUND\u001b[39m)\u001b[33m;\u001b[39m\u001b[22m\n\u001b[2m     \u001b[90m 67 |\u001b[39m\u001b[22m\n\u001b[2m     \u001b[90m 68 |\u001b[39m             booking\u001b[33m.\u001b[39mstatus \u001b[33m=\u001b[39m \u001b[32m'cancelled'\u001b[39m\u001b[33m;\u001b[39m\u001b[0m\u001b[22m\n\u001b[2m\u001b[22m\n\u001b[2m      \u001b[2mat Connection.sendCommand (\u001b[22m\u001b[2mnode_modules/mongodb/src/cmap/connection.ts\u001b[2m:557:17)\u001b[22m\u001b[2m\u001b[22m\n\u001b[2m      \u001b[2mat Connection.command (\u001b[22m\u001b[2mnode_modules/mongodb/src/cmap/connection.ts\u001b[2m:627:22)\u001b[22m\u001b[2m\u001b[22m\n\u001b[2m      \u001b[2mat Server.command (\u001b[22m\u001b[2mnode_modules/mongodb/src/sdam/server.ts\u001b[2m:351:21)\u001b[22m\u001b[2m\u001b[22m\n\u001b[2m      \u001b[2mat tryOperation (\u001b[22m\u001b[2mnode_modules/mongodb/src/operations/execute_operation.ts\u001b[2m:294:24)\u001b[22m\u001b[2m\u001b[22m\n\u001b[2m      \u001b[2mat executeOperation (\u001b[22m\u001b[2mnode_modules/mongodb/src/operations/execute_operation.ts\u001b[2m:123:12)\u001b[22m\u001b[2m\u001b[22m\n\u001b[2m      \u001b[2mat FindCursor._initialize (\u001b[22m\u001b[2mnode_modules/mongodb/src/cursor/find_cursor.ts\u001b[2m:92:22)\u001b[22m\u001b[2m\u001b[22m\n\u001b[2m      \u001b[2mat FindCursor.cursorInit (\u001b[22m\u001b[2mnode_modules/mongodb/src/cursor/abstract_cursor.ts\u001b[2m:917:21)\u001b[22m\u001b[2m\u001b[22m\n\u001b[2m      \u001b[2mat FindCursor.fetchBatch (\u001b[22m\u001b[2mnode_modules/mongodb/src/cursor/abstract_cursor.ts\u001b[2m:955:7)\u001b[22m\u001b[2m\u001b[22m\n\u001b[2m      \u001b[2mat FindCursor.next (\u001b[22m\u001b[2mnode_modules/mongodb/src/cursor/abstract_cursor.ts\u001b[2m:573:9)\u001b[22m\u001b[2m\u001b[22m\n\u001b[2m      \u001b[2mat Collection.findOne (\u001b[22m\u001b[2mnode_modules/mongodb/src/collection.ts\u001b[2m:552:20)\u001b[22m\u001b[2m\u001b[22m\n\u001b[2m      \u001b[2mat model.Query._findOne (\u001b[22m\u001b[2mnode_modules/mongoose/lib/query.js\u001b[2m:2731:15)\u001b[22m\u001b[2m\u001b[22m\n\u001b[2m      \u001b[2mat model.Query.exec (\u001b[22m\u001b[2mnode_modules/mongoose/lib/query.js\u001b[2m:4726:63)\u001b[22m\u001b[2m\u001b[22m\n\u001b[2m      \u001b[2mat BookingService.processRefund (\u001b[22m\u001b[2msrc/core/Services/BookingService.js\u001b[2m:65:29)\u001b[22m\u001b[2m\u001b[22m\n\u001b[2m      \u001b[2mat Object.<anonymous> (\u001b[22m\u001b[2m\u001b[0m\u001b[36mtests/unit/BookingService.test.js\u001b[39m\u001b[0m\u001b[2m:22:26)\u001b[22m\u001b[2m\u001b[22m\n\n\u001b[1m\u001b[31m  \u001b[1m● \u001b[22m\u001b[1mBookingService Test Suite › should mark a booking for payout\u001b[39m\u001b[22m\n\n    MongoServerError: Transaction numbers are only allowed on a replica set member or mongos\n\u001b[2m\u001b[22m\n\u001b[2m    \u001b[0m \u001b[90m 91 |\u001b[39m         session\u001b[33m.\u001b[39mstartTransaction()\u001b[33m;\u001b[39m\u001b[22m\n\u001b[2m     \u001b[90m 92 |\u001b[39m         \u001b[36mtry\u001b[39m {\u001b[22m\n\u001b[2m    \u001b[31m\u001b[1m>\u001b[22m\u001b[2m\u001b[39m\u001b[90m 93 |\u001b[39m             \u001b[36mconst\u001b[39m booking \u001b[33m=\u001b[39m \u001b[36mawait\u001b[39m \u001b[33mBooking\u001b[39m\u001b[33m.\u001b[39mfindById(bookingId)\u001b[33m.\u001b[39msession(session)\u001b[33m;\u001b[39m\u001b[22m\n\u001b[2m     \u001b[90m    |\u001b[39m                             \u001b[31m\u001b[1m^\u001b[22m\u001b[2m\u001b[39m\u001b[22m\n\u001b[2m     \u001b[90m 94 |\u001b[39m             \u001b[36mif\u001b[39m (\u001b[33m!\u001b[39mbooking) \u001b[36mthrow\u001b[39m \u001b[36mnew\u001b[39m \u001b[33mError\u001b[39m(\u001b[33mRESPONSE_MESSAGES\u001b[39m\u001b[33m.\u001b[39m\u001b[33mBOOKING\u001b[39m\u001b[33m.\u001b[39m\u001b[33mNOT_FOUND\u001b[39m)\u001b[33m;\u001b[39m\u001b[22m\n\u001b[2m     \u001b[90m 95 |\u001b[39m\u001b[22m\n\u001b[2m     \u001b[90m 96 |\u001b[39m             booking\u001b[33m.\u001b[39mpayoutStatus \u001b[33m=\u001b[39m \u001b[32m'paid'\u001b[39m\u001b[33m;\u001b[39m\u001b[0m\u001b[22m\n\u001b[2m\u001b[22m\n\u001b[2m      \u001b[2mat Connection.sendCommand (\u001b[22m\u001b[2mnode_modules/mongodb/src/cmap/connection.ts\u001b[2m:557:17)\u001b[22m\u001b[2m\u001b[22m\n\u001b[2m      \u001b[2mat Connection.command (\u001b[22m\u001b[2mnode_modules/mongodb/src/cmap/connection.ts\u001b[2m:627:22)\u001b[22m\u001b[2m\u001b[22m\n\u001b[2m      \u001b[2mat Server.command (\u001b[22m\u001b[2mnode_modules/mongodb/src/sdam/server.ts\u001b[2m:351:21)\u001b[22m\u001b[2m\u001b[22m\n\u001b[2m      \u001b[2mat tryOperation (\u001b[22m\u001b[2mnode_modules/mongodb/src/operations/execute_operation.ts\u001b[2m:294:24)\u001b[22m\u001b[2m\u001b[22m\n\u001b[2m      \u001b[2mat executeOperation (\u001b[22m\u001b[2mnode_modules/mongodb/src/operations/execute_operation.ts\u001b[2m:123:12)\u001b[22m\u001b[2m\u001b[22m\n\u001b[2m      \u001b[2mat FindCursor._initialize (\u001b[22m\u001b[2mnode_modules/mongodb/src/cursor/find_cursor.ts\u001b[2m:92:22)\u001b[22m\u001b[2m\u001b[22m\n\u001b[2m      \u001b[2mat FindCursor.cursorInit (\u001b[22m\u001b[2mnode_modules/mongodb/src/cursor/abstract_cursor.ts\u001b[2m:917:21)\u001b[22m\u001b[2m\u001b[22m\n\u001b[2m      \u001b[2mat FindCursor.fetchBatch (\u001b[22m\u001b[2mnode_modules/mongodb/src/cursor/abstract_cursor.ts\u001b[2m:955:7)\u001b[22m\u001b[2m\u001b[22m\n\u001b[2m      \u001b[2mat FindCursor.next (\u001b[22m\u001b[2mnode_modules/mongodb/src/cursor/abstract_cursor.ts\u001b[2m:573:9)\u001b[22m\u001b[2m\u001b[22m\n\u001b[2m      \u001b[2mat Collection.findOne (\u001b[22m\u001b[2mnode_modules/mongodb/src/collection.ts\u001b[2m:552:20)\u001b[22m\u001b[2m\u001b[22m\n\u001b[2m      \u001b[2mat model.Query._findOne (\u001b[22m\u001b[2mnode_modules/mongoose/lib/query.js\u001b[2m:2731:15)\u001b[22m\u001b[2m\u001b[22m\n\u001b[2m      \u001b[2mat model.Query.exec (\u001b[22m\u001b[2mnode_modules/mongoose/lib/query.js\u001b[2m:4726:63)\u001b[22m\u001b[2m\u001b[22m\n\u001b[2m      \u001b[2mat BookingService.markPayout (\u001b[22m\u001b[2msrc/core/Services/BookingService.js\u001b[2m:93:29)\u001b[22m\u001b[2m\u001b[22m\n\u001b[2m      \u001b[2mat Object.<anonymous> (\u001b[22m\u001b[2m\u001b[0m\u001b[36mtests/unit/BookingService.test.js\u001b[39m\u001b[0m\u001b[2m:29:24)\u001b[22m\u001b[2m\u001b[22m\n","name":"D:\\github\\NEXT Project\\travels\\tests\\unit\\BookingService.test.js","startTime":1773806453759,"status":"failed","summary":""},{"assertionResults":[{"ancestorTitles":["Vendor API Controller Test Suite"],"duration":259,"failing":false,"failureDetails":[{"matcherResult":{"actual":404,"expected":403,"message":"\u001b[2mexpect(\u001b[22m\u001b[31mreceived\u001b[39m\u001b[2m).\u001b[22mtoBe\u001b[2m(\u001b[22m\u001b[32mexpected\u001b[39m\u001b[2m) // Object.is equality\u001b[22m\n\nExpected: \u001b[32m403\u001b[39m\nReceived: \u001b[31m404\u001b[39m","name":"toBe","pass":false}}],"failureMessages":["Error: \u001b[2mexpect(\u001b[22m\u001b[31mreceived\u001b[39m\u001b[2m).\u001b[22mtoBe\u001b[2m(\u001b[22m\u001b[32mexpected\u001b[39m\u001b[2m) // Object.is equality\u001b[22m\n\nExpected: \u001b[32m403\u001b[39m\nReceived: \u001b[31m404\u001b[39m\n    at Object.toBe (D:\\github\\NEXT Project\\travels\\tests\\api\\vendor.api.test.js:12:28)\n    at processTicksAndRejections (node:internal/process/task_queues:104:5)"],"fullName":"Vendor API Controller Test Suite should deny profile access to non-vendors","invocations":1,"location":null,"numPassingAsserts":0,"retryReasons":[],"startAt":1773806464222,"status":"failed","title":"should deny profile access to non-vendors"},{"ancestorTitles":["Vendor API Controller Test Suite"],"duration":107,"failing":false,"failureDetails":[],"failureMessages":[],"fullName":"Vendor API Controller Test Suite should return 404 if vendor profile does not exist yet","invocations":1,"location":null,"numPassingAsserts":1,"retryReasons":[],"startAt":1773806464498,"status":"passed","title":"should return 404 if vendor profile does not exist yet"},{"ancestorTitles":["Vendor API Controller Test Suite"],"duration":428,"failing":false,"failureDetails":[],"failureMessages":[],"fullName":"Vendor API Controller Test Suite should create a package for an approved vendor","invocations":1,"location":null,"numPassingAsserts":1,"retryReasons":[],"startAt":1773806464605,"status":"passed","title":"should create a package for an approved vendor"},{"ancestorTitles":["Vendor API Controller Test Suite"],"duration":73,"failing":false,"failureDetails":[],"failureMessages":[],"fullName":"Vendor API Controller Test Suite should return the vendor catalog with formatted services array","invocations":1,"location":null,"numPassingAsserts":6,"retryReasons":[],"startAt":1773806465034,"status":"passed","title":"should return the vendor catalog with formatted services array"}],"endTime":1773806466159,"message":"\u001b[1m\u001b[31m  \u001b[1m● \u001b[22m\u001b[1mVendor API Controller Test Suite › should deny profile access to non-vendors\u001b[39m\u001b[22m\n\n    \u001b[2mexpect(\u001b[22m\u001b[31mreceived\u001b[39m\u001b[2m).\u001b[22mtoBe\u001b[2m(\u001b[22m\u001b[32mexpected\u001b[39m\u001b[2m) // Object.is equality\u001b[22m\n\n    Expected: \u001b[32m403\u001b[39m\n    Received: \u001b[31m404\u001b[39m\n\u001b[2m\u001b[22m\n\u001b[2m    \u001b[0m \u001b[90m 10 |\u001b[39m         \u001b[36mconst\u001b[39m req \u001b[33m=\u001b[39m { user\u001b[33m:\u001b[39m { role\u001b[33m:\u001b[39m \u001b[32m'traveller'\u001b[39m } }\u001b[33m;\u001b[39m\u001b[22m\n\u001b[2m     \u001b[90m 11 |\u001b[39m         \u001b[36mconst\u001b[39m res \u001b[33m=\u001b[39m \u001b[36mawait\u001b[39m \u001b[33mVendorController\u001b[39m\u001b[33m.\u001b[39mgetBusinessProfile(req)\u001b[33m;\u001b[39m\u001b[22m\n\u001b[2m    \u001b[31m\u001b[1m>\u001b[22m\u001b[2m\u001b[39m\u001b[90m 12 |\u001b[39m         expect(res\u001b[33m.\u001b[39mstatus)\u001b[33m.\u001b[39mtoBe(\u001b[35m403\u001b[39m)\u001b[33m;\u001b[39m\u001b[22m\n\u001b[2m     \u001b[90m    |\u001b[39m                            \u001b[31m\u001b[1m^\u001b[22m\u001b[2m\u001b[39m\u001b[22m\n\u001b[2m     \u001b[90m 13 |\u001b[39m     })\u001b[33m;\u001b[39m\u001b[22m\n\u001b[2m     \u001b[90m 14 |\u001b[39m\u001b[22m\n\u001b[2m     \u001b[90m 15 |\u001b[39m     it(\u001b[32m'should return 404 if vendor profile does not exist yet'\u001b[39m\u001b[33m,\u001b[39m \u001b[36masync\u001b[39m () \u001b[33m=>\u001b[39m {\u001b[0m\u001b[22m\n\u001b[2m\u001b[22m\n\u001b[2m      \u001b[2mat Object.toBe (\u001b[22m\u001b[2m\u001b[0m\u001b[36mtests/api/vendor.api.test.js\u001b[39m\u001b[0m\u001b[2m:12:28)\u001b[22m\u001b[2m\u001b[22m\n","name":"D:\\github\\NEXT Project\\travels\\tests\\api\\vendor.api.test.js","startTime":1773806453726,"status":"failed","summary":""},{"assertionResults":[{"ancestorTitles":["CategoryModel Test Suite"],"duration":104,"failing":false,"failureDetails":[],"failureMessages":[],"fullName":"CategoryModel Test Suite should generate a slug automatically from the name on save","invocations":1,"location":null,"numPassingAsserts":3,"retryReasons":[],"startAt":1773806466711,"status":"passed","title":"should generate a slug automatically from the name on save"},{"ancestorTitles":["CategoryModel Test Suite"],"duration":11,"failing":false,"failureDetails":[],"failureMessages":[],"fullName":"CategoryModel Test Suite should not override a manually provided slug","invocations":1,"location":null,"numPassingAsserts":1,"retryReasons":[],"startAt":1773806466816,"status":"passed","title":"should not override a manually provided slug"},{"ancestorTitles":["CategoryModel Test Suite"],"duration":19,"failing":false,"failureDetails":[],"failureMessages":[],"fullName":"CategoryModel Test Suite should fail with duplicate unique names or slugs","invocations":1,"location":null,"numPassingAsserts":2,"retryReasons":[],"startAt":1773806466828,"status":"passed","title":"should fail with duplicate unique names or slugs"}],"endTime":1773806467080,"message":"","name":"D:\\github\\NEXT Project\\travels\\tests\\models\\Category.test.js","startTime":1773806463015,"status":"passed","summary":""},{"assertionResults":[{"ancestorTitles":["AdminService Test Suite"],"duration":676,"failing":false,"failureDetails":[],"failureMessages":[],"fullName":"AdminService Test Suite should create a traveller user directly","invocations":1,"location":null,"numPassingAsserts":2,"retryReasons":[],"startAt":1773806464953,"status":"passed","title":"should create a traveller user directly"},{"ancestorTitles":["AdminService Test Suite"],"duration":84,"failing":false,"failureDetails":[],"failureMessages":[],"fullName":"AdminService Test Suite should properly log admin actions to AuditLog","invocations":1,"location":null,"numPassingAsserts":3,"retryReasons":[],"startAt":1773806465630,"status":"passed","title":"should properly log admin actions to AuditLog"},{"ancestorTitles":["AdminService Test Suite"],"duration":62,"failing":false,"failureDetails":[],"failureMessages":[],"fullName":"AdminService Test Suite should return system health metrics","invocations":1,"location":null,"numPassingAsserts":2,"retryReasons":[],"startAt":1773806465714,"status":"passed","title":"should return system health metrics"},{"ancestorTitles":["AdminService Test Suite"],"duration":315,"failing":false,"failureDetails":[],"failureMessages":[],"fullName":"AdminService Test Suite should approve a vendor","invocations":1,"location":null,"numPassingAsserts":1,"retryReasons":[],"startAt":1773806465776,"status":"passed","title":"should approve a vendor"}],"endTime":1773806467641,"message":"","name":"D:\\github\\NEXT Project\\travels\\tests\\unit\\AdminService.test.js","startTime":1773806460255,"status":"passed","summary":""},{"assertionResults":[{"ancestorTitles":["UserModel Test Suite"],"duration":326,"failing":false,"failureDetails":[],"failureMessages":[],"fullName":"UserModel Test Suite should create a user with default fields successfully","invocations":1,"location":null,"numPassingAsserts":5,"retryReasons":[],"startAt":1773806465940,"status":"passed","title":"should create a user with default fields successfully"},{"ancestorTitles":["UserModel Test Suite"],"duration":479,"failing":false,"failureDetails":[],"failureMessages":[],"fullName":"UserModel Test Suite should hash the password on save hook","invocations":1,"location":null,"numPassingAsserts":2,"retryReasons":[],"startAt":1773806466268,"status":"passed","title":"should hash the password on save hook"},{"ancestorTitles":["UserModel Test Suite"],"duration":499,"failing":false,"failureDetails":[],"failureMessages":[],"fullName":"UserModel Test Suite should throw an error for duplicate emails","invocations":1,"location":null,"numPassingAsserts":2,"retryReasons":[],"startAt":1773806466747,"status":"passed","title":"should throw an error for duplicate emails"},{"ancestorTitles":["UserModel Test Suite"],"duration":7,"failing":false,"failureDetails":[],"failureMessages":[],"fullName":"UserModel Test Suite should enforce enum restrictions on roles","invocations":1,"location":null,"numPassingAsserts":2,"retryReasons":[],"startAt":1773806467247,"status":"passed","title":"should enforce enum restrictions on roles"}],"endTime":1773806468381,"message":"","name":"D:\\github\\NEXT Project\\travels\\tests\\models\\User.test.js","startTime":1773806461782,"status":"passed","summary":""},{"assertionResults":[{"ancestorTitles":["PolicyModel Test Suite"],"duration":153,"failing":false,"failureDetails":[],"failureMessages":[],"fullName":"PolicyModel Test Suite should require target, type, and content","invocations":1,"location":null,"numPassingAsserts":4,"retryReasons":[],"startAt":1773806468036,"status":"passed","title":"should require target, type, and content"},{"ancestorTitles":["PolicyModel Test Suite"],"duration":38,"failing":false,"failureDetails":[],"failureMessages":[],"fullName":"PolicyModel Test Suite should strictly enforce uniqueness of target and type","invocations":1,"location":null,"numPassingAsserts":2,"retryReasons":[],"startAt":1773806468191,"status":"passed","title":"should strictly enforce uniqueness of target and type"}],"endTime":1773806468727,"message":"","name":"D:\\github\\NEXT Project\\travels\\tests\\models\\Policy.test.js","startTime":1773806464393,"status":"passed","summary":""},{"assertionResults":[{"ancestorTitles":["VendorService Test Suite"],"duration":275,"failing":false,"failureDetails":[],"failureMessages":[],"fullName":"VendorService Test Suite should upsert a new vendor profile","invocations":1,"location":null,"numPassingAsserts":3,"retryReasons":[],"startAt":1773806467578,"status":"passed","title":"should upsert a new vendor profile"},{"ancestorTitles":["VendorService Test Suite"],"duration":62,"failing":false,"failureDetails":[],"failureMessages":[],"fullName":"VendorService Test Suite should update an existing vendor profile without overwriting unspecified nested documents","invocations":1,"location":null,"numPassingAsserts":2,"retryReasons":[],"startAt":1773806467855,"status":"passed","title":"should update an existing vendor profile without overwriting unspecified nested documents"},{"ancestorTitles":["VendorService Test Suite"],"duration":156,"failing":false,"failureDetails":[],"failureMessages":[],"fullName":"VendorService Test Suite should add and remove categories","invocations":1,"location":null,"numPassingAsserts":3,"retryReasons":[],"startAt":1773806467917,"status":"passed","title":"should add and remove categories"}],"endTime":1773806468932,"message":"","name":"D:\\github\\NEXT Project\\travels\\tests\\unit\\VendorService.test.js","startTime":1773806463301,"status":"passed","summary":""},{"assertionResults":[{"ancestorTitles":["CouponModel Test Suite"],"duration":53,"failing":false,"failureDetails":[],"failureMessages":[],"fullName":"CouponModel Test Suite should require code, discountType, value, and expiryDate","invocations":1,"location":null,"numPassingAsserts":5,"retryReasons":[],"startAt":1773806468645,"status":"passed","title":"should require code, discountType, value, and expiryDate"},{"ancestorTitles":["CouponModel Test Suite"],"duration":9,"failing":false,"failureDetails":[],"failureMessages":[],"fullName":"CouponModel Test Suite should enforce enum restrictions on discountType","invocations":1,"location":null,"numPassingAsserts":1,"retryReasons":[],"startAt":1773806468700,"status":"passed","title":"should enforce enum restrictions on discountType"},{"ancestorTitles":["CouponModel Test Suite"],"duration":19,"failing":false,"failureDetails":[],"failureMessages":[],"fullName":"CouponModel Test Suite should convert code to uppercase","invocations":1,"location":null,"numPassingAsserts":1,"retryReasons":[],"startAt":1773806468710,"status":"passed","title":"should convert code to uppercase"}],"endTime":1773806469020,"message":"","name":"D:\\github\\NEXT Project\\travels\\tests\\models\\Coupon.test.js","startTime":1773806464865,"status":"passed","summary":""},{"assertionResults":[{"ancestorTitles":["Payment API Controller Test Suite"],"duration":614,"failing":false,"failureDetails":[],"failureMessages":[],"fullName":"Payment API Controller Test Suite should successfully initiate a payment order","invocations":1,"location":null,"numPassingAsserts":3,"retryReasons":[],"startAt":1773806466958,"status":"passed","title":"should successfully initiate a payment order"},{"ancestorTitles":["Payment API Controller Test Suite"],"duration":80,"failing":false,"failureDetails":[],"failureMessages":[],"fullName":"Payment API Controller Test Suite should fail verification on bad signature","invocations":1,"location":null,"numPassingAsserts":1,"retryReasons":[],"startAt":1773806467573,"status":"passed","title":"should fail verification on bad signature"}],"endTime":1773806469184,"message":"","name":"D:\\github\\NEXT Project\\travels\\tests\\api\\payment.api.test.js","startTime":1773806461504,"status":"passed","summary":""},{"assertionResults":[{"ancestorTitles":["CategoryService Test Suite"],"duration":88,"failing":false,"failureDetails":[],"failureMessages":[],"fullName":"CategoryService Test Suite should create a new category","invocations":1,"location":null,"numPassingAsserts":2,"retryReasons":[],"startAt":1773806468538,"status":"passed","title":"should create a new category"},{"ancestorTitles":["CategoryService Test Suite"],"duration":62,"failing":false,"failureDetails":[],"failureMessages":[],"fullName":"CategoryService Test Suite should get all categories sorted by name","invocations":1,"location":null,"numPassingAsserts":2,"retryReasons":[],"startAt":1773806468628,"status":"passed","title":"should get all categories sorted by name"},{"ancestorTitles":["CategoryService Test Suite"],"duration":16,"failing":false,"failureDetails":[],"failureMessages":[],"fullName":"CategoryService Test Suite should retrieve a category by ID","invocations":1,"location":null,"numPassingAsserts":1,"retryReasons":[],"startAt":1773806468690,"status":"passed","title":"should retrieve a category by ID"},{"ancestorTitles":["CategoryService Test Suite"],"duration":23,"failing":false,"failureDetails":[],"failureMessages":[],"fullName":"CategoryService Test Suite should update a category and regenerate the slug","invocations":1,"location":null,"numPassingAsserts":2,"retryReasons":[],"startAt":1773806468706,"status":"passed","title":"should update a category and regenerate the slug"},{"ancestorTitles":["CategoryService Test Suite"],"duration":34,"failing":false,"failureDetails":[],"failureMessages":[],"fullName":"CategoryService Test Suite should delete a category","invocations":1,"location":null,"numPassingAsserts":1,"retryReasons":[],"startAt":1773806468729,"status":"passed","title":"should delete a category"}],"endTime":1773806469299,"message":"","name":"D:\\github\\NEXT Project\\travels\\tests\\unit\\CategoryService.test.js","startTime":1773806464806,"status":"passed","summary":""},{"assertionResults":[{"ancestorTitles":["PackageService Test Suite"],"duration":371,"failing":false,"failureDetails":[],"failureMessages":[],"fullName":"PackageService Test Suite should initialize an empty catalog for a new vendor","invocations":1,"location":null,"numPassingAsserts":2,"retryReasons":[],"startAt":1773806467537,"status":"passed","title":"should initialize an empty catalog for a new vendor"},{"ancestorTitles":["PackageService Test Suite"],"duration":62,"failing":false,"failureDetails":[],"failureMessages":[],"fullName":"PackageService Test Suite should add an item to a specific service category","invocations":1,"location":null,"numPassingAsserts":2,"retryReasons":[],"startAt":1773806467910,"status":"passed","title":"should add an item to a specific service category"},{"ancestorTitles":["PackageService Test Suite"],"duration":128,"failing":false,"failureDetails":[],"failureMessages":[],"fullName":"PackageService Test Suite should update an existing service item","invocations":1,"location":null,"numPassingAsserts":1,"retryReasons":[],"startAt":1773806467972,"status":"passed","title":"should update an existing service item"},{"ancestorTitles":["PackageService Test Suite"],"du
[...]
js","startTime":1773806465866,"status":"passed","summary":""},{"assertionResults":[{"ancestorTitles":["CategoryDocumentModel Test Suite"],"duration":31,"failing":false,"failureDetails":[],"failureMessages":[],"fullName":"CategoryDocumentModel Test Suite should fail if missing required name or category_slug","invocations":1,"location":null,"numPassingAsserts":3,"retryReasons":[],"startAt":1773806469812,"status":"passed","title":"should fail if missing required name or category_slug"},{"ancestorTitles":["CategoryDocumentModel Test Suite"],"duration":21,"failing":false,"failureDetails":[],"failureMessages":[],"fullName":"CategoryDocumentModel Test Suite should save a valid CategoryDocument with defaults","invocations":1,"location":null,"numPassingAsserts":3,"retryReasons":[],"startAt":1773806469844,"status":"passed","title":"should save a valid CategoryDocument with defaults"}],"endTime":1773806470394,"message":"","name":"D:\\github\\NEXT Project\\travels\\tests\\models\\CategoryDocument.test.js","startTime":1773806466192,"status":"passed","summary":""},{"assertionResults":[{"ancestorTitles":["StateModel Test Suite"],"duration":97,"failing":false,"failureDetails":[],"failureMessages":[],"fullName":"StateModel Test Suite should require name, code, and country reference","invocations":1,"location":null,"numPassingAsserts":4,"retryReasons":[],"startAt":1773806470486,"status":"passed","title":"should require name, code, and country reference"},{"ancestorTitles":["StateModel Test Suite"],"duration":39,"failing":false,"failureDetails":[],"failureMessages":[],"fullName":"StateModel Test Suite should uppercase code and prevent duplicates within the same country","invocations":1,"location":null,"numPassingAsserts":3,"retryReasons":[],"startAt":1773806470584,"status":"passed","title":"should uppercase code and prevent duplicates within the same country"}],"endTime":1773806471015,"message":"","name":"D:\\github\\NEXT Project\\travels\\tests\\models\\State.test.js","startTime":1773806467094,"status":"passed","summary":""},{"assertionResults":[{"ancestorTitles":["ReviewModel Test Suite"],"duration":56,"failing":false,"failureDetails":[],"failureMessages":[],"fullName":"ReviewModel Test Suite should validate required user and vendor references","invocations":1,"location":null,"numPassingAsserts":3,"retryReasons":[],"startAt":1773806472363,"status":"passed","title":"should validate required user and vendor references"},{"ancestorTitles":["ReviewModel Test Suite"],"duration":15,"failing":false,"failureDetails":[],"failureMessages":[],"fullName":"ReviewModel Test Suite should enforce rating min and max constraints (1-5)","invocations":1,"location":null,"numPassingAsserts":4,"retryReasons":[],"startAt":1773806472421,"status":"passed","title":"should enforce rating min and max constraints (1-5)"},{"ancestorTitles":["ReviewModel Test Suite"],"duration":30,"failing":false,"failureDetails":[],"failureMessages":[],"fullName":"ReviewModel Test Suite should save a valid review","invocations":1,"location":null,"numPassingAsserts":3,"retryReasons":[],"startAt":1773806472436,"status":"passed","title":"should save a valid review"}],"endTime":1773806472737,"message":"","name":"D:\\github\\NEXT Project\\travels\\tests\\models\\Review.test.js","startTime":1773806468959,"status":"passed","summary":""},{"assertionResults":[{"ancestorTitles":["Settings API Integration"],"duration":101,"failing":false,"failureDetails":[],"failureMessages":[],"fullName":"Settings API Integration should fetch settings or create default if not exists","invocations":1,"location":null,"numPassingAsserts":3,"retryReasons":[],"startAt":1773806472115,"status":"passed","title":"should fetch settings or create default if not exists"},{"ancestorTitles":["Settings API Integration"],"duration":50,"failing":false,"failureDetails":[],"failureMessages":[],"fullName":"Settings API Integration should update existing settings","invocations":1,"location":null,"numPassingAsserts":5,"retryReasons":[],"startAt":1773806472217,"status":"passed","title":"should update existing settings"},{"ancestorTitles":["Settings API Integration"],"duration":35,"failing":false,"failureDetails":[],"failureMessages":[],"fullName":"Settings API Integration should create settings if updating but no existing setting found","invocations":1,"location":null,"numPassingAsserts":3,"retryReasons":[],"startAt":1773806472267,"status":"passed","title":"should create settings if updating but no existing setting found"}],"endTime":1773806472739,"message":"","name":"D:\\github\\NEXT Project\\travels\\tests\\api\\settings.api.test.js","startTime":1773806468403,"status":"passed","summary":""},{"assertionResults":[{"ancestorTitles":["Location API Controller Test Suite"],"duration":238,"failing":false,"failureDetails":[],"failureMessages":[],"fullName":"Location API Controller Test Suite should paginate countries based on URL searchParams","invocations":1,"location":null,"numPassingAsserts":4,"retryReasons":[],"startAt":1773806471479,"status":"passed","title":"should paginate countries based on URL searchParams"},{"ancestorTitles":["Location API Controller Test Suite"],"duration":27,"failing":false,"failureDetails":[],"failureMessages":[],"fullName":"Location API Controller Test Suite should get country by parameter id","invocations":1,"location":null,"numPassingAsserts":2,"retryReasons":[],"startAt":1773806471719,"status":"passed","title":"should get country by parameter id"}],"endTime":1773806472752,"message":"","name":"D:\\github\\NEXT Project\\travels\\tests\\api\\location.api.test.js","startTime":1773806467662,"status":"passed","summary":""},{"assertionResults":[{"ancestorTitles":["CategoryDocumentService Test Suite"],"duration":71,"failing":false,"failureDetails":[],"failureMessages":[],"fullName":"CategoryDocumentService Test Suite should create a document successfully","invocations":1,"location":null,"numPassingAsserts":1,"retryReasons":[],"startAt":1773806472350,"status":"passed","title":"should create a document successfully"},{"ancestorTitles":["CategoryDocumentService Test Suite"],"duration":59,"failing":false,"failureDetails":[],"failureMessages":[],"fullName":"CategoryDocumentService Test Suite should return paginated results","invocations":1,"location":null,"numPassingAsserts":3,"retryReasons":[],"startAt":1773806472422,"status":"passed","title":"should return paginated results"},{"ancestorTitles":["CategoryDocumentService Test Suite"],"duration":18,"failing":false,"failureDetails":[],"failureMessages":[],"fullName":"CategoryDocumentService Test Suite should retrieve document by ID","invocations":1,"location":null,"numPassingAsserts":1,"retryReasons":[],"startAt":1773806472481,"status":"passed","title":"should retrieve document by ID"},{"ancestorTitles":["CategoryDocumentService Test Suite"],"duration":22,"failing":false,"failureDetails":[],"failureMessages":[],"fullName":"CategoryDocumentService Test Suite should update document properties","invocations":1,"location":null,"numPassingAsserts":1,"retryReasons":[],"startAt":1773806472500,"status":"passed","title":"should update document properties"},{"ancestorTitles":["CategoryDocumentService Test Suite"],"duration":32,"failing":false,"failureDetails":[],"failureMessages":[],"fullName":"CategoryDocumentService Test Suite should delete the document","invocations":1,"location":null,"numPassingAsserts":1,"retryReasons":[],"startAt":1773806472523,"status":"passed","title":"should delete the document"}],"endTime":1773806472751,"message":"","name":"D:\\github\\NEXT Project\\travels\\tests\\unit\\CategoryDocumentService.test.js","startTime":1773806469040,"status":"passed","summary":""},{"assertionResults":[{"ancestorTitles":["SearchLogModel Test Suite"],"duration":49,"failing":false,"failureDetails":[],"failureMessages":[],"fullName":"SearchLogModel Test Suite should require a query","invocations":1,"location":null,"numPassingAsserts":2,"retryReasons":[],"startAt":1773806472120,"status":"passed","title":"should require a query"},{"ancestorTitles":["SearchLogModel Test Suite"],"duration":23,"failing":false,"failureDetails":[],"failureMessages":[],"fullName":"SearchLogModel Test Suite should trim and lowercase the query string","invocations":1,"location":null,"numPassingAsserts":3,"retryReasons":[],"startAt":1773806472171,"status":"passed","title":"should trim and lowercase the query string"}],"endTime":1773806472816,"message":"","name":"D:\\github\\NEXT Project\\travels\\tests\\models\\SearchLog.test.js","startTime":1773806468748,"status":"passed","summary":""},{"assertionResults":[{"ancestorTitles":["AuditLogModel Test Suite"],"duration":48,"failing":false,"failureDetails":[],"failureMessages":[],"fullName":"AuditLogModel Test Suite should require adminId, action, and target","invocations":1,"location":null,"numPassingAsserts":4,"retryReasons":[],"startAt":1773806472599,"status":"passed","title":"should require adminId, action, and target"},{"ancestorTitles":["AuditLogModel Test Suite"],"duration":25,"failing":false,"failureDetails":[],"failureMessages":[],"fullName":"AuditLogModel Test Suite should uppercase and trim action and target strings","invocations":1,"location":null,"numPassingAsserts":2,"retryReasons":[],"startAt":1773806472649,"status":"passed","title":"should uppercase and trim action and target strings"},{"ancestorTitles":["AuditLogModel Test Suite"],"duration":26,"failing":false,"failureDetails":[],"failureMessages":[],"fullName":"AuditLogModel Test Suite should accept flexible mixed types for details","invocations":1,"location":null,"numPassingAsserts":2,"retryReasons":[],"startAt":1773806472674,"status":"passed","title":"should accept flexible mixed types for details"}],"endTime":1773806473163,"message":"","name":"D:\\github\\NEXT Project\\travels\\tests\\models\\AuditLog.test.js","startTime":1773806469204,"status":"passed","summary":""},{"assertionResults":[{"ancestorTitles":["OCRService Test Suite"],"duration":11,"failing":false,"failureDetails":[],"failureMessages":[],"fullName":"OCRService Test Suite should extract PAN details correctly","invocations":1,"location":null,"numPassingAsserts":5,"retryReasons":[],"startAt":1773806473024,"status":"passed","title":"should extract PAN details correctly"},{"ancestorTitles":["OCRService Test Suite"],"duration":3,"failing":false,"failureDetails":[],"failureMessages":[],"fullName":"OCRService Test Suite should extract Aadhar details correctly","invocations":1,"location":null,"numPassingAsserts":4,"retryReasons":[],"startAt":1773806473036,"status":"passed","title":"should extract Aadhar details correctly"},{"ancestorTitles":["OCRService Test Suite"],"duration":39,"failing":false,"failureDetails":[],"failureMessages":[],"fullName":"OCRService Test Suite should return an error if processing fails","invocations":1,"location":null,"numPassingAsserts":1,"retryReasons":[],"startAt":1773806473039,"status":"passed","title":"should return an error if processing fails"}],"endTime":1773806473373,"message":"","name":"D:\\github\\NEXT Project\\travels\\tests\\unit\\OCRService.test.js","startTime":1773806469334,"status":"passed","summary":""},{"assertionResults":[{"ancestorTitles":["BookingModel Test Suite"],"duration":53,"failing":false,"failureDetails":[],"failureMessages":[],"fullName":"BookingModel Test Suite should fail validation when required references are missing","invocations":1,"location":null,"numPassingAsserts":4,"retryReasons":[],"startAt":1773806473038,"status":"passed","title":"should fail validation when required references are missing"},{"ancestorTitles":["BookingModel Test Suite"],"duration":26,"failing":false,"failureDetails":[],"failureMessages":[],"fullName":"BookingModel Test Suite should create a valid booking with defaults populated","invocations":1,"location":null,"numPassingAsserts":6,"retryReasons":[],"startAt":1773806473096,"status":"passed","title":"should create a valid booking with defaults populated"},{"ancestorTitles":["BookingModel Test Suite"],"duration":9,"failing":false,"failureDetails":[],"failureMessages":[],"fullName":"BookingModel Test Suite should enforce enum restrictions on status fields","invocations":1,"location":null,"numPassingAsserts":3,"retryReasons":[],"startAt":1773806473123,"status":"passed","title":"should enforce enum restrictions on status fields"}],"endTime":1773806473472,"message":"","name":"D:\\github\\NEXT Project\\travels\\tests\\models\\Booking.test.js","startTime":1773806469663,"status":"passed","summary":""},{"assertionResults":[{"ancestorTitles":["VendorDocumentModel Test Suite"],"duration":97,"failing":false,"failureDetails":[],"failureMessages":[],"fullName":"VendorDocumentModel Test Suite should require vendor_id, category_slug, document_slug, and url","invocations":1,"location":null,"numPassingAsserts":5,"retryReasons":[],"startAt":1773806473506,"status":"passed","title":"should require vendor_id, category_slug, document_slug, and url"},{"ancestorTitles":["VendorDocumentModel Test Suite"],"duration":34,"failing":false,"failureDetails":[],"failureMessages":[],"fullName":"VendorDocumentModel Test Suite should enforce unique compound index for vendor and document_slug","invocations":1,"location":null,"numPassingAsserts":2,"retryReasons":[],"startAt":1773806473604,"status":"passed","title":"should enforce unique compound index for vendor and document_slug"}],"endTime":1773806473811,"message":"","name":"D:\\github\\NEXT Project\\travels\\tests\\models\\VendorDocument.test.js","startTime":1773806469988,"status":"passed","summary":""},{"assertionResults":[{"ancestorTitles":["VerifiedIdentityModel Test Suite"],"duration":83,"failing":false,"failureDetails":[],"failureMessages":[],"fullName":"VerifiedIdentityModel Test Suite should require vendor, docType, and idNumber","invocations":1,"location":null,"numPassingAsserts":4,"retryReasons":[],"startAt":1773806473618,"status":"passed","title":"should require vendor, docType, and idNumber"},{"ancestorTitles":["VerifiedIdentityModel Test Suite"],"duration":15,"failing":false,"failureDetails":[],"failureMessages":[],"fullName":"VerifiedIdentityModel Test Suite should enforce docType enum of Aadhar or PAN","invocations":1,"location":null,"numPassingAsserts":2,"retryReasons":[],"startAt":1773806473702,"status":"passed","title":"should enforce docType enum of Aadhar or PAN"},{"ancestorTitles":["VerifiedIdentityModel Test Suite"],"duration":31,"failing":false,"failureDetails":[],"failureMessages":[],"fullName":"VerifiedIdentityModel Test Suite should uniqueness of vendor and docType","invocations":1,"location":null,"numPassingAsserts":2,"retryReasons":[],"startAt":1773806473717,"status":"passed","title":"should uniqueness of vendor and docType"}],"endTime":1773806473935,"message":"","name":"D:\\github\\NEXT Project\\travels\\tests\\models\\VerifiedIdentity.test.js","startTime":1773806470413,"status":"passed","summary":""},{"assertionResults":[{"ancestorTitles":["BannerModel Test Suite"],"duration":43,"failing":false,"failureDetails":[],"failureMessages":[],"fullName":"BannerModel Test Suite should require an imageUrl","invocations":1,"location":null,"numPassingAsserts":2,"retryReasons":[],"startAt":1773806474420,"status":"passed","title":"should require an imageUrl"},{"ancestorTitles":["BannerModel Test Suite"],"duration":19,"failing":false,"failureDetails":[],"failureMessages":[],"fullName":"BannerModel Test Suite should create banner with defaults","invocations":1,"location":null,"numPassingAsserts":2,"retryReasons":[],"startAt":1773806474464,"status":"passed","title":"should create banner with defaults"}],"endTime":1773806474668,"message":"","name":"D:\\github\\NEXT Project\\travels\\tests\\models\\Banner.test.js","startTime":1773806471108,"status":"passed","summary":""},{"assertionResults":[{"ancestorTitles":["SettingModel Test Suite"],"duration":66,"failing":false,"failureDetails":[],"failureMessages":[],"fullName":"SettingModel Test Suite should create a setting document with empty string defaults","invocations":1,"location":null,"numPassingAsserts":4,"retryReasons":[],"startAt":1773806475172,"status":"passed","title":"should create a setting document with empty string defaults"},{"ancestorTitles":["SettingModel Test Suite"],"duration":13,"failing":false,"failureDetails":[],"failureMessages":[],"fullName":"SettingModel Test Suite should save provided configuration values","invocations":1,"location":null,"numPassingAsserts":3,"retryReasons":[],"startAt":1773806475239,"status":"passed","title":"should save provided configuration values"}],"endTime":1773806475438,"message":"","name":"D:\\github\\NEXT Project\\travels\\tests\\models\\Setting.test.js","startTime":1773806472768,"status":"passed","summary":""},{"assertionResults":[{"ancestorTitles":["InquiryModel Test Suite"],"duration":36,"failing":false,"failureDetails":[],"failureMessages":[],"fullName":"InquiryModel Test Suite should require name, email, and message","invocations":1,"location":null,"numPassingAsserts":4,"retryReasons":[],"startAt":1773806475261,"status":"passed","title":"should require name, email, and message"},{"ancestorTitles":["InquiryModel Test Suite"],"duration":42,"failing":false,"failureDetails":[],"failureMessages":[],"fullName":"InquiryModel Test Suite should create an inquiry with pending and medium defaults","invocations":1,"location":null,"numPassingAsserts":2,"retryReasons":[],"startAt":1773806475299,"status":"passed","title":"should create an inquiry with pending and medium defaults"}],"endTime":1773806475551,"message":"","name":"D:\\github\\NEXT Project\\travels\\tests\\models\\Inquiry.test.js","startTime":1773806472767,"status":"passed","summary":""},{"assertionResults":[{"ancestorTitles":["CountryModel Test Suite"],"duration":60,"failing":false,"failureDetails":[],"failureMessages":[],"fullName":"CountryModel Test Suite should require name, isoCode, phoneCode, and currency","invocations":1,"location":null,"numPassingAsserts":5,"retryReasons":[],"startAt":1773806475283,"status":"passed","title":"should require name, isoCode, phoneCode, and currency"},{"ancestorTitles":["CountryModel Test Suite"],"duration":30,"failing":false,"failureDetails":[],"failureMessages":[],"fullName":"CountryModel Test Suite should uppercase isoCode and default to active status","invocations":1,"location":null,"numPassingAsserts":2,"retryReasons":[],"startAt":1773806475345,"status":"passed","title":"should uppercase isoCode and default to active status"}],"endTime":1773806475580,"message":"","name":"D:\\github\\NEXT Project\\travels\\tests\\models\\Country.test.js","startTime":1773806472762,"status":"passed","summary":""},{"assertionResults":[{"ancestorTitles":["RazorpayService Test Suite"],"duration":25,"failing":false,"failureDetails":[],"failureMessages":[],"fullName":"RazorpayService Test Suite should create an order by passing the amount in paise","invocations":1,"location":null,"numPassingAsserts":3,"retryReasons":[],"startAt":1773806475396,"status":"passed","title":"should create an order by passing the amount in paise"},{"ancestorTitles":["RazorpayService Test Suite"],"duration":6,"failing":false,"failureDetails":[],"failureMessages":[],"fullName":"RazorpayService Test Suite should correctly verify a valid webhook/payment signature","invocations":1,"location":null,"numPassingAsserts":1,"retryReasons":[],"startAt":1773806475423,"status":"passed","title":"should correctly verify a valid webhook/payment signature"},{"ancestorTitles":["RazorpayService Test Suite"],"duration":4,"failing":false,"failureDetails":[],"failureMessages":[],"fullName":"RazorpayService Test Suite should reject an invalid signature","invocations":1,"location":null,"numPassingAsserts":1,"retryReasons":[],"startAt":1773806475430,"status":"passed","title":"should reject an invalid signature"}],"endTime":1773806475613,"message":"","name":"D:\\github\\NEXT Project\\travels\\tests\\unit\\RazorpayService.test.js","startTime":1773806472765,"status":"passed","summary":""}],"wasInterrupted":false}
